<?xml version="1.0" encoding="UTF-8"?>
<!-- Generated by org.testng.reporters.JUnitXMLReporter -->
<testsuite hostname="RND-BASE-A" ignored="0" name="Test" tests="3" failures="1" timestamp="07 May 2019 13:04:58 GMT" time="106.046" errors="0">
  <testcase name="TestSearchID" time="26.967" classname="com.NexusPortalAutomation.TestCases.Java.TC0001_VerifySignInbyID">
    <failure type="java.lang.AssertionError" message="expected [0000011111] but found [0]">
      <![CDATA[java.lang.AssertionError: expected [0000011111] but found [0]
at com.NexusPortalAutomation.Utilities.Java.CommonMethods.VerifyString(CommonMethods.java:20)
at com.NexusPortalAutomation.TestCases.Java.TC0001_VerifySignInbyID.TestSearchID(TC0001_VerifySignInbyID.java:30)
... Removed 31 stack frames]]>
    </failure>
  </testcase> <!-- TestSearchID -->
  <testcase name="TestSearchAutobyFirstName" time="34.577" classname="com.NexusPortalAutomation.TestCases.Java.TC0002_VerifySignInbyName"/>
  <testcase name="TestSearchAutobyLastName" time="34.512" classname="com.NexusPortalAutomation.TestCases.Java.TC0002_VerifySignInbyName"/>
</testsuite> <!-- Test -->
