<?xml version="1.0" encoding="utf-8" ?>
<!DOCTYPE html PUBLIC "-//W3C//DTD XHTML 1.0 Strict//EN"
        "http://www.w3.org/TR/xhtml1/DTD/xhtml1-strict.dtd">
<html xmlns="http://www.w3.org/1999/xhtml" xml:lang="" lang="">
<head>
  <title>Test Results Report - NexusTest</title>
  <meta http-equiv="Content-Type" content="text/html;charset=utf-8" />
  <meta name="description" content="TestNG unit test results." />
  <link href="reportng.css" rel="stylesheet" type="text/css" />
    <script type="text/javascript" src="reportng.js"></script>
</head>
<body>
<h1>NexusTest</h1>
<p>
  Test duration: 731.916s
</p>



  <table class="resultsTable">
    <tr><th colspan="3" class="header failed">Failed Tests</th></tr>
          <tr>
        <td colspan="3" class="group">com.NexusPortalAutomation.TestCases.Java.TC0001_VerifySignInbyID</td>
      </tr>
            
<tr>
  <td class="method">
                  TestSearchID
      </td>
  <td class="duration">
    30.640s
  </td>
  <td class="result">
        
    
            <div class="testOutput">
                        Angular Request Completed in 597ms<br />
                                Element [[ChromeDriver: chrome on XP (7d4b55a481d13adefe01c29d04b5effd)] -&gt; id: kc-header-wrapper] displayed in 113ms<br />
                                Login Page Title Verified<br />
                                Element [[ChromeDriver: chrome on XP (7d4b55a481d13adefe01c29d04b5effd)] -&gt; id: username] displayed in 80ms<br />
                                Element [[ChromeDriver: chrome on XP (7d4b55a481d13adefe01c29d04b5effd)] -&gt; id: password] displayed in 74ms<br />
                                Element [[ChromeDriver: chrome on XP (7d4b55a481d13adefe01c29d04b5effd)] -&gt; id: kc-login] displayed in 53ms<br />
                                Angular Request Completed in 21ms<br />
                                User signed Admin<br />
                                Enter Text for Search =0000011111<br />
                                Element [[ChromeDriver: chrome on XP (7d4b55a481d13adefe01c29d04b5effd)] -&gt; id: SRCH_Input] displayed in 68ms<br />
                                Angular request time 1130ms<br />
                                Click Customer<br />
                                Angular request time 2341ms<br />
                                Angular request time 12ms<br />
                                &lt;a href=&quot;F:\FailedTestsScreenshots\TestSearchIDScreenshot-1563203397186.jpg&quot;&gt;&lt;align=&quot;left&quot;&gt;Error screenshot at Mon Jul 15 10:09:57 CDT 2019<br />
                                &lt;img width=&quot;1024&quot; src=&quot;F:\FailedTestsScreenshots\TestSearchIDScreenshot-1563203397186.jpg&quot; alt=&quot;screenshot at Mon Jul 15 10:09:57 CDT 2019&quot;/&gt;&lt;/a&gt;&lt;br /&gt;<br />
                  </div>
    

        <a href="javascript:toggleElement('exception-0', 'block')" title="Click to expand/collapse"><b>java.lang.AssertionError: Customer Id not found expected [true] but found [false]</b></a><br />
    <div class="stackTrace" id="exception-0">
              org.testng.Assert.fail(Assert.java:96)<br />
              org.testng.Assert.failNotEquals(Assert.java:776)<br />
              org.testng.Assert.assertTrue(Assert.java:44)<br />
              com.NexusPortalAutomation.PageObjects.Java.DashBoard.GetLoggedCustomerId(DashBoard.java:1317)<br />
              com.NexusPortalAutomation.TestCases.Java.TC0001_VerifySignInbyID.TestSearchID(TC0001_VerifySignInbyID.java:35)<br />
              sun.reflect.NativeMethodAccessorImpl.invoke0(Native Method)<br />
              sun.reflect.NativeMethodAccessorImpl.invoke(NativeMethodAccessorImpl.java:62)<br />
              sun.reflect.DelegatingMethodAccessorImpl.invoke(DelegatingMethodAccessorImpl.java:43)<br />
              java.lang.reflect.Method.invoke(Method.java:498)<br />
              org.testng.internal.MethodInvocationHelper.invokeMethod(MethodInvocationHelper.java:124)<br />
              org.testng.internal.Invoker.invokeMethod(Invoker.java:583)<br />
              org.testng.internal.Invoker.invokeTestMethod(Invoker.java:719)<br />
              org.testng.internal.Invoker.invokeTestMethods(Invoker.java:989)<br />
              org.testng.internal.TestMethodWorker.invokeTestMethods(TestMethodWorker.java:125)<br />
              org.testng.internal.TestMethodWorker.run(TestMethodWorker.java:109)<br />
              org.testng.TestRunner.privateRun(TestRunner.java:648)<br />
              org.testng.TestRunner.run(TestRunner.java:505)<br />
              org.testng.SuiteRunner.runTest(SuiteRunner.java:455)<br />
              org.testng.SuiteRunner.runSequentially(SuiteRunner.java:450)<br />
              org.testng.SuiteRunner.privateRun(SuiteRunner.java:415)<br />
              org.testng.SuiteRunner.run(SuiteRunner.java:364)<br />
              org.testng.SuiteRunnerWorker.runSuite(SuiteRunnerWorker.java:52)<br />
              org.testng.SuiteRunnerWorker.run(SuiteRunnerWorker.java:84)<br />
              org.testng.TestNG.runSuitesSequentially(TestNG.java:1208)<br />
              org.testng.TestNG.runSuitesLocally(TestNG.java:1137)<br />
              org.testng.TestNG.runSuites(TestNG.java:1049)<br />
              org.testng.TestNG.run(TestNG.java:1017)<br />
              org.apache.maven.surefire.testng.TestNGExecutor.run(TestNGExecutor.java:283)<br />
              org.apache.maven.surefire.testng.TestNGXmlTestSuite.execute(TestNGXmlTestSuite.java:75)<br />
              org.apache.maven.surefire.testng.TestNGProvider.invoke(TestNGProvider.java:120)<br />
              org.apache.maven.surefire.booter.ForkedBooter.invokeProviderInSameClassLoader(ForkedBooter.java:384)<br />
              org.apache.maven.surefire.booter.ForkedBooter.runSuitesInProcess(ForkedBooter.java:345)<br />
              org.apache.maven.surefire.booter.ForkedBooter.execute(ForkedBooter.java:126)<br />
              org.apache.maven.surefire.booter.ForkedBooter.main(ForkedBooter.java:418)<br />
                </div>
      </td>
</tr>
          <tr>
        <td colspan="3" class="group">com.NexusPortalAutomation.TestCases.Java.TC0002_TestSearchAutobyFirstName</td>
      </tr>
            
<tr>
  <td class="method">
                  TestSearchAutobyFirstName
      </td>
  <td class="duration">
    56.226s
  </td>
  <td class="result">
        
    
            <div class="testOutput">
                        Angular Request Completed in 42ms<br />
                                Element [[ChromeDriver: chrome on XP (6a756f79065484c9fd0c6034e12bcd50)] -&gt; id: kc-header-wrapper] displayed in 57ms<br />
                                Login Page Title Verified<br />
                                Element [[ChromeDriver: chrome on XP (6a756f79065484c9fd0c6034e12bcd50)] -&gt; id: username] displayed in 36ms<br />
                                Element [[ChromeDriver: chrome on XP (6a756f79065484c9fd0c6034e12bcd50)] -&gt; id: password] displayed in 34ms<br />
                                Element [[ChromeDriver: chrome on XP (6a756f79065484c9fd0c6034e12bcd50)] -&gt; id: kc-login] displayed in 34ms<br />
                                Angular Request Completed in 33ms<br />
                                User signed Admin<br />
                                Enter Text for Search =Automation Mate<br />
                                Element [[ChromeDriver: chrome on XP (6a756f79065484c9fd0c6034e12bcd50)] -&gt; id: SRCH_Input] displayed in 74ms<br />
                                Angular request time 1135ms<br />
                                Click Customer<br />
                                Angular request time 2555ms<br />
                                &lt;a href=&quot;F:\FailedTestsScreenshots\TestSearchAutobyFirstNameScreenshot-1563203636703.jpg&quot;&gt;&lt;align=&quot;left&quot;&gt;Error screenshot at Mon Jul 15 10:13:57 CDT 2019<br />
                                &lt;img width=&quot;1024&quot; src=&quot;F:\FailedTestsScreenshots\TestSearchAutobyFirstNameScreenshot-1563203636703.jpg&quot; alt=&quot;screenshot at Mon Jul 15 10:13:57 CDT 2019&quot;/&gt;&lt;/a&gt;&lt;br /&gt;<br />
                  </div>
    

        <a href="javascript:toggleElement('exception-1', 'block')" title="Click to expand/collapse"><b>java.lang.AssertionError: Object Not Found expected [true] but found [false]</b></a><br />
    <div class="stackTrace" id="exception-1">
              org.testng.Assert.fail(Assert.java:96)<br />
              org.testng.Assert.failNotEquals(Assert.java:776)<br />
              org.testng.Assert.assertTrue(Assert.java:44)<br />
              com.NexusPortalAutomation.Utilities.Java.CommonMethods.waitForObject(CommonMethods.java:211)<br />
              com.NexusPortalAutomation.PageObjects.Java.DashBoard.getCustomerTitle(DashBoard.java:545)<br />
              com.NexusPortalAutomation.TestCases.Java.TC0002_TestSearchAutobyFirstName.TestSearchAutobyFirstName(TC0002_TestSearchAutobyFirstName.java:36)<br />
              sun.reflect.NativeMethodAccessorImpl.invoke0(Native Method)<br />
              sun.reflect.NativeMethodAccessorImpl.invoke(NativeMethodAccessorImpl.java:62)<br />
              sun.reflect.DelegatingMethodAccessorImpl.invoke(DelegatingMethodAccessorImpl.java:43)<br />
              java.lang.reflect.Method.invoke(Method.java:498)<br />
              org.testng.internal.MethodInvocationHelper.invokeMethod(MethodInvocationHelper.java:124)<br />
              org.testng.internal.Invoker.invokeMethod(Invoker.java:583)<br />
              org.testng.internal.Invoker.invokeTestMethod(Invoker.java:719)<br />
              org.testng.internal.Invoker.invokeTestMethods(Invoker.java:989)<br />
              org.testng.internal.TestMethodWorker.invokeTestMethods(TestMethodWorker.java:125)<br />
              org.testng.internal.TestMethodWorker.run(TestMethodWorker.java:109)<br />
              org.testng.TestRunner.privateRun(TestRunner.java:648)<br />
              org.testng.TestRunner.run(TestRunner.java:505)<br />
              org.testng.SuiteRunner.runTest(SuiteRunner.java:455)<br />
              org.testng.SuiteRunner.runSequentially(SuiteRunner.java:450)<br />
              org.testng.SuiteRunner.privateRun(SuiteRunner.java:415)<br />
              org.testng.SuiteRunner.run(SuiteRunner.java:364)<br />
              org.testng.SuiteRunnerWorker.runSuite(SuiteRunnerWorker.java:52)<br />
              org.testng.SuiteRunnerWorker.run(SuiteRunnerWorker.java:84)<br />
              org.testng.TestNG.runSuitesSequentially(TestNG.java:1208)<br />
              org.testng.TestNG.runSuitesLocally(TestNG.java:1137)<br />
              org.testng.TestNG.runSuites(TestNG.java:1049)<br />
              org.testng.TestNG.run(TestNG.java:1017)<br />
              org.apache.maven.surefire.testng.TestNGExecutor.run(TestNGExecutor.java:283)<br />
              org.apache.maven.surefire.testng.TestNGXmlTestSuite.execute(TestNGXmlTestSuite.java:75)<br />
              org.apache.maven.surefire.testng.TestNGProvider.invoke(TestNGProvider.java:120)<br />
              org.apache.maven.surefire.booter.ForkedBooter.invokeProviderInSameClassLoader(ForkedBooter.java:384)<br />
              org.apache.maven.surefire.booter.ForkedBooter.runSuitesInProcess(ForkedBooter.java:345)<br />
              org.apache.maven.surefire.booter.ForkedBooter.execute(ForkedBooter.java:126)<br />
              org.apache.maven.surefire.booter.ForkedBooter.main(ForkedBooter.java:418)<br />
                </div>
      </td>
</tr>
          <tr>
        <td colspan="3" class="group">com.NexusPortalAutomation.TestCases.Java.TC0003_TestSearchAutobyLastName</td>
      </tr>
            
<tr>
  <td class="method">
                  TestSearchAutobyLastName
      </td>
  <td class="duration">
    51.519s
  </td>
  <td class="result">
        
    
            <div class="testOutput">
                        Angular Request Completed in 44ms<br />
                                Element [[ChromeDriver: chrome on XP (58e837ebfb706c4e8179bf636ea4f246)] -&gt; id: kc-header-wrapper] displayed in 43ms<br />
                                Login Page Title Verified<br />
                                Element [[ChromeDriver: chrome on XP (58e837ebfb706c4e8179bf636ea4f246)] -&gt; id: username] displayed in 33ms<br />
                                Element [[ChromeDriver: chrome on XP (58e837ebfb706c4e8179bf636ea4f246)] -&gt; id: password] displayed in 37ms<br />
                                Element [[ChromeDriver: chrome on XP (58e837ebfb706c4e8179bf636ea4f246)] -&gt; id: kc-login] displayed in 32ms<br />
                                Angular Request Completed in 244ms<br />
                                User signed Admin<br />
                                Enter Text for Search =Mate<br />
                                Element [[ChromeDriver: chrome on XP (58e837ebfb706c4e8179bf636ea4f246)] -&gt; id: SRCH_Input] displayed in 71ms<br />
                                Angular request time 984ms<br />
                                Click Customer<br />
                                Angular request time 3200ms<br />
                                &lt;a href=&quot;F:\FailedTestsScreenshots\TestSearchAutobyLastNameScreenshot-1563203727342.jpg&quot;&gt;&lt;align=&quot;left&quot;&gt;Error screenshot at Mon Jul 15 10:15:27 CDT 2019<br />
                                &lt;img width=&quot;1024&quot; src=&quot;F:\FailedTestsScreenshots\TestSearchAutobyLastNameScreenshot-1563203727342.jpg&quot; alt=&quot;screenshot at Mon Jul 15 10:15:27 CDT 2019&quot;/&gt;&lt;/a&gt;&lt;br /&gt;<br />
                  </div>
    

        <a href="javascript:toggleElement('exception-2', 'block')" title="Click to expand/collapse"><b>java.lang.AssertionError: Object Not Found expected [true] but found [false]</b></a><br />
    <div class="stackTrace" id="exception-2">
              org.testng.Assert.fail(Assert.java:96)<br />
              org.testng.Assert.failNotEquals(Assert.java:776)<br />
              org.testng.Assert.assertTrue(Assert.java:44)<br />
              com.NexusPortalAutomation.Utilities.Java.CommonMethods.waitForObject(CommonMethods.java:211)<br />
              com.NexusPortalAutomation.PageObjects.Java.DashBoard.getCustomerTitle(DashBoard.java:545)<br />
              com.NexusPortalAutomation.TestCases.Java.TC0003_TestSearchAutobyLastName.TestSearchAutobyLastName(TC0003_TestSearchAutobyLastName.java:35)<br />
              sun.reflect.NativeMethodAccessorImpl.invoke0(Native Method)<br />
              sun.reflect.NativeMethodAccessorImpl.invoke(NativeMethodAccessorImpl.java:62)<br />
              sun.reflect.DelegatingMethodAccessorImpl.invoke(DelegatingMethodAccessorImpl.java:43)<br />
              java.lang.reflect.Method.invoke(Method.java:498)<br />
              org.testng.internal.MethodInvocationHelper.invokeMethod(MethodInvocationHelper.java:124)<br />
              org.testng.internal.Invoker.invokeMethod(Invoker.java:583)<br />
              org.testng.internal.Invoker.invokeTestMethod(Invoker.java:719)<br />
              org.testng.internal.Invoker.invokeTestMethods(Invoker.java:989)<br />
              org.testng.internal.TestMethodWorker.invokeTestMethods(TestMethodWorker.java:125)<br />
              org.testng.internal.TestMethodWorker.run(TestMethodWorker.java:109)<br />
              org.testng.TestRunner.privateRun(TestRunner.java:648)<br />
              org.testng.TestRunner.run(TestRunner.java:505)<br />
              org.testng.SuiteRunner.runTest(SuiteRunner.java:455)<br />
              org.testng.SuiteRunner.runSequentially(SuiteRunner.java:450)<br />
              org.testng.SuiteRunner.privateRun(SuiteRunner.java:415)<br />
              org.testng.SuiteRunner.run(SuiteRunner.java:364)<br />
              org.testng.SuiteRunnerWorker.runSuite(SuiteRunnerWorker.java:52)<br />
              org.testng.SuiteRunnerWorker.run(SuiteRunnerWorker.java:84)<br />
              org.testng.TestNG.runSuitesSequentially(TestNG.java:1208)<br />
              org.testng.TestNG.runSuitesLocally(TestNG.java:1137)<br />
              org.testng.TestNG.runSuites(TestNG.java:1049)<br />
              org.testng.TestNG.run(TestNG.java:1017)<br />
              org.apache.maven.surefire.testng.TestNGExecutor.run(TestNGExecutor.java:283)<br />
              org.apache.maven.surefire.testng.TestNGXmlTestSuite.execute(TestNGXmlTestSuite.java:75)<br />
              org.apache.maven.surefire.testng.TestNGProvider.invoke(TestNGProvider.java:120)<br />
              org.apache.maven.surefire.booter.ForkedBooter.invokeProviderInSameClassLoader(ForkedBooter.java:384)<br />
              org.apache.maven.surefire.booter.ForkedBooter.runSuitesInProcess(ForkedBooter.java:345)<br />
              org.apache.maven.surefire.booter.ForkedBooter.execute(ForkedBooter.java:126)<br />
              org.apache.maven.surefire.booter.ForkedBooter.main(ForkedBooter.java:418)<br />
                </div>
      </td>
</tr>
          <tr>
        <td colspan="3" class="group">com.NexusPortalAutomation.TestCases.Java.TC0007_TestSummarySection</td>
      </tr>
            
<tr>
  <td class="method">
                  TestSummarySectionOnChange
      </td>
  <td class="duration">
    23.033s
  </td>
  <td class="result">
        
    
            <div class="testOutput">
                        Angular Request Completed in 54ms<br />
                                Element [[ChromeDriver: chrome on XP (f1afecac7443cd38ed4e96bc4c6e3e76)] -&gt; id: kc-header-wrapper] displayed in 32ms<br />
                                Login Page Title Verified<br />
                                Element [[ChromeDriver: chrome on XP (f1afecac7443cd38ed4e96bc4c6e3e76)] -&gt; id: username] displayed in 31ms<br />
                                Element [[ChromeDriver: chrome on XP (f1afecac7443cd38ed4e96bc4c6e3e76)] -&gt; id: password] displayed in 35ms<br />
                                Element [[ChromeDriver: chrome on XP (f1afecac7443cd38ed4e96bc4c6e3e76)] -&gt; id: kc-login] displayed in 40ms<br />
                                Angular Request Completed in 13ms<br />
                                User signed Admin<br />
                                Element &apos;//input[@id=&apos;SRCH_Input&apos;]&apos; is displayed in 51ms<br />
                                Element &apos;toolbar-saved&apos; is displayed in 45ms<br />
                                Angular Request Completed in 8ms<br />
                                Enter Text for Search =Automation<br />
                                Element [[ChromeDriver: chrome on XP (f1afecac7443cd38ed4e96bc4c6e3e76)] -&gt; id: SRCH_Input] displayed in 22ms<br />
                                Angular request time 861ms<br />
                                Click Customer<br />
                                Angular request time 1738ms<br />
                                Element &apos;//div[@class=&apos;address-details&apos;]&apos; is displayed in 42ms<br />
                                Angular request time 9ms<br />
                                &lt;a href=&quot;F:\FailedTestsScreenshots\TestSummarySectionOnChangeScreenshot-1563203576867.jpg&quot;&gt;&lt;align=&quot;left&quot;&gt;Error screenshot at Mon Jul 15 10:12:57 CDT 2019<br />
                                &lt;img width=&quot;1024&quot; src=&quot;F:\FailedTestsScreenshots\TestSummarySectionOnChangeScreenshot-1563203576867.jpg&quot; alt=&quot;screenshot at Mon Jul 15 10:12:57 CDT 2019&quot;/&gt;&lt;/a&gt;&lt;br /&gt;<br />
                  </div>
    

        <a href="javascript:toggleElement('exception-3', 'block')" title="Click to expand/collapse"><b>java.lang.AssertionError: Customer Name not found = expected [true] but found [false]</b></a><br />
    <div class="stackTrace" id="exception-3">
              org.testng.Assert.fail(Assert.java:96)<br />
              org.testng.Assert.failNotEquals(Assert.java:776)<br />
              org.testng.Assert.assertTrue(Assert.java:44)<br />
              com.NexusPortalAutomation.PageObjects.Java.DashBoard.GetLoggedCustomerName(DashBoard.java:1350)<br />
              com.NexusPortalAutomation.TestCases.Java.TC0007_TestSummarySection.TestSummarySectionOnChange(TC0007_TestSummarySection.java:39)<br />
              sun.reflect.NativeMethodAccessorImpl.invoke0(Native Method)<br />
              sun.reflect.NativeMethodAccessorImpl.invoke(NativeMethodAccessorImpl.java:62)<br />
              sun.reflect.DelegatingMethodAccessorImpl.invoke(DelegatingMethodAccessorImpl.java:43)<br />
              java.lang.reflect.Method.invoke(Method.java:498)<br />
              org.testng.internal.MethodInvocationHelper.invokeMethod(MethodInvocationHelper.java:124)<br />
              org.testng.internal.Invoker.invokeMethod(Invoker.java:583)<br />
              org.testng.internal.Invoker.invokeTestMethod(Invoker.java:719)<br />
              org.testng.internal.Invoker.invokeTestMethods(Invoker.java:989)<br />
              org.testng.internal.TestMethodWorker.invokeTestMethods(TestMethodWorker.java:125)<br />
              org.testng.internal.TestMethodWorker.run(TestMethodWorker.java:109)<br />
              org.testng.TestRunner.privateRun(TestRunner.java:648)<br />
              org.testng.TestRunner.run(TestRunner.java:505)<br />
              org.testng.SuiteRunner.runTest(SuiteRunner.java:455)<br />
              org.testng.SuiteRunner.runSequentially(SuiteRunner.java:450)<br />
              org.testng.SuiteRunner.privateRun(SuiteRunner.java:415)<br />
              org.testng.SuiteRunner.run(SuiteRunner.java:364)<br />
              org.testng.SuiteRunnerWorker.runSuite(SuiteRunnerWorker.java:52)<br />
              org.testng.SuiteRunnerWorker.run(SuiteRunnerWorker.java:84)<br />
              org.testng.TestNG.runSuitesSequentially(TestNG.java:1208)<br />
              org.testng.TestNG.runSuitesLocally(TestNG.java:1137)<br />
              org.testng.TestNG.runSuites(TestNG.java:1049)<br />
              org.testng.TestNG.run(TestNG.java:1017)<br />
              org.apache.maven.surefire.testng.TestNGExecutor.run(TestNGExecutor.java:283)<br />
              org.apache.maven.surefire.testng.TestNGXmlTestSuite.execute(TestNGXmlTestSuite.java:75)<br />
              org.apache.maven.surefire.testng.TestNGProvider.invoke(TestNGProvider.java:120)<br />
              org.apache.maven.surefire.booter.ForkedBooter.invokeProviderInSameClassLoader(ForkedBooter.java:384)<br />
              org.apache.maven.surefire.booter.ForkedBooter.runSuitesInProcess(ForkedBooter.java:345)<br />
              org.apache.maven.surefire.booter.ForkedBooter.execute(ForkedBooter.java:126)<br />
              org.apache.maven.surefire.booter.ForkedBooter.main(ForkedBooter.java:418)<br />
                </div>
      </td>
</tr>
          <tr>
        <td colspan="3" class="group">com.NexusPortalAutomation.TestCases.Java.TC0008_VerifySignInbyLocationID</td>
      </tr>
            
<tr>
  <td class="method">
                  TestSearchbyLocationID
      </td>
  <td class="duration">
    19.568s
  </td>
  <td class="result">
        
    
            <div class="testOutput">
                        Angular Request Completed in 116ms<br />
                                Element [[ChromeDriver: chrome on XP (20518f539676e901d084f0db8f405ba0)] -&gt; id: kc-header-wrapper] displayed in 92ms<br />
                                Login Page Title Verified<br />
                                Element [[ChromeDriver: chrome on XP (20518f539676e901d084f0db8f405ba0)] -&gt; id: username] displayed in 49ms<br />
                                Element [[ChromeDriver: chrome on XP (20518f539676e901d084f0db8f405ba0)] -&gt; id: password] displayed in 65ms<br />
                                Element [[ChromeDriver: chrome on XP (20518f539676e901d084f0db8f405ba0)] -&gt; id: kc-login] displayed in 59ms<br />
                                Angular Request Completed in 17ms<br />
                                User signed Admin<br />
                                Enter Text for Search =LOC@0001<br />
                                Element [[ChromeDriver: chrome on XP (20518f539676e901d084f0db8f405ba0)] -&gt; id: SRCH_Input] displayed in 88ms<br />
                                Angular request time 1099ms<br />
                                Click Customer<br />
                                Angular request time 2735ms<br />
                                Angular request time 24ms<br />
                                Element [[ChromeDriver: chrome on XP (20518f539676e901d084f0db8f405ba0)] -&gt; id: &apos;LOC_Location_Id&apos;] displayed in 60ms<br />
                                get Text Text CustomerLocId<br />
                                Angular request time 16ms<br />
                                Customer Location Id found LOC00012<br />
                                Strings Not Matched: LOC@0001 != LOC00012<br />
                                &lt;a href=&quot;F:\FailedTestsScreenshots\TestSearchbyLocationIDScreenshot-1563203237951.jpg&quot;&gt;&lt;align=&quot;left&quot;&gt;Error screenshot at Mon Jul 15 10:07:18 CDT 2019<br />
                                &lt;img width=&quot;1024&quot; src=&quot;F:\FailedTestsScreenshots\TestSearchbyLocationIDScreenshot-1563203237951.jpg&quot; alt=&quot;screenshot at Mon Jul 15 10:07:18 CDT 2019&quot;/&gt;&lt;/a&gt;&lt;br /&gt;<br />
                  </div>
    

        <a href="javascript:toggleElement('exception-4', 'block')" title="Click to expand/collapse"><b>java.lang.AssertionError: expected [LOC@0001] but found [LOC00012]</b></a><br />
    <div class="stackTrace" id="exception-4">
              org.testng.Assert.fail(Assert.java:96)<br />
              org.testng.Assert.failNotEquals(Assert.java:776)<br />
              org.testng.Assert.assertEqualsImpl(Assert.java:137)<br />
              org.testng.Assert.assertEquals(Assert.java:118)<br />
              org.testng.Assert.assertEquals(Assert.java:453)<br />
              org.testng.Assert.assertEquals(Assert.java:463)<br />
              com.NexusPortalAutomation.Utilities.Java.CommonMethods.VerifyString(CommonMethods.java:65)<br />
              com.NexusPortalAutomation.TestCases.Java.TC0008_VerifySignInbyLocationID.TestSearchbyLocationID(TC0008_VerifySignInbyLocationID.java:39)<br />
              sun.reflect.NativeMethodAccessorImpl.invoke0(Native Method)<br />
              sun.reflect.NativeMethodAccessorImpl.invoke(NativeMethodAccessorImpl.java:62)<br />
              sun.reflect.DelegatingMethodAccessorImpl.invoke(DelegatingMethodAccessorImpl.java:43)<br />
              java.lang.reflect.Method.invoke(Method.java:498)<br />
              org.testng.internal.MethodInvocationHelper.invokeMethod(MethodInvocationHelper.java:124)<br />
              org.testng.internal.Invoker.invokeMethod(Invoker.java:583)<br />
              org.testng.internal.Invoker.invokeTestMethod(Invoker.java:719)<br />
              org.testng.internal.Invoker.invokeTestMethods(Invoker.java:989)<br />
              org.testng.internal.TestMethodWorker.invokeTestMethods(TestMethodWorker.java:125)<br />
              org.testng.internal.TestMethodWorker.run(TestMethodWorker.java:109)<br />
              org.testng.TestRunner.privateRun(TestRunner.java:648)<br />
              org.testng.TestRunner.run(TestRunner.java:505)<br />
              org.testng.SuiteRunner.runTest(SuiteRunner.java:455)<br />
              org.testng.SuiteRunner.runSequentially(SuiteRunner.java:450)<br />
              org.testng.SuiteRunner.privateRun(SuiteRunner.java:415)<br />
              org.testng.SuiteRunner.run(SuiteRunner.java:364)<br />
              org.testng.SuiteRunnerWorker.runSuite(SuiteRunnerWorker.java:52)<br />
              org.testng.SuiteRunnerWorker.run(SuiteRunnerWorker.java:84)<br />
              org.testng.TestNG.runSuitesSequentially(TestNG.java:1208)<br />
              org.testng.TestNG.runSuitesLocally(TestNG.java:1137)<br />
              org.testng.TestNG.runSuites(TestNG.java:1049)<br />
              org.testng.TestNG.run(TestNG.java:1017)<br />
              org.apache.maven.surefire.testng.TestNGExecutor.run(TestNGExecutor.java:283)<br />
              org.apache.maven.surefire.testng.TestNGXmlTestSuite.execute(TestNGXmlTestSuite.java:75)<br />
              org.apache.maven.surefire.testng.TestNGProvider.invoke(TestNGProvider.java:120)<br />
              org.apache.maven.surefire.booter.ForkedBooter.invokeProviderInSameClassLoader(ForkedBooter.java:384)<br />
              org.apache.maven.surefire.booter.ForkedBooter.runSuitesInProcess(ForkedBooter.java:345)<br />
              org.apache.maven.surefire.booter.ForkedBooter.execute(ForkedBooter.java:126)<br />
              org.apache.maven.surefire.booter.ForkedBooter.main(ForkedBooter.java:418)<br />
                </div>
      </td>
</tr>
          <tr>
        <td colspan="3" class="group">com.NexusPortalAutomation.TestCases.Java.TC0010_VerifyCustomerDetails</td>
      </tr>
            
<tr>
  <td class="method">
                  TestCustomerDetails
      </td>
  <td class="duration">
    18.409s
  </td>
  <td class="result">
        
    
            <div class="testOutput">
                        Angular Request Completed in 26ms<br />
                                Element [[ChromeDriver: chrome on XP (dea8eaeff6ffbf6ad42c98927de62c65)] -&gt; id: kc-header-wrapper] displayed in 248ms<br />
                                Login Page Title Verified<br />
                                Element [[ChromeDriver: chrome on XP (dea8eaeff6ffbf6ad42c98927de62c65)] -&gt; id: username] displayed in 103ms<br />
                                Element [[ChromeDriver: chrome on XP (dea8eaeff6ffbf6ad42c98927de62c65)] -&gt; id: password] displayed in 114ms<br />
                                Element [[ChromeDriver: chrome on XP (dea8eaeff6ffbf6ad42c98927de62c65)] -&gt; id: kc-login] displayed in 137ms<br />
                                Angular Request Completed in 31ms<br />
                                User signed Admin<br />
                                Enter Text for Search =LOC@0001<br />
                                Element [[ChromeDriver: chrome on XP (dea8eaeff6ffbf6ad42c98927de62c65)] -&gt; id: SRCH_Input] displayed in 68ms<br />
                                Angular request time 1026ms<br />
                                Click Customer<br />
                                Angular request time 2307ms<br />
                                Angular request time 12ms<br />
                                Element [[ChromeDriver: chrome on XP (dea8eaeff6ffbf6ad42c98927de62c65)] -&gt; id: &apos;LOC_Location_Id&apos;] displayed in 51ms<br />
                                get Text Text CustomerLocId<br />
                                Angular request time 12ms<br />
                                Customer Location Id found LOC00012<br />
                                Strings Not Matched: LOC@0001 != LOC00012<br />
                                &lt;a href=&quot;F:\FailedTestsScreenshots\TestCustomerDetailsScreenshot-1563203133330.jpg&quot;&gt;&lt;align=&quot;left&quot;&gt;Error screenshot at Mon Jul 15 10:05:33 CDT 2019<br />
                                &lt;img width=&quot;1024&quot; src=&quot;F:\FailedTestsScreenshots\TestCustomerDetailsScreenshot-1563203133330.jpg&quot; alt=&quot;screenshot at Mon Jul 15 10:05:33 CDT 2019&quot;/&gt;&lt;/a&gt;&lt;br /&gt;<br />
                  </div>
    

        <a href="javascript:toggleElement('exception-5', 'block')" title="Click to expand/collapse"><b>java.lang.AssertionError: expected [LOC@0001] but found [LOC00012]</b></a><br />
    <div class="stackTrace" id="exception-5">
              org.testng.Assert.fail(Assert.java:96)<br />
              org.testng.Assert.failNotEquals(Assert.java:776)<br />
              org.testng.Assert.assertEqualsImpl(Assert.java:137)<br />
              org.testng.Assert.assertEquals(Assert.java:118)<br />
              org.testng.Assert.assertEquals(Assert.java:453)<br />
              org.testng.Assert.assertEquals(Assert.java:463)<br />
              com.NexusPortalAutomation.Utilities.Java.CommonMethods.VerifyString(CommonMethods.java:65)<br />
              com.NexusPortalAutomation.TestCases.Java.TC0010_VerifyCustomerDetails.TestCustomerDetails(TC0010_VerifyCustomerDetails.java:42)<br />
              sun.reflect.NativeMethodAccessorImpl.invoke0(Native Method)<br />
              sun.reflect.NativeMethodAccessorImpl.invoke(NativeMethodAccessorImpl.java:62)<br />
              sun.reflect.DelegatingMethodAccessorImpl.invoke(DelegatingMethodAccessorImpl.java:43)<br />
              java.lang.reflect.Method.invoke(Method.java:498)<br />
              org.testng.internal.MethodInvocationHelper.invokeMethod(MethodInvocationHelper.java:124)<br />
              org.testng.internal.Invoker.invokeMethod(Invoker.java:583)<br />
              org.testng.internal.Invoker.invokeTestMethod(Invoker.java:719)<br />
              org.testng.internal.Invoker.invokeTestMethods(Invoker.java:989)<br />
              org.testng.internal.TestMethodWorker.invokeTestMethods(TestMethodWorker.java:125)<br />
              org.testng.internal.TestMethodWorker.run(TestMethodWorker.java:109)<br />
              org.testng.TestRunner.privateRun(TestRunner.java:648)<br />
              org.testng.TestRunner.run(TestRunner.java:505)<br />
              org.testng.SuiteRunner.runTest(SuiteRunner.java:455)<br />
              org.testng.SuiteRunner.runSequentially(SuiteRunner.java:450)<br />
              org.testng.SuiteRunner.privateRun(SuiteRunner.java:415)<br />
              org.testng.SuiteRunner.run(SuiteRunner.java:364)<br />
              org.testng.SuiteRunnerWorker.runSuite(SuiteRunnerWorker.java:52)<br />
              org.testng.SuiteRunnerWorker.run(SuiteRunnerWorker.java:84)<br />
              org.testng.TestNG.runSuitesSequentially(TestNG.java:1208)<br />
              org.testng.TestNG.runSuitesLocally(TestNG.java:1137)<br />
              org.testng.TestNG.runSuites(TestNG.java:1049)<br />
              org.testng.TestNG.run(TestNG.java:1017)<br />
              org.apache.maven.surefire.testng.TestNGExecutor.run(TestNGExecutor.java:283)<br />
              org.apache.maven.surefire.testng.TestNGXmlTestSuite.execute(TestNGXmlTestSuite.java:75)<br />
              org.apache.maven.surefire.testng.TestNGProvider.invoke(TestNGProvider.java:120)<br />
              org.apache.maven.surefire.booter.ForkedBooter.invokeProviderInSameClassLoader(ForkedBooter.java:384)<br />
              org.apache.maven.surefire.booter.ForkedBooter.runSuitesInProcess(ForkedBooter.java:345)<br />
              org.apache.maven.surefire.booter.ForkedBooter.execute(ForkedBooter.java:126)<br />
              org.apache.maven.surefire.booter.ForkedBooter.main(ForkedBooter.java:418)<br />
                </div>
      </td>
</tr>
          <tr>
        <td colspan="3" class="group">com.NexusPortalAutomation.TestCases.Java.TC0012_VerifyCreditStatus</td>
      </tr>
            
<tr>
  <td class="method">
                  TestCreditStatus
      </td>
  <td class="duration">
    22.637s
  </td>
  <td class="result">
        
    
            <div class="testOutput">
                        Angular Request Completed in 309ms<br />
                                Element [[ChromeDriver: chrome on XP (00041fd650919e9ca9f47c6a6dbaac4e)] -&gt; id: kc-header-wrapper] displayed in 222ms<br />
                                Login Page Title Verified<br />
                                Element [[ChromeDriver: chrome on XP (00041fd650919e9ca9f47c6a6dbaac4e)] -&gt; id: username] displayed in 340ms<br />
                                Element [[ChromeDriver: chrome on XP (00041fd650919e9ca9f47c6a6dbaac4e)] -&gt; id: password] displayed in 209ms<br />
                                Element [[ChromeDriver: chrome on XP (00041fd650919e9ca9f47c6a6dbaac4e)] -&gt; id: kc-login] displayed in 51ms<br />
                                Angular Request Completed in 24ms<br />
                                User signed Admin<br />
                                Enter Text for Search =LOC@0001<br />
                                Element [[ChromeDriver: chrome on XP (00041fd650919e9ca9f47c6a6dbaac4e)] -&gt; id: SRCH_Input] displayed in 81ms<br />
                                Angular request time 936ms<br />
                                Click Customer<br />
                                Angular request time 1750ms<br />
                                Angular request time 11ms<br />
                                Element [[ChromeDriver: chrome on XP (00041fd650919e9ca9f47c6a6dbaac4e)] -&gt; id: &apos;LOC_Location_Id&apos;] displayed in 62ms<br />
                                get Text Text CustomerLocId<br />
                                Angular request time 22ms<br />
                                Customer Location Id found LOC00012<br />
                                Strings Not Matched: LOC@0001 != LOC00012<br />
                                &lt;a href=&quot;F:\FailedTestsScreenshots\TestCreditStatusScreenshot-1563203363124.jpg&quot;&gt;&lt;align=&quot;left&quot;&gt;Error screenshot at Mon Jul 15 10:09:23 CDT 2019<br />
                                &lt;img width=&quot;1024&quot; src=&quot;F:\FailedTestsScreenshots\TestCreditStatusScreenshot-1563203363124.jpg&quot; alt=&quot;screenshot at Mon Jul 15 10:09:23 CDT 2019&quot;/&gt;&lt;/a&gt;&lt;br /&gt;<br />
                  </div>
    

        <a href="javascript:toggleElement('exception-6', 'block')" title="Click to expand/collapse"><b>java.lang.AssertionError: expected [LOC@0001] but found [LOC00012]</b></a><br />
    <div class="stackTrace" id="exception-6">
              org.testng.Assert.fail(Assert.java:96)<br />
              org.testng.Assert.failNotEquals(Assert.java:776)<br />
              org.testng.Assert.assertEqualsImpl(Assert.java:137)<br />
              org.testng.Assert.assertEquals(Assert.java:118)<br />
              org.testng.Assert.assertEquals(Assert.java:453)<br />
              org.testng.Assert.assertEquals(Assert.java:463)<br />
              com.NexusPortalAutomation.Utilities.Java.CommonMethods.VerifyString(CommonMethods.java:65)<br />
              com.NexusPortalAutomation.TestCases.Java.TC0012_VerifyCreditStatus.TestCreditStatus(TC0012_VerifyCreditStatus.java:35)<br />
              sun.reflect.NativeMethodAccessorImpl.invoke0(Native Method)<br />
              sun.reflect.NativeMethodAccessorImpl.invoke(NativeMethodAccessorImpl.java:62)<br />
              sun.reflect.DelegatingMethodAccessorImpl.invoke(DelegatingMethodAccessorImpl.java:43)<br />
              java.lang.reflect.Method.invoke(Method.java:498)<br />
              org.testng.internal.MethodInvocationHelper.invokeMethod(MethodInvocationHelper.java:124)<br />
              org.testng.internal.Invoker.invokeMethod(Invoker.java:583)<br />
              org.testng.internal.Invoker.invokeTestMethod(Invoker.java:719)<br />
              org.testng.internal.Invoker.invokeTestMethods(Invoker.java:989)<br />
              org.testng.internal.TestMethodWorker.invokeTestMethods(TestMethodWorker.java:125)<br />
              org.testng.internal.TestMethodWorker.run(TestMethodWorker.java:109)<br />
              org.testng.TestRunner.privateRun(TestRunner.java:648)<br />
              org.testng.TestRunner.run(TestRunner.java:505)<br />
              org.testng.SuiteRunner.runTest(SuiteRunner.java:455)<br />
              org.testng.SuiteRunner.runSequentially(SuiteRunner.java:450)<br />
              org.testng.SuiteRunner.privateRun(SuiteRunner.java:415)<br />
              org.testng.SuiteRunner.run(SuiteRunner.java:364)<br />
              org.testng.SuiteRunnerWorker.runSuite(SuiteRunnerWorker.java:52)<br />
              org.testng.SuiteRunnerWorker.run(SuiteRunnerWorker.java:84)<br />
              org.testng.TestNG.runSuitesSequentially(TestNG.java:1208)<br />
              org.testng.TestNG.runSuitesLocally(TestNG.java:1137)<br />
              org.testng.TestNG.runSuites(TestNG.java:1049)<br />
              org.testng.TestNG.run(TestNG.java:1017)<br />
              org.apache.maven.surefire.testng.TestNGExecutor.run(TestNGExecutor.java:283)<br />
              org.apache.maven.surefire.testng.TestNGXmlTestSuite.execute(TestNGXmlTestSuite.java:75)<br />
              org.apache.maven.surefire.testng.TestNGProvider.invoke(TestNGProvider.java:120)<br />
              org.apache.maven.surefire.booter.ForkedBooter.invokeProviderInSameClassLoader(ForkedBooter.java:384)<br />
              org.apache.maven.surefire.booter.ForkedBooter.runSuitesInProcess(ForkedBooter.java:345)<br />
              org.apache.maven.surefire.booter.ForkedBooter.execute(ForkedBooter.java:126)<br />
              org.apache.maven.surefire.booter.ForkedBooter.main(ForkedBooter.java:418)<br />
                </div>
      </td>
</tr>
          <tr>
        <td colspan="3" class="group">com.NexusPortalAutomation.TestCases.Java.TC0013_VerifyContactEdit</td>
      </tr>
            
<tr>
  <td class="method">
                  TestContactEdit
      </td>
  <td class="duration">
    18.540s
  </td>
  <td class="result">
        
    
            <div class="testOutput">
                        Angular Request Completed in 50ms<br />
                                Element [[ChromeDriver: chrome on XP (60db08c98ca6bf67ce43dbcfc0d4d1cc)] -&gt; id: kc-header-wrapper] displayed in 57ms<br />
                                Login Page Title Verified<br />
                                Element [[ChromeDriver: chrome on XP (60db08c98ca6bf67ce43dbcfc0d4d1cc)] -&gt; id: username] displayed in 49ms<br />
                                Element [[ChromeDriver: chrome on XP (60db08c98ca6bf67ce43dbcfc0d4d1cc)] -&gt; id: password] displayed in 50ms<br />
                                Element [[ChromeDriver: chrome on XP (60db08c98ca6bf67ce43dbcfc0d4d1cc)] -&gt; id: kc-login] displayed in 62ms<br />
                                Angular Request Completed in 47ms<br />
                                User signed Admin<br />
                                Enter Text for Search =LOC@0004<br />
                                Element [[ChromeDriver: chrome on XP (60db08c98ca6bf67ce43dbcfc0d4d1cc)] -&gt; id: SRCH_Input] displayed in 87ms<br />
                                Angular request time 1054ms<br />
                                Click Customer<br />
                                Angular request time 2175ms<br />
                                Angular request time 12ms<br />
                                Element [[ChromeDriver: chrome on XP (60db08c98ca6bf67ce43dbcfc0d4d1cc)] -&gt; id: &apos;LOC_Location_Id&apos;] displayed in 47ms<br />
                                get Text Text CustomerLocId<br />
                                Angular request time 9ms<br />
                                Customer Location Id found LOC00012<br />
                                Strings Not Matched: LOC@0004 != LOC00012<br />
                                &lt;a href=&quot;F:\FailedTestsScreenshots\TestContactEditScreenshot-1563203309914.jpg&quot;&gt;&lt;align=&quot;left&quot;&gt;Error screenshot at Mon Jul 15 10:08:30 CDT 2019<br />
                                &lt;img width=&quot;1024&quot; src=&quot;F:\FailedTestsScreenshots\TestContactEditScreenshot-1563203309914.jpg&quot; alt=&quot;screenshot at Mon Jul 15 10:08:30 CDT 2019&quot;/&gt;&lt;/a&gt;&lt;br /&gt;<br />
                  </div>
    

        <a href="javascript:toggleElement('exception-7', 'block')" title="Click to expand/collapse"><b>java.lang.AssertionError: expected [LOC@0004] but found [LOC00012]</b></a><br />
    <div class="stackTrace" id="exception-7">
              org.testng.Assert.fail(Assert.java:96)<br />
              org.testng.Assert.failNotEquals(Assert.java:776)<br />
              org.testng.Assert.assertEqualsImpl(Assert.java:137)<br />
              org.testng.Assert.assertEquals(Assert.java:118)<br />
              org.testng.Assert.assertEquals(Assert.java:453)<br />
              org.testng.Assert.assertEquals(Assert.java:463)<br />
              com.NexusPortalAutomation.Utilities.Java.CommonMethods.VerifyString(CommonMethods.java:65)<br />
              com.NexusPortalAutomation.TestCases.Java.TC0013_VerifyContactEdit.TestContactEdit(TC0013_VerifyContactEdit.java:41)<br />
              sun.reflect.NativeMethodAccessorImpl.invoke0(Native Method)<br />
              sun.reflect.NativeMethodAccessorImpl.invoke(NativeMethodAccessorImpl.java:62)<br />
              sun.reflect.DelegatingMethodAccessorImpl.invoke(DelegatingMethodAccessorImpl.java:43)<br />
              java.lang.reflect.Method.invoke(Method.java:498)<br />
              org.testng.internal.MethodInvocationHelper.invokeMethod(MethodInvocationHelper.java:124)<br />
              org.testng.internal.Invoker.invokeMethod(Invoker.java:583)<br />
              org.testng.internal.Invoker.invokeTestMethod(Invoker.java:719)<br />
              org.testng.internal.Invoker.invokeTestMethods(Invoker.java:989)<br />
              org.testng.internal.TestMethodWorker.invokeTestMethods(TestMethodWorker.java:125)<br />
              org.testng.internal.TestMethodWorker.run(TestMethodWorker.java:109)<br />
              org.testng.TestRunner.privateRun(TestRunner.java:648)<br />
              org.testng.TestRunner.run(TestRunner.java:505)<br />
              org.testng.SuiteRunner.runTest(SuiteRunner.java:455)<br />
              org.testng.SuiteRunner.runSequentially(SuiteRunner.java:450)<br />
              org.testng.SuiteRunner.privateRun(SuiteRunner.java:415)<br />
              org.testng.SuiteRunner.run(SuiteRunner.java:364)<br />
              org.testng.SuiteRunnerWorker.runSuite(SuiteRunnerWorker.java:52)<br />
              org.testng.SuiteRunnerWorker.run(SuiteRunnerWorker.java:84)<br />
              org.testng.TestNG.runSuitesSequentially(TestNG.java:1208)<br />
              org.testng.TestNG.runSuitesLocally(TestNG.java:1137)<br />
              org.testng.TestNG.runSuites(TestNG.java:1049)<br />
              org.testng.TestNG.run(TestNG.java:1017)<br />
              org.apache.maven.surefire.testng.TestNGExecutor.run(TestNGExecutor.java:283)<br />
              org.apache.maven.surefire.testng.TestNGXmlTestSuite.execute(TestNGXmlTestSuite.java:75)<br />
              org.apache.maven.surefire.testng.TestNGProvider.invoke(TestNGProvider.java:120)<br />
              org.apache.maven.surefire.booter.ForkedBooter.invokeProviderInSameClassLoader(ForkedBooter.java:384)<br />
              org.apache.maven.surefire.booter.ForkedBooter.runSuitesInProcess(ForkedBooter.java:345)<br />
              org.apache.maven.surefire.booter.ForkedBooter.execute(ForkedBooter.java:126)<br />
              org.apache.maven.surefire.booter.ForkedBooter.main(ForkedBooter.java:418)<br />
                </div>
      </td>
</tr>
          <tr>
        <td colspan="3" class="group">com.NexusPortalAutomation.TestCases.Java.TC0014_VerifySecondaryContact</td>
      </tr>
            
<tr>
  <td class="method">
                  TestSecondayContact
      </td>
  <td class="duration">
    18.482s
  </td>
  <td class="result">
        
    
            <div class="testOutput">
                        Angular Request Completed in 50ms<br />
                                Element [[ChromeDriver: chrome on XP (489c361a9d7576502f14adbcfe7db735)] -&gt; id: kc-header-wrapper] displayed in 45ms<br />
                                Login Page Title Verified<br />
                                Element [[ChromeDriver: chrome on XP (489c361a9d7576502f14adbcfe7db735)] -&gt; id: username] displayed in 44ms<br />
                                Element [[ChromeDriver: chrome on XP (489c361a9d7576502f14adbcfe7db735)] -&gt; id: password] displayed in 43ms<br />
                                Element [[ChromeDriver: chrome on XP (489c361a9d7576502f14adbcfe7db735)] -&gt; id: kc-login] displayed in 47ms<br />
                                Angular Request Completed in 15ms<br />
                                User signed Admin<br />
                                Enter Text for Search =LOC@0004<br />
                                Element [[ChromeDriver: chrome on XP (489c361a9d7576502f14adbcfe7db735)] -&gt; id: SRCH_Input] displayed in 81ms<br />
                                Angular request time 1076ms<br />
                                Click Customer<br />
                                Angular request time 2133ms<br />
                                Angular request time 11ms<br />
                                Element [[ChromeDriver: chrome on XP (489c361a9d7576502f14adbcfe7db735)] -&gt; id: &apos;LOC_Location_Id&apos;] displayed in 73ms<br />
                                get Text Text CustomerLocId<br />
                                Angular request time 23ms<br />
                                Customer Location Id found LOC00012<br />
                                Strings Not Matched: LOC@0004 != LOC00012<br />
                                &lt;a href=&quot;F:\FailedTestsScreenshots\TestSecondayContactScreenshot-1563203334403.jpg&quot;&gt;&lt;align=&quot;left&quot;&gt;Error screenshot at Mon Jul 15 10:08:54 CDT 2019<br />
                                &lt;img width=&quot;1024&quot; src=&quot;F:\FailedTestsScreenshots\TestSecondayContactScreenshot-1563203334403.jpg&quot; alt=&quot;screenshot at Mon Jul 15 10:08:54 CDT 2019&quot;/&gt;&lt;/a&gt;&lt;br /&gt;<br />
                  </div>
    

        <a href="javascript:toggleElement('exception-8', 'block')" title="Click to expand/collapse"><b>java.lang.AssertionError: expected [LOC@0004] but found [LOC00012]</b></a><br />
    <div class="stackTrace" id="exception-8">
              org.testng.Assert.fail(Assert.java:96)<br />
              org.testng.Assert.failNotEquals(Assert.java:776)<br />
              org.testng.Assert.assertEqualsImpl(Assert.java:137)<br />
              org.testng.Assert.assertEquals(Assert.java:118)<br />
              org.testng.Assert.assertEquals(Assert.java:453)<br />
              org.testng.Assert.assertEquals(Assert.java:463)<br />
              com.NexusPortalAutomation.Utilities.Java.CommonMethods.VerifyString(CommonMethods.java:65)<br />
              com.NexusPortalAutomation.TestCases.Java.TC0014_VerifySecondaryContact.TestSecondayContact(TC0014_VerifySecondaryContact.java:36)<br />
              sun.reflect.NativeMethodAccessorImpl.invoke0(Native Method)<br />
              sun.reflect.NativeMethodAccessorImpl.invoke(NativeMethodAccessorImpl.java:62)<br />
              sun.reflect.DelegatingMethodAccessorImpl.invoke(DelegatingMethodAccessorImpl.java:43)<br />
              java.lang.reflect.Method.invoke(Method.java:498)<br />
              org.testng.internal.MethodInvocationHelper.invokeMethod(MethodInvocationHelper.java:124)<br />
              org.testng.internal.Invoker.invokeMethod(Invoker.java:583)<br />
              org.testng.internal.Invoker.invokeTestMethod(Invoker.java:719)<br />
              org.testng.internal.Invoker.invokeTestMethods(Invoker.java:989)<br />
              org.testng.internal.TestMethodWorker.invokeTestMethods(TestMethodWorker.java:125)<br />
              org.testng.internal.TestMethodWorker.run(TestMethodWorker.java:109)<br />
              org.testng.TestRunner.privateRun(TestRunner.java:648)<br />
              org.testng.TestRunner.run(TestRunner.java:505)<br />
              org.testng.SuiteRunner.runTest(SuiteRunner.java:455)<br />
              org.testng.SuiteRunner.runSequentially(SuiteRunner.java:450)<br />
              org.testng.SuiteRunner.privateRun(SuiteRunner.java:415)<br />
              org.testng.SuiteRunner.run(SuiteRunner.java:364)<br />
              org.testng.SuiteRunnerWorker.runSuite(SuiteRunnerWorker.java:52)<br />
              org.testng.SuiteRunnerWorker.run(SuiteRunnerWorker.java:84)<br />
              org.testng.TestNG.runSuitesSequentially(TestNG.java:1208)<br />
              org.testng.TestNG.runSuitesLocally(TestNG.java:1137)<br />
              org.testng.TestNG.runSuites(TestNG.java:1049)<br />
              org.testng.TestNG.run(TestNG.java:1017)<br />
              org.apache.maven.surefire.testng.TestNGExecutor.run(TestNGExecutor.java:283)<br />
              org.apache.maven.surefire.testng.TestNGXmlTestSuite.execute(TestNGXmlTestSuite.java:75)<br />
              org.apache.maven.surefire.testng.TestNGProvider.invoke(TestNGProvider.java:120)<br />
              org.apache.maven.surefire.booter.ForkedBooter.invokeProviderInSameClassLoader(ForkedBooter.java:384)<br />
              org.apache.maven.surefire.booter.ForkedBooter.runSuitesInProcess(ForkedBooter.java:345)<br />
              org.apache.maven.surefire.booter.ForkedBooter.execute(ForkedBooter.java:126)<br />
              org.apache.maven.surefire.booter.ForkedBooter.main(ForkedBooter.java:418)<br />
                </div>
      </td>
</tr>
          <tr>
        <td colspan="3" class="group">com.NexusPortalAutomation.TestCases.Java.TC0015_VerifyContactLogs</td>
      </tr>
            
<tr>
  <td class="method">
                  TestContactLogs
      </td>
  <td class="duration">
    19.850s
  </td>
  <td class="result">
        
    
            <div class="testOutput">
                        Angular Request Completed in 22ms<br />
                                Element [[ChromeDriver: chrome on XP (03f96ffe0e5faba8821880e4e279ad3a)] -&gt; id: kc-header-wrapper] displayed in 48ms<br />
                                Login Page Title Verified<br />
                                Element [[ChromeDriver: chrome on XP (03f96ffe0e5faba8821880e4e279ad3a)] -&gt; id: username] displayed in 54ms<br />
                                Element [[ChromeDriver: chrome on XP (03f96ffe0e5faba8821880e4e279ad3a)] -&gt; id: password] displayed in 45ms<br />
                                Element [[ChromeDriver: chrome on XP (03f96ffe0e5faba8821880e4e279ad3a)] -&gt; id: kc-login] displayed in 45ms<br />
                                Angular Request Completed in 11ms<br />
                                User signed Admin<br />
                                Enter Text for Search =LOC@0004<br />
                                Element [[ChromeDriver: chrome on XP (03f96ffe0e5faba8821880e4e279ad3a)] -&gt; id: SRCH_Input] displayed in 44ms<br />
                                Angular request time 1046ms<br />
                                Click Customer<br />
                                Angular request time 2131ms<br />
                                Angular request time 13ms<br />
                                Element [[ChromeDriver: chrome on XP (03f96ffe0e5faba8821880e4e279ad3a)] -&gt; id: &apos;LOC_Location_Id&apos;] displayed in 52ms<br />
                                get Text Text CustomerLocId<br />
                                Angular request time 15ms<br />
                                Customer Location Id found LOC00012<br />
                                Strings Not Matched: LOC@0004 != LOC00012<br />
                                &lt;a href=&quot;F:\FailedTestsScreenshots\TestContactLogsScreenshot-1563203264104.jpg&quot;&gt;&lt;align=&quot;left&quot;&gt;Error screenshot at Mon Jul 15 10:07:44 CDT 2019<br />
                                &lt;img width=&quot;1024&quot; src=&quot;F:\FailedTestsScreenshots\TestContactLogsScreenshot-1563203264104.jpg&quot; alt=&quot;screenshot at Mon Jul 15 10:07:44 CDT 2019&quot;/&gt;&lt;/a&gt;&lt;br /&gt;<br />
                  </div>
    

        <a href="javascript:toggleElement('exception-9', 'block')" title="Click to expand/collapse"><b>java.lang.AssertionError: expected [LOC@0004] but found [LOC00012]</b></a><br />
    <div class="stackTrace" id="exception-9">
              org.testng.Assert.fail(Assert.java:96)<br />
              org.testng.Assert.failNotEquals(Assert.java:776)<br />
              org.testng.Assert.assertEqualsImpl(Assert.java:137)<br />
              org.testng.Assert.assertEquals(Assert.java:118)<br />
              org.testng.Assert.assertEquals(Assert.java:453)<br />
              org.testng.Assert.assertEquals(Assert.java:463)<br />
              com.NexusPortalAutomation.Utilities.Java.CommonMethods.VerifyString(CommonMethods.java:65)<br />
              com.NexusPortalAutomation.TestCases.Java.TC0015_VerifyContactLogs.TestContactLogs(TC0015_VerifyContactLogs.java:41)<br />
              sun.reflect.NativeMethodAccessorImpl.invoke0(Native Method)<br />
              sun.reflect.NativeMethodAccessorImpl.invoke(NativeMethodAccessorImpl.java:62)<br />
              sun.reflect.DelegatingMethodAccessorImpl.invoke(DelegatingMethodAccessorImpl.java:43)<br />
              java.lang.reflect.Method.invoke(Method.java:498)<br />
              org.testng.internal.MethodInvocationHelper.invokeMethod(MethodInvocationHelper.java:124)<br />
              org.testng.internal.Invoker.invokeMethod(Invoker.java:583)<br />
              org.testng.internal.Invoker.invokeTestMethod(Invoker.java:719)<br />
              org.testng.internal.Invoker.invokeTestMethods(Invoker.java:989)<br />
              org.testng.internal.TestMethodWorker.invokeTestMethods(TestMethodWorker.java:125)<br />
              org.testng.internal.TestMethodWorker.run(TestMethodWorker.java:109)<br />
              org.testng.TestRunner.privateRun(TestRunner.java:648)<br />
              org.testng.TestRunner.run(TestRunner.java:505)<br />
              org.testng.SuiteRunner.runTest(SuiteRunner.java:455)<br />
              org.testng.SuiteRunner.runSequentially(SuiteRunner.java:450)<br />
              org.testng.SuiteRunner.privateRun(SuiteRunner.java:415)<br />
              org.testng.SuiteRunner.run(SuiteRunner.java:364)<br />
              org.testng.SuiteRunnerWorker.runSuite(SuiteRunnerWorker.java:52)<br />
              org.testng.SuiteRunnerWorker.run(SuiteRunnerWorker.java:84)<br />
              org.testng.TestNG.runSuitesSequentially(TestNG.java:1208)<br />
              org.testng.TestNG.runSuitesLocally(TestNG.java:1137)<br />
              org.testng.TestNG.runSuites(TestNG.java:1049)<br />
              org.testng.TestNG.run(TestNG.java:1017)<br />
              org.apache.maven.surefire.testng.TestNGExecutor.run(TestNGExecutor.java:283)<br />
              org.apache.maven.surefire.testng.TestNGXmlTestSuite.execute(TestNGXmlTestSuite.java:75)<br />
              org.apache.maven.surefire.testng.TestNGProvider.invoke(TestNGProvider.java:120)<br />
              org.apache.maven.surefire.booter.ForkedBooter.invokeProviderInSameClassLoader(ForkedBooter.java:384)<br />
              org.apache.maven.surefire.booter.ForkedBooter.runSuitesInProcess(ForkedBooter.java:345)<br />
              org.apache.maven.surefire.booter.ForkedBooter.execute(ForkedBooter.java:126)<br />
              org.apache.maven.surefire.booter.ForkedBooter.main(ForkedBooter.java:418)<br />
                </div>
      </td>
</tr>
          <tr>
        <td colspan="3" class="group">com.NexusPortalAutomation.TestCases.Java.TC0016_VerifyBillingDetails</td>
      </tr>
            
<tr>
  <td class="method">
                  VerifyBillingDetails
      </td>
  <td class="duration">
    17.642s
  </td>
  <td class="result">
        
    
            <div class="testOutput">
                        Angular Request Completed in 75ms<br />
                                Element [[ChromeDriver: chrome on XP (7285ad903d22834eeaebae50db7243b3)] -&gt; id: kc-header-wrapper] displayed in 57ms<br />
                                Login Page Title Verified<br />
                                Element [[ChromeDriver: chrome on XP (7285ad903d22834eeaebae50db7243b3)] -&gt; id: username] displayed in 51ms<br />
                                Element [[ChromeDriver: chrome on XP (7285ad903d22834eeaebae50db7243b3)] -&gt; id: password] displayed in 49ms<br />
                                Element [[ChromeDriver: chrome on XP (7285ad903d22834eeaebae50db7243b3)] -&gt; id: kc-login] displayed in 41ms<br />
                                Angular Request Completed in 15ms<br />
                                User signed Admin<br />
                                Enter Text for Search =LOC@0001<br />
                                Element [[ChromeDriver: chrome on XP (7285ad903d22834eeaebae50db7243b3)] -&gt; id: SRCH_Input] displayed in 69ms<br />
                                Angular request time 1060ms<br />
                                Click Customer<br />
                                Angular request time 2211ms<br />
                                Angular request time 20ms<br />
                                Element [[ChromeDriver: chrome on XP (7285ad903d22834eeaebae50db7243b3)] -&gt; id: &apos;LOC_Location_Id&apos;] displayed in 46ms<br />
                                get Text Text CustomerLocId<br />
                                Angular request time 12ms<br />
                                Customer Location Id found LOC00012<br />
                                Strings Not Matched: LOC@0001 != LOC00012<br />
                                &lt;a href=&quot;F:\FailedTestsScreenshots\VerifyBillingDetailsScreenshot-1563203285493.jpg&quot;&gt;&lt;align=&quot;left&quot;&gt;Error screenshot at Mon Jul 15 10:08:06 CDT 2019<br />
                                &lt;img width=&quot;1024&quot; src=&quot;F:\FailedTestsScreenshots\VerifyBillingDetailsScreenshot-1563203285493.jpg&quot; alt=&quot;screenshot at Mon Jul 15 10:08:06 CDT 2019&quot;/&gt;&lt;/a&gt;&lt;br /&gt;<br />
                  </div>
    

        <a href="javascript:toggleElement('exception-10', 'block')" title="Click to expand/collapse"><b>java.lang.AssertionError: expected [LOC@0001] but found [LOC00012]</b></a><br />
    <div class="stackTrace" id="exception-10">
              org.testng.Assert.fail(Assert.java:96)<br />
              org.testng.Assert.failNotEquals(Assert.java:776)<br />
              org.testng.Assert.assertEqualsImpl(Assert.java:137)<br />
              org.testng.Assert.assertEquals(Assert.java:118)<br />
              org.testng.Assert.assertEquals(Assert.java:453)<br />
              org.testng.Assert.assertEquals(Assert.java:463)<br />
              com.NexusPortalAutomation.Utilities.Java.CommonMethods.VerifyString(CommonMethods.java:65)<br />
              com.NexusPortalAutomation.TestCases.Java.TC0016_VerifyBillingDetails.VerifyBillingDetails(TC0016_VerifyBillingDetails.java:53)<br />
              sun.reflect.NativeMethodAccessorImpl.invoke0(Native Method)<br />
              sun.reflect.NativeMethodAccessorImpl.invoke(NativeMethodAccessorImpl.java:62)<br />
              sun.reflect.DelegatingMethodAccessorImpl.invoke(DelegatingMethodAccessorImpl.java:43)<br />
              java.lang.reflect.Method.invoke(Method.java:498)<br />
              org.testng.internal.MethodInvocationHelper.invokeMethod(MethodInvocationHelper.java:124)<br />
              org.testng.internal.Invoker.invokeMethod(Invoker.java:583)<br />
              org.testng.internal.Invoker.invokeTestMethod(Invoker.java:719)<br />
              org.testng.internal.Invoker.invokeTestMethods(Invoker.java:989)<br />
              org.testng.internal.TestMethodWorker.invokeTestMethods(TestMethodWorker.java:125)<br />
              org.testng.internal.TestMethodWorker.run(TestMethodWorker.java:109)<br />
              org.testng.TestRunner.privateRun(TestRunner.java:648)<br />
              org.testng.TestRunner.run(TestRunner.java:505)<br />
              org.testng.SuiteRunner.runTest(SuiteRunner.java:455)<br />
              org.testng.SuiteRunner.runSequentially(SuiteRunner.java:450)<br />
              org.testng.SuiteRunner.privateRun(SuiteRunner.java:415)<br />
              org.testng.SuiteRunner.run(SuiteRunner.java:364)<br />
              org.testng.SuiteRunnerWorker.runSuite(SuiteRunnerWorker.java:52)<br />
              org.testng.SuiteRunnerWorker.run(SuiteRunnerWorker.java:84)<br />
              org.testng.TestNG.runSuitesSequentially(TestNG.java:1208)<br />
              org.testng.TestNG.runSuitesLocally(TestNG.java:1137)<br />
              org.testng.TestNG.runSuites(TestNG.java:1049)<br />
              org.testng.TestNG.run(TestNG.java:1017)<br />
              org.apache.maven.surefire.testng.TestNGExecutor.run(TestNGExecutor.java:283)<br />
              org.apache.maven.surefire.testng.TestNGXmlTestSuite.execute(TestNGXmlTestSuite.java:75)<br />
              org.apache.maven.surefire.testng.TestNGProvider.invoke(TestNGProvider.java:120)<br />
              org.apache.maven.surefire.booter.ForkedBooter.invokeProviderInSameClassLoader(ForkedBooter.java:384)<br />
              org.apache.maven.surefire.booter.ForkedBooter.runSuitesInProcess(ForkedBooter.java:345)<br />
              org.apache.maven.surefire.booter.ForkedBooter.execute(ForkedBooter.java:126)<br />
              org.apache.maven.surefire.booter.ForkedBooter.main(ForkedBooter.java:418)<br />
                </div>
      </td>
</tr>
          <tr>
        <td colspan="3" class="group">com.NexusPortalAutomation.TestCases.Java.TC0018_VerifyDrillBacksGeneral</td>
      </tr>
            
<tr>
  <td class="method">
                  VerifyDrillBacksGeneral
      </td>
  <td class="duration">
    16.405s
  </td>
  <td class="result">
        
    
            <div class="testOutput">
                        Angular Request Completed in 57ms<br />
                                Element [[ChromeDriver: chrome on XP (03137d7d702b78e589d7b054055c8ea6)] -&gt; id: kc-header-wrapper] displayed in 54ms<br />
                                Login Page Title Verified<br />
                                Element [[ChromeDriver: chrome on XP (03137d7d702b78e589d7b054055c8ea6)] -&gt; id: username] displayed in 40ms<br />
                                Element [[ChromeDriver: chrome on XP (03137d7d702b78e589d7b054055c8ea6)] -&gt; id: password] displayed in 43ms<br />
                                Element [[ChromeDriver: chrome on XP (03137d7d702b78e589d7b054055c8ea6)] -&gt; id: kc-login] displayed in 42ms<br />
                                Angular Request Completed in 14ms<br />
                                User signed Admin<br />
                                Enter Text for Search =LOC@0004<br />
                                Element [[ChromeDriver: chrome on XP (03137d7d702b78e589d7b054055c8ea6)] -&gt; id: SRCH_Input] displayed in 75ms<br />
                                Angular request time 956ms<br />
                                Click Customer<br />
                                Angular request time 1923ms<br />
                                Angular request time 18ms<br />
                                Element [[ChromeDriver: chrome on XP (03137d7d702b78e589d7b054055c8ea6)] -&gt; id: &apos;LOC_Location_Id&apos;] displayed in 34ms<br />
                                get Text Text CustomerLocId<br />
                                Angular request time 8ms<br />
                                Customer Location Id found LOC00012<br />
                                Strings Not Matched: LOC@0004 != LOC00012<br />
                                &lt;a href=&quot;F:\FailedTestsScreenshots\VerifyDrillBacksGeneralScreenshot-1563203156178.jpg&quot;&gt;&lt;align=&quot;left&quot;&gt;Error screenshot at Mon Jul 15 10:05:56 CDT 2019<br />
                                &lt;img width=&quot;1024&quot; src=&quot;F:\FailedTestsScreenshots\VerifyDrillBacksGeneralScreenshot-1563203156178.jpg&quot; alt=&quot;screenshot at Mon Jul 15 10:05:56 CDT 2019&quot;/&gt;&lt;/a&gt;&lt;br /&gt;<br />
                  </div>
    

        <a href="javascript:toggleElement('exception-11', 'block')" title="Click to expand/collapse"><b>java.lang.AssertionError: expected [LOC@0004] but found [LOC00012]</b></a><br />
    <div class="stackTrace" id="exception-11">
              org.testng.Assert.fail(Assert.java:96)<br />
              org.testng.Assert.failNotEquals(Assert.java:776)<br />
              org.testng.Assert.assertEqualsImpl(Assert.java:137)<br />
              org.testng.Assert.assertEquals(Assert.java:118)<br />
              org.testng.Assert.assertEquals(Assert.java:453)<br />
              org.testng.Assert.assertEquals(Assert.java:463)<br />
              com.NexusPortalAutomation.Utilities.Java.CommonMethods.VerifyString(CommonMethods.java:65)<br />
              com.NexusPortalAutomation.TestCases.Java.TC0018_VerifyDrillBacksGeneral.VerifyDrillBacksGeneral(TC0018_VerifyDrillBacksGeneral.java:97)<br />
              sun.reflect.NativeMethodAccessorImpl.invoke0(Native Method)<br />
              sun.reflect.NativeMethodAccessorImpl.invoke(NativeMethodAccessorImpl.java:62)<br />
              sun.reflect.DelegatingMethodAccessorImpl.invoke(DelegatingMethodAccessorImpl.java:43)<br />
              java.lang.reflect.Method.invoke(Method.java:498)<br />
              org.testng.internal.MethodInvocationHelper.invokeMethod(MethodInvocationHelper.java:124)<br />
              org.testng.internal.Invoker.invokeMethod(Invoker.java:583)<br />
              org.testng.internal.Invoker.invokeTestMethod(Invoker.java:719)<br />
              org.testng.internal.Invoker.invokeTestMethods(Invoker.java:989)<br />
              org.testng.internal.TestMethodWorker.invokeTestMethods(TestMethodWorker.java:125)<br />
              org.testng.internal.TestMethodWorker.run(TestMethodWorker.java:109)<br />
              org.testng.TestRunner.privateRun(TestRunner.java:648)<br />
              org.testng.TestRunner.run(TestRunner.java:505)<br />
              org.testng.SuiteRunner.runTest(SuiteRunner.java:455)<br />
              org.testng.SuiteRunner.runSequentially(SuiteRunner.java:450)<br />
              org.testng.SuiteRunner.privateRun(SuiteRunner.java:415)<br />
              org.testng.SuiteRunner.run(SuiteRunner.java:364)<br />
              org.testng.SuiteRunnerWorker.runSuite(SuiteRunnerWorker.java:52)<br />
              org.testng.SuiteRunnerWorker.run(SuiteRunnerWorker.java:84)<br />
              org.testng.TestNG.runSuitesSequentially(TestNG.java:1208)<br />
              org.testng.TestNG.runSuitesLocally(TestNG.java:1137)<br />
              org.testng.TestNG.runSuites(TestNG.java:1049)<br />
              org.testng.TestNG.run(TestNG.java:1017)<br />
              org.apache.maven.surefire.testng.TestNGExecutor.run(TestNGExecutor.java:283)<br />
              org.apache.maven.surefire.testng.TestNGXmlTestSuite.execute(TestNGXmlTestSuite.java:75)<br />
              org.apache.maven.surefire.testng.TestNGProvider.invoke(TestNGProvider.java:120)<br />
              org.apache.maven.surefire.booter.ForkedBooter.invokeProviderInSameClassLoader(ForkedBooter.java:384)<br />
              org.apache.maven.surefire.booter.ForkedBooter.runSuitesInProcess(ForkedBooter.java:345)<br />
              org.apache.maven.surefire.booter.ForkedBooter.execute(ForkedBooter.java:126)<br />
              org.apache.maven.surefire.booter.ForkedBooter.main(ForkedBooter.java:418)<br />
                </div>
      </td>
</tr>
          <tr>
        <td colspan="3" class="group">com.NexusPortalAutomation.TestCases.Java.TC0019_VerifyDrillBackTransactions</td>
      </tr>
            
<tr>
  <td class="method">
                  VerifyDrillBackTransactions
      </td>
  <td class="duration">
    19.399s
  </td>
  <td class="result">
        
    
            <div class="testOutput">
                        Angular Request Completed in 65ms<br />
                                Element [[ChromeDriver: chrome on XP (aae70d0bcfa5b7ed5b617b94c0448c57)] -&gt; id: kc-header-wrapper] displayed in 55ms<br />
                                Login Page Title Verified<br />
                                Element [[ChromeDriver: chrome on XP (aae70d0bcfa5b7ed5b617b94c0448c57)] -&gt; id: username] displayed in 58ms<br />
                                Element [[ChromeDriver: chrome on XP (aae70d0bcfa5b7ed5b617b94c0448c57)] -&gt; id: password] displayed in 49ms<br />
                                Element [[ChromeDriver: chrome on XP (aae70d0bcfa5b7ed5b617b94c0448c57)] -&gt; id: kc-login] displayed in 66ms<br />
                                Angular Request Completed in 16ms<br />
                                User signed Admin<br />
                                Enter Text for Search =LOC@0001<br />
                                Element [[ChromeDriver: chrome on XP (aae70d0bcfa5b7ed5b617b94c0448c57)] -&gt; id: SRCH_Input] displayed in 68ms<br />
                                Angular request time 947ms<br />
                                Click Customer<br />
                                Angular request time 2481ms<br />
                                Angular request time 16ms<br />
                                Element [[ChromeDriver: chrome on XP (aae70d0bcfa5b7ed5b617b94c0448c57)] -&gt; id: &apos;LOC_Location_Id&apos;] displayed in 52ms<br />
                                get Text Text CustomerLocId<br />
                                Angular request time 10ms<br />
                                Customer Location Id found LOC00012<br />
                                Strings Not Matched: LOC@0001 != LOC00012<br />
                                &lt;a href=&quot;F:\FailedTestsScreenshots\VerifyDrillBackTransactionsScreenshot-1563203060880.jpg&quot;&gt;&lt;align=&quot;left&quot;&gt;Error screenshot at Mon Jul 15 10:04:21 CDT 2019<br />
                                &lt;img width=&quot;1024&quot; src=&quot;F:\FailedTestsScreenshots\VerifyDrillBackTransactionsScreenshot-1563203060880.jpg&quot; alt=&quot;screenshot at Mon Jul 15 10:04:21 CDT 2019&quot;/&gt;&lt;/a&gt;&lt;br /&gt;<br />
                  </div>
    

        <a href="javascript:toggleElement('exception-12', 'block')" title="Click to expand/collapse"><b>java.lang.AssertionError: expected [LOC@0001] but found [LOC00012]</b></a><br />
    <div class="stackTrace" id="exception-12">
              org.testng.Assert.fail(Assert.java:96)<br />
              org.testng.Assert.failNotEquals(Assert.java:776)<br />
              org.testng.Assert.assertEqualsImpl(Assert.java:137)<br />
              org.testng.Assert.assertEquals(Assert.java:118)<br />
              org.testng.Assert.assertEquals(Assert.java:453)<br />
              org.testng.Assert.assertEquals(Assert.java:463)<br />
              com.NexusPortalAutomation.Utilities.Java.CommonMethods.VerifyString(CommonMethods.java:65)<br />
              com.NexusPortalAutomation.TestCases.Java.TC0019_VerifyDrillBackTransactions.VerifyDrillBackTransactions(TC0019_VerifyDrillBackTransactions.java:48)<br />
              sun.reflect.NativeMethodAccessorImpl.invoke0(Native Method)<br />
              sun.reflect.NativeMethodAccessorImpl.invoke(NativeMethodAccessorImpl.java:62)<br />
              sun.reflect.DelegatingMethodAccessorImpl.invoke(DelegatingMethodAccessorImpl.java:43)<br />
              java.lang.reflect.Method.invoke(Method.java:498)<br />
              org.testng.internal.MethodInvocationHelper.invokeMethod(MethodInvocationHelper.java:124)<br />
              org.testng.internal.Invoker.invokeMethod(Invoker.java:583)<br />
              org.testng.internal.Invoker.invokeTestMethod(Invoker.java:719)<br />
              org.testng.internal.Invoker.invokeTestMethods(Invoker.java:989)<br />
              org.testng.internal.TestMethodWorker.invokeTestMethods(TestMethodWorker.java:125)<br />
              org.testng.internal.TestMethodWorker.run(TestMethodWorker.java:109)<br />
              org.testng.TestRunner.privateRun(TestRunner.java:648)<br />
              org.testng.TestRunner.run(TestRunner.java:505)<br />
              org.testng.SuiteRunner.runTest(SuiteRunner.java:455)<br />
              org.testng.SuiteRunner.runSequentially(SuiteRunner.java:450)<br />
              org.testng.SuiteRunner.privateRun(SuiteRunner.java:415)<br />
              org.testng.SuiteRunner.run(SuiteRunner.java:364)<br />
              org.testng.SuiteRunnerWorker.runSuite(SuiteRunnerWorker.java:52)<br />
              org.testng.SuiteRunnerWorker.run(SuiteRunnerWorker.java:84)<br />
              org.testng.TestNG.runSuitesSequentially(TestNG.java:1208)<br />
              org.testng.TestNG.runSuitesLocally(TestNG.java:1137)<br />
              org.testng.TestNG.runSuites(TestNG.java:1049)<br />
              org.testng.TestNG.run(TestNG.java:1017)<br />
              org.apache.maven.surefire.testng.TestNGExecutor.run(TestNGExecutor.java:283)<br />
              org.apache.maven.surefire.testng.TestNGXmlTestSuite.execute(TestNGXmlTestSuite.java:75)<br />
              org.apache.maven.surefire.testng.TestNGProvider.invoke(TestNGProvider.java:120)<br />
              org.apache.maven.surefire.booter.ForkedBooter.invokeProviderInSameClassLoader(ForkedBooter.java:384)<br />
              org.apache.maven.surefire.booter.ForkedBooter.runSuitesInProcess(ForkedBooter.java:345)<br />
              org.apache.maven.surefire.booter.ForkedBooter.execute(ForkedBooter.java:126)<br />
              org.apache.maven.surefire.booter.ForkedBooter.main(ForkedBooter.java:418)<br />
                </div>
      </td>
</tr>
          <tr>
        <td colspan="3" class="group">com.NexusPortalAutomation.TestCases.Java.TC0020_VerifyDrillBackServices</td>
      </tr>
            
<tr>
  <td class="method">
                  TestDrillBackServices
      </td>
  <td class="duration">
    17.314s
  </td>
  <td class="result">
        
    
            <div class="testOutput">
                        Angular Request Completed in 62ms<br />
                                Element [[ChromeDriver: chrome on XP (31ce6a677940952736893d01bde67102)] -&gt; id: kc-header-wrapper] displayed in 39ms<br />
                                Login Page Title Verified<br />
                                Element [[ChromeDriver: chrome on XP (31ce6a677940952736893d01bde67102)] -&gt; id: username] displayed in 37ms<br />
                                Element [[ChromeDriver: chrome on XP (31ce6a677940952736893d01bde67102)] -&gt; id: password] displayed in 36ms<br />
                                Element [[ChromeDriver: chrome on XP (31ce6a677940952736893d01bde67102)] -&gt; id: kc-login] displayed in 45ms<br />
                                Angular Request Completed in 15ms<br />
                                User signed Admin<br />
                                Enter Text for Search =LOC@0001<br />
                                Element [[ChromeDriver: chrome on XP (31ce6a677940952736893d01bde67102)] -&gt; id: SRCH_Input] displayed in 53ms<br />
                                Angular request time 937ms<br />
                                Click Customer<br />
                                Angular request time 2153ms<br />
                                Angular request time 10ms<br />
                                Element [[ChromeDriver: chrome on XP (31ce6a677940952736893d01bde67102)] -&gt; id: &apos;LOC_Location_Id&apos;] displayed in 36ms<br />
                                get Text Text CustomerLocId<br />
                                Angular request time 9ms<br />
                                Customer Location Id found LOC00012<br />
                                Strings Not Matched: LOC@0001 != LOC00012<br />
                                &lt;a href=&quot;F:\FailedTestsScreenshots\TestDrillBackServicesScreenshot-1563203084377.jpg&quot;&gt;&lt;align=&quot;left&quot;&gt;Error screenshot at Mon Jul 15 10:04:44 CDT 2019<br />
                                &lt;img width=&quot;1024&quot; src=&quot;F:\FailedTestsScreenshots\TestDrillBackServicesScreenshot-1563203084377.jpg&quot; alt=&quot;screenshot at Mon Jul 15 10:04:44 CDT 2019&quot;/&gt;&lt;/a&gt;&lt;br /&gt;<br />
                  </div>
    

        <a href="javascript:toggleElement('exception-13', 'block')" title="Click to expand/collapse"><b>java.lang.AssertionError: expected [LOC@0001] but found [LOC00012]</b></a><br />
    <div class="stackTrace" id="exception-13">
              org.testng.Assert.fail(Assert.java:96)<br />
              org.testng.Assert.failNotEquals(Assert.java:776)<br />
              org.testng.Assert.assertEqualsImpl(Assert.java:137)<br />
              org.testng.Assert.assertEquals(Assert.java:118)<br />
              org.testng.Assert.assertEquals(Assert.java:453)<br />
              org.testng.Assert.assertEquals(Assert.java:463)<br />
              com.NexusPortalAutomation.Utilities.Java.CommonMethods.VerifyString(CommonMethods.java:65)<br />
              com.NexusPortalAutomation.TestCases.Java.TC0020_VerifyDrillBackServices.TestDrillBackServices(TC0020_VerifyDrillBackServices.java:37)<br />
              sun.reflect.NativeMethodAccessorImpl.invoke0(Native Method)<br />
              sun.reflect.NativeMethodAccessorImpl.invoke(NativeMethodAccessorImpl.java:62)<br />
              sun.reflect.DelegatingMethodAccessorImpl.invoke(DelegatingMethodAccessorImpl.java:43)<br />
              java.lang.reflect.Method.invoke(Method.java:498)<br />
              org.testng.internal.MethodInvocationHelper.invokeMethod(MethodInvocationHelper.java:124)<br />
              org.testng.internal.Invoker.invokeMethod(Invoker.java:583)<br />
              org.testng.internal.Invoker.invokeTestMethod(Invoker.java:719)<br />
              org.testng.internal.Invoker.invokeTestMethods(Invoker.java:989)<br />
              org.testng.internal.TestMethodWorker.invokeTestMethods(TestMethodWorker.java:125)<br />
              org.testng.internal.TestMethodWorker.run(TestMethodWorker.java:109)<br />
              org.testng.TestRunner.privateRun(TestRunner.java:648)<br />
              org.testng.TestRunner.run(TestRunner.java:505)<br />
              org.testng.SuiteRunner.runTest(SuiteRunner.java:455)<br />
              org.testng.SuiteRunner.runSequentially(SuiteRunner.java:450)<br />
              org.testng.SuiteRunner.privateRun(SuiteRunner.java:415)<br />
              org.testng.SuiteRunner.run(SuiteRunner.java:364)<br />
              org.testng.SuiteRunnerWorker.runSuite(SuiteRunnerWorker.java:52)<br />
              org.testng.SuiteRunnerWorker.run(SuiteRunnerWorker.java:84)<br />
              org.testng.TestNG.runSuitesSequentially(TestNG.java:1208)<br />
              org.testng.TestNG.runSuitesLocally(TestNG.java:1137)<br />
              org.testng.TestNG.runSuites(TestNG.java:1049)<br />
              org.testng.TestNG.run(TestNG.java:1017)<br />
              org.apache.maven.surefire.testng.TestNGExecutor.run(TestNGExecutor.java:283)<br />
              org.apache.maven.surefire.testng.TestNGXmlTestSuite.execute(TestNGXmlTestSuite.java:75)<br />
              org.apache.maven.surefire.testng.TestNGProvider.invoke(TestNGProvider.java:120)<br />
              org.apache.maven.surefire.booter.ForkedBooter.invokeProviderInSameClassLoader(ForkedBooter.java:384)<br />
              org.apache.maven.surefire.booter.ForkedBooter.runSuitesInProcess(ForkedBooter.java:345)<br />
              org.apache.maven.surefire.booter.ForkedBooter.execute(ForkedBooter.java:126)<br />
              org.apache.maven.surefire.booter.ForkedBooter.main(ForkedBooter.java:418)<br />
                </div>
      </td>
</tr>
          <tr>
        <td colspan="3" class="group">com.NexusPortalAutomation.TestCases.Java.TC0021_VerifyServicesOrderDetails</td>
      </tr>
            
<tr>
  <td class="method">
                  TestServiceOrderDetails
      </td>
  <td class="duration">
    18.846s
  </td>
  <td class="result">
        
    
            <div class="testOutput">
                        Angular Request Completed in 104ms<br />
                                Element [[ChromeDriver: chrome on XP (fcc0c1a183a1039698bbfcc79d87c09a)] -&gt; id: kc-header-wrapper] displayed in 63ms<br />
                                Login Page Title Verified<br />
                                Element [[ChromeDriver: chrome on XP (fcc0c1a183a1039698bbfcc79d87c09a)] -&gt; id: username] displayed in 56ms<br />
                                Element [[ChromeDriver: chrome on XP (fcc0c1a183a1039698bbfcc79d87c09a)] -&gt; id: password] displayed in 51ms<br />
                                Element [[ChromeDriver: chrome on XP (fcc0c1a183a1039698bbfcc79d87c09a)] -&gt; id: kc-login] displayed in 56ms<br />
                                Angular Request Completed in 39ms<br />
                                User signed Admin<br />
                                Enter Text for Search =LOC@0001<br />
                                Element [[ChromeDriver: chrome on XP (fcc0c1a183a1039698bbfcc79d87c09a)] -&gt; id: SRCH_Input] displayed in 67ms<br />
                                Angular request time 931ms<br />
                                Click Customer<br />
                                Angular request time 2159ms<br />
                                Angular request time 15ms<br />
                                Element [[ChromeDriver: chrome on XP (fcc0c1a183a1039698bbfcc79d87c09a)] -&gt; id: &apos;LOC_Location_Id&apos;] displayed in 43ms<br />
                                get Text Text CustomerLocId<br />
                                Angular request time 9ms<br />
                                Customer Location Id found LOC00012<br />
                                Strings Not Matched: LOC@0001 != LOC00012<br />
                                &lt;a href=&quot;F:\FailedTestsScreenshots\TestServiceOrderDetailsScreenshot-1563203109223.jpg&quot;&gt;&lt;align=&quot;left&quot;&gt;Error screenshot at Mon Jul 15 10:05:09 CDT 2019<br />
                                &lt;img width=&quot;1024&quot; src=&quot;F:\FailedTestsScreenshots\TestServiceOrderDetailsScreenshot-1563203109223.jpg&quot; alt=&quot;screenshot at Mon Jul 15 10:05:09 CDT 2019&quot;/&gt;&lt;/a&gt;&lt;br /&gt;<br />
                  </div>
    

        <a href="javascript:toggleElement('exception-14', 'block')" title="Click to expand/collapse"><b>java.lang.AssertionError: expected [LOC@0001] but found [LOC00012]</b></a><br />
    <div class="stackTrace" id="exception-14">
              org.testng.Assert.fail(Assert.java:96)<br />
              org.testng.Assert.failNotEquals(Assert.java:776)<br />
              org.testng.Assert.assertEqualsImpl(Assert.java:137)<br />
              org.testng.Assert.assertEquals(Assert.java:118)<br />
              org.testng.Assert.assertEquals(Assert.java:453)<br />
              org.testng.Assert.assertEquals(Assert.java:463)<br />
              com.NexusPortalAutomation.Utilities.Java.CommonMethods.VerifyString(CommonMethods.java:65)<br />
              com.NexusPortalAutomation.TestCases.Java.TC0021_VerifyServicesOrderDetails.TestServiceOrderDetails(TC0021_VerifyServicesOrderDetails.java:52)<br />
              sun.reflect.NativeMethodAccessorImpl.invoke0(Native Method)<br />
              sun.reflect.NativeMethodAccessorImpl.invoke(NativeMethodAccessorImpl.java:62)<br />
              sun.reflect.DelegatingMethodAccessorImpl.invoke(DelegatingMethodAccessorImpl.java:43)<br />
              java.lang.reflect.Method.invoke(Method.java:498)<br />
              org.testng.internal.MethodInvocationHelper.invokeMethod(MethodInvocationHelper.java:124)<br />
              org.testng.internal.Invoker.invokeMethod(Invoker.java:583)<br />
              org.testng.internal.Invoker.invokeTestMethod(Invoker.java:719)<br />
              org.testng.internal.Invoker.invokeTestMethods(Invoker.java:989)<br />
              org.testng.internal.TestMethodWorker.invokeTestMethods(TestMethodWorker.java:125)<br />
              org.testng.internal.TestMethodWorker.run(TestMethodWorker.java:109)<br />
              org.testng.TestRunner.privateRun(TestRunner.java:648)<br />
              org.testng.TestRunner.run(TestRunner.java:505)<br />
              org.testng.SuiteRunner.runTest(SuiteRunner.java:455)<br />
              org.testng.SuiteRunner.runSequentially(SuiteRunner.java:450)<br />
              org.testng.SuiteRunner.privateRun(SuiteRunner.java:415)<br />
              org.testng.SuiteRunner.run(SuiteRunner.java:364)<br />
              org.testng.SuiteRunnerWorker.runSuite(SuiteRunnerWorker.java:52)<br />
              org.testng.SuiteRunnerWorker.run(SuiteRunnerWorker.java:84)<br />
              org.testng.TestNG.runSuitesSequentially(TestNG.java:1208)<br />
              org.testng.TestNG.runSuitesLocally(TestNG.java:1137)<br />
              org.testng.TestNG.runSuites(TestNG.java:1049)<br />
              org.testng.TestNG.run(TestNG.java:1017)<br />
              org.apache.maven.surefire.testng.TestNGExecutor.run(TestNGExecutor.java:283)<br />
              org.apache.maven.surefire.testng.TestNGXmlTestSuite.execute(TestNGXmlTestSuite.java:75)<br />
              org.apache.maven.surefire.testng.TestNGProvider.invoke(TestNGProvider.java:120)<br />
              org.apache.maven.surefire.booter.ForkedBooter.invokeProviderInSameClassLoader(ForkedBooter.java:384)<br />
              org.apache.maven.surefire.booter.ForkedBooter.runSuitesInProcess(ForkedBooter.java:345)<br />
              org.apache.maven.surefire.booter.ForkedBooter.execute(ForkedBooter.java:126)<br />
              org.apache.maven.surefire.booter.ForkedBooter.main(ForkedBooter.java:418)<br />
                </div>
      </td>
</tr>
          <tr>
        <td colspan="3" class="group">com.NexusPortalAutomation.TestCases.Java.TC0022_VerifyAction_ServiceOrder</td>
      </tr>
            
<tr>
  <td class="method">
                  VerifyActionServiceOrder
      </td>
  <td class="duration">
    16.445s
  </td>
  <td class="result">
        
    
            <div class="testOutput">
                        Deleting Records for <br />
                                Angular Request Completed in 113ms<br />
                                Element [[ChromeDriver: chrome on XP (0f58328d6e429d6260bcef3a0192ee69)] -&gt; id: kc-header-wrapper] displayed in 54ms<br />
                                Login Page Title Verified<br />
                                Element [[ChromeDriver: chrome on XP (0f58328d6e429d6260bcef3a0192ee69)] -&gt; id: username] displayed in 47ms<br />
                                Element [[ChromeDriver: chrome on XP (0f58328d6e429d6260bcef3a0192ee69)] -&gt; id: password] displayed in 44ms<br />
                                Element [[ChromeDriver: chrome on XP (0f58328d6e429d6260bcef3a0192ee69)] -&gt; id: kc-login] displayed in 42ms<br />
                                Angular Request Completed in 15ms<br />
                                User signed Admin<br />
                                Enter Text for Search =LOC@0004<br />
                                Element [[ChromeDriver: chrome on XP (0f58328d6e429d6260bcef3a0192ee69)] -&gt; id: SRCH_Input] displayed in 52ms<br />
                                Angular request time 999ms<br />
                                Click Customer<br />
                                Angular request time 2028ms<br />
                                Angular request time 9ms<br />
                                Element [[ChromeDriver: chrome on XP (0f58328d6e429d6260bcef3a0192ee69)] -&gt; id: &apos;LOC_Location_Id&apos;] displayed in 44ms<br />
                                get Text Text CustomerLocId<br />
                                Angular request time 11ms<br />
                                Customer Location Id found LOC00012<br />
                                Strings Not Matched: LOC@0004 != LOC00012<br />
                                &lt;a href=&quot;F:\FailedTestsScreenshots\VerifyActionServiceOrderScreenshot-1563203417255.jpg&quot;&gt;&lt;align=&quot;left&quot;&gt;Error screenshot at Mon Jul 15 10:10:17 CDT 2019<br />
                                &lt;img width=&quot;1024&quot; src=&quot;F:\FailedTestsScreenshots\VerifyActionServiceOrderScreenshot-1563203417255.jpg&quot; alt=&quot;screenshot at Mon Jul 15 10:10:17 CDT 2019&quot;/&gt;&lt;/a&gt;&lt;br /&gt;<br />
                  </div>
    

        <a href="javascript:toggleElement('exception-15', 'block')" title="Click to expand/collapse"><b>java.lang.AssertionError: expected [LOC@0004] but found [LOC00012]</b></a><br />
    <div class="stackTrace" id="exception-15">
              org.testng.Assert.fail(Assert.java:96)<br />
              org.testng.Assert.failNotEquals(Assert.java:776)<br />
              org.testng.Assert.assertEqualsImpl(Assert.java:137)<br />
              org.testng.Assert.assertEquals(Assert.java:118)<br />
              org.testng.Assert.assertEquals(Assert.java:453)<br />
              org.testng.Assert.assertEquals(Assert.java:463)<br />
              com.NexusPortalAutomation.Utilities.Java.CommonMethods.VerifyString(CommonMethods.java:65)<br />
              com.NexusPortalAutomation.TestCases.Java.TC0022_VerifyAction_ServiceOrder.VerifyActionServiceOrder(TC0022_VerifyAction_ServiceOrder.java:48)<br />
              sun.reflect.NativeMethodAccessorImpl.invoke0(Native Method)<br />
              sun.reflect.NativeMethodAccessorImpl.invoke(NativeMethodAccessorImpl.java:62)<br />
              sun.reflect.DelegatingMethodAccessorImpl.invoke(DelegatingMethodAccessorImpl.java:43)<br />
              java.lang.reflect.Method.invoke(Method.java:498)<br />
              org.testng.internal.MethodInvocationHelper.invokeMethod(MethodInvocationHelper.java:124)<br />
              org.testng.internal.Invoker.invokeMethod(Invoker.java:583)<br />
              org.testng.internal.Invoker.invokeTestMethod(Invoker.java:719)<br />
              org.testng.internal.Invoker.invokeTestMethods(Invoker.java:989)<br />
              org.testng.internal.TestMethodWorker.invokeTestMethods(TestMethodWorker.java:125)<br />
              org.testng.internal.TestMethodWorker.run(TestMethodWorker.java:109)<br />
              org.testng.TestRunner.privateRun(TestRunner.java:648)<br />
              org.testng.TestRunner.run(TestRunner.java:505)<br />
              org.testng.SuiteRunner.runTest(SuiteRunner.java:455)<br />
              org.testng.SuiteRunner.runSequentially(SuiteRunner.java:450)<br />
              org.testng.SuiteRunner.privateRun(SuiteRunner.java:415)<br />
              org.testng.SuiteRunner.run(SuiteRunner.java:364)<br />
              org.testng.SuiteRunnerWorker.runSuite(SuiteRunnerWorker.java:52)<br />
              org.testng.SuiteRunnerWorker.run(SuiteRunnerWorker.java:84)<br />
              org.testng.TestNG.runSuitesSequentially(TestNG.java:1208)<br />
              org.testng.TestNG.runSuitesLocally(TestNG.java:1137)<br />
              org.testng.TestNG.runSuites(TestNG.java:1049)<br />
              org.testng.TestNG.run(TestNG.java:1017)<br />
              org.apache.maven.surefire.testng.TestNGExecutor.run(TestNGExecutor.java:283)<br />
              org.apache.maven.surefire.testng.TestNGXmlTestSuite.execute(TestNGXmlTestSuite.java:75)<br />
              org.apache.maven.surefire.testng.TestNGProvider.invoke(TestNGProvider.java:120)<br />
              org.apache.maven.surefire.booter.ForkedBooter.invokeProviderInSameClassLoader(ForkedBooter.java:384)<br />
              org.apache.maven.surefire.booter.ForkedBooter.runSuitesInProcess(ForkedBooter.java:345)<br />
              org.apache.maven.surefire.booter.ForkedBooter.execute(ForkedBooter.java:126)<br />
              org.apache.maven.surefire.booter.ForkedBooter.main(ForkedBooter.java:418)<br />
                </div>
      </td>
</tr>
          <tr>
        <td colspan="3" class="group">com.NexusPortalAutomation.TestCases.Java.TC0023_VerifyRecentWidget</td>
      </tr>
            
<tr>
  <td class="method">
                  VerifyRecentWidget
      </td>
  <td class="duration">
    19.093s
  </td>
  <td class="result">
        
    
            <div class="testOutput">
                        Angular Request Completed in 77ms<br />
                                Element [[ChromeDriver: chrome on XP (6ca621018808c10a90d00354bec0e18f)] -&gt; id: kc-header-wrapper] displayed in 54ms<br />
                                Login Page Title Verified<br />
                                Element [[ChromeDriver: chrome on XP (6ca621018808c10a90d00354bec0e18f)] -&gt; id: username] displayed in 51ms<br />
                                Element [[ChromeDriver: chrome on XP (6ca621018808c10a90d00354bec0e18f)] -&gt; id: password] displayed in 36ms<br />
                                Element [[ChromeDriver: chrome on XP (6ca621018808c10a90d00354bec0e18f)] -&gt; id: kc-login] displayed in 37ms<br />
                                Angular Request Completed in 34ms<br />
                                User signed Admin<br />
                                Enter Text for Search =LOC@0001<br />
                                Element [[ChromeDriver: chrome on XP (6ca621018808c10a90d00354bec0e18f)] -&gt; id: SRCH_Input] displayed in 81ms<br />
                                Angular request time 1102ms<br />
                                Click Customer<br />
                                Angular request time 2454ms<br />
                                Angular request time 11ms<br />
                                Element [[ChromeDriver: chrome on XP (6ca621018808c10a90d00354bec0e18f)] -&gt; id: &apos;LOC_Location_Id&apos;] displayed in 46ms<br />
                                get Text Text CustomerLocId<br />
                                Angular request time 10ms<br />
                                Customer Location Id found LOC00012<br />
                                Strings Not Matched: LOC@0001 != LOC00012<br />
                                &lt;a href=&quot;F:\FailedTestsScreenshots\VerifyRecentWidgetScreenshot-1563203442344.jpg&quot;&gt;&lt;align=&quot;left&quot;&gt;Error screenshot at Mon Jul 15 10:10:42 CDT 2019<br />
                                &lt;img width=&quot;1024&quot; src=&quot;F:\FailedTestsScreenshots\VerifyRecentWidgetScreenshot-1563203442344.jpg&quot; alt=&quot;screenshot at Mon Jul 15 10:10:42 CDT 2019&quot;/&gt;&lt;/a&gt;&lt;br /&gt;<br />
                  </div>
    

        <a href="javascript:toggleElement('exception-16', 'block')" title="Click to expand/collapse"><b>java.lang.AssertionError: expected [LOC@0001] but found [LOC00012]</b></a><br />
    <div class="stackTrace" id="exception-16">
              org.testng.Assert.fail(Assert.java:96)<br />
              org.testng.Assert.failNotEquals(Assert.java:776)<br />
              org.testng.Assert.assertEqualsImpl(Assert.java:137)<br />
              org.testng.Assert.assertEquals(Assert.java:118)<br />
              org.testng.Assert.assertEquals(Assert.java:453)<br />
              org.testng.Assert.assertEquals(Assert.java:463)<br />
              com.NexusPortalAutomation.Utilities.Java.CommonMethods.VerifyString(CommonMethods.java:65)<br />
              com.NexusPortalAutomation.TestCases.Java.TC0023_VerifyRecentWidget.VerifyRecentWidget(TC0023_VerifyRecentWidget.java:40)<br />
              sun.reflect.NativeMethodAccessorImpl.invoke0(Native Method)<br />
              sun.reflect.NativeMethodAccessorImpl.invoke(NativeMethodAccessorImpl.java:62)<br />
              sun.reflect.DelegatingMethodAccessorImpl.invoke(DelegatingMethodAccessorImpl.java:43)<br />
              java.lang.reflect.Method.invoke(Method.java:498)<br />
              org.testng.internal.MethodInvocationHelper.invokeMethod(MethodInvocationHelper.java:124)<br />
              org.testng.internal.Invoker.invokeMethod(Invoker.java:583)<br />
              org.testng.internal.Invoker.invokeTestMethod(Invoker.java:719)<br />
              org.testng.internal.Invoker.invokeTestMethods(Invoker.java:989)<br />
              org.testng.internal.TestMethodWorker.invokeTestMethods(TestMethodWorker.java:125)<br />
              org.testng.internal.TestMethodWorker.run(TestMethodWorker.java:109)<br />
              org.testng.TestRunner.privateRun(TestRunner.java:648)<br />
              org.testng.TestRunner.run(TestRunner.java:505)<br />
              org.testng.SuiteRunner.runTest(SuiteRunner.java:455)<br />
              org.testng.SuiteRunner.runSequentially(SuiteRunner.java:450)<br />
              org.testng.SuiteRunner.privateRun(SuiteRunner.java:415)<br />
              org.testng.SuiteRunner.run(SuiteRunner.java:364)<br />
              org.testng.SuiteRunnerWorker.runSuite(SuiteRunnerWorker.java:52)<br />
              org.testng.SuiteRunnerWorker.run(SuiteRunnerWorker.java:84)<br />
              org.testng.TestNG.runSuitesSequentially(TestNG.java:1208)<br />
              org.testng.TestNG.runSuitesLocally(TestNG.java:1137)<br />
              org.testng.TestNG.runSuites(TestNG.java:1049)<br />
              org.testng.TestNG.run(TestNG.java:1017)<br />
              org.apache.maven.surefire.testng.TestNGExecutor.run(TestNGExecutor.java:283)<br />
              org.apache.maven.surefire.testng.TestNGXmlTestSuite.execute(TestNGXmlTestSuite.java:75)<br />
              org.apache.maven.surefire.testng.TestNGProvider.invoke(TestNGProvider.java:120)<br />
              org.apache.maven.surefire.booter.ForkedBooter.invokeProviderInSameClassLoader(ForkedBooter.java:384)<br />
              org.apache.maven.surefire.booter.ForkedBooter.runSuitesInProcess(ForkedBooter.java:345)<br />
              org.apache.maven.surefire.booter.ForkedBooter.execute(ForkedBooter.java:126)<br />
              org.apache.maven.surefire.booter.ForkedBooter.main(ForkedBooter.java:418)<br />
                </div>
      </td>
</tr>
          <tr>
        <td colspan="3" class="group">com.NexusPortalAutomation.TestCases.Java.TC0024_TestCustDetailSearch</td>
      </tr>
            
<tr>
  <td class="method">
                  TestSearchAutobyFirstName
      </td>
  <td class="duration">
    27.844s
  </td>
  <td class="result">
        
    
            <div class="testOutput">
                        Angular Request Completed in 66ms<br />
                                Element [[ChromeDriver: chrome on XP (5942aab34a1bdf1413125574f2aa9a37)] -&gt; id: kc-header-wrapper] displayed in 41ms<br />
                                Login Page Title Verified<br />
                                Element [[ChromeDriver: chrome on XP (5942aab34a1bdf1413125574f2aa9a37)] -&gt; id: username] displayed in 37ms<br />
                                Element [[ChromeDriver: chrome on XP (5942aab34a1bdf1413125574f2aa9a37)] -&gt; id: password] displayed in 52ms<br />
                                Element [[ChromeDriver: chrome on XP (5942aab34a1bdf1413125574f2aa9a37)] -&gt; id: kc-login] displayed in 33ms<br />
                                Angular Request Completed in 27ms<br />
                                User signed Admin<br />
                                Enter Text for Search =Automation Mate<br />
                                Element [[ChromeDriver: chrome on XP (5942aab34a1bdf1413125574f2aa9a37)] -&gt; id: SRCH_Input] displayed in 89ms<br />
                                Angular request time 1364ms<br />
                                Click Customer<br />
                                Angular request time 1870ms<br />
                                Element [[ChromeDriver: chrome on XP (5942aab34a1bdf1413125574f2aa9a37)] -&gt; id: SRCH_Input] displayed in 28ms<br />
                                Element [[ChromeDriver: chrome on XP (5942aab34a1bdf1413125574f2aa9a37)] -&gt; id: SRCH_Input] displayed in 16ms<br />
                                Set Text Search Text<br />
                                Angular request time 6ms<br />
                                Element [[ChromeDriver: chrome on XP (5942aab34a1bdf1413125574f2aa9a37)] -&gt; id: SRCH_Option_1_Customer_Name] displayed in 1043ms<br />
                                Strings Matched: Mate, Automation = Mate, Automation<br />
                                Element [[ChromeDriver: chrome on XP (5942aab34a1bdf1413125574f2aa9a37)] -&gt; id: SRCH_Option_1_Customer_Name] displayed in 28ms<br />
                                Angular request time 348ms<br />
                                Angular request time 346ms<br />
                                &lt;a href=&quot;F:\FailedTestsScreenshots\TestSearchAutobyFirstNameScreenshot-1563203670815.jpg&quot;&gt;&lt;align=&quot;left&quot;&gt;Error screenshot at Mon Jul 15 10:14:31 CDT 2019<br />
                                &lt;img width=&quot;1024&quot; src=&quot;F:\FailedTestsScreenshots\TestSearchAutobyFirstNameScreenshot-1563203670815.jpg&quot; alt=&quot;screenshot at Mon Jul 15 10:14:31 CDT 2019&quot;/&gt;&lt;/a&gt;&lt;br /&gt;<br />
                  </div>
    

        <a href="javascript:toggleElement('exception-17', 'block')" title="Click to expand/collapse"><b>java.lang.AssertionError: Customer Name not found = expected [true] but found [false]</b></a><br />
    <div class="stackTrace" id="exception-17">
              org.testng.Assert.fail(Assert.java:96)<br />
              org.testng.Assert.failNotEquals(Assert.java:776)<br />
              org.testng.Assert.assertTrue(Assert.java:44)<br />
              com.NexusPortalAutomation.PageObjects.Java.DashBoard.GetLoggedCustomerName(DashBoard.java:1350)<br />
              com.NexusPortalAutomation.TestCases.Java.TC0024_TestCustDetailSearch.TestSearchAutobyFirstName(TC0024_TestCustDetailSearch.java:43)<br />
              sun.reflect.NativeMethodAccessorImpl.invoke0(Native Method)<br />
              sun.reflect.NativeMethodAccessorImpl.invoke(NativeMethodAccessorImpl.java:62)<br />
              sun.reflect.DelegatingMethodAccessorImpl.invoke(DelegatingMethodAccessorImpl.java:43)<br />
              java.lang.reflect.Method.invoke(Method.java:498)<br />
              org.testng.internal.MethodInvocationHelper.invokeMethod(MethodInvocationHelper.java:124)<br />
              org.testng.internal.Invoker.invokeMethod(Invoker.java:583)<br />
              org.testng.internal.Invoker.invokeTestMethod(Invoker.java:719)<br />
              org.testng.internal.Invoker.invokeTestMethods(Invoker.java:989)<br />
              org.testng.internal.TestMethodWorker.invokeTestMethods(TestMethodWorker.java:125)<br />
              org.testng.internal.TestMethodWorker.run(TestMethodWorker.java:109)<br />
              org.testng.TestRunner.privateRun(TestRunner.java:648)<br />
              org.testng.TestRunner.run(TestRunner.java:505)<br />
              org.testng.SuiteRunner.runTest(SuiteRunner.java:455)<br />
              org.testng.SuiteRunner.runSequentially(SuiteRunner.java:450)<br />
              org.testng.SuiteRunner.privateRun(SuiteRunner.java:415)<br />
              org.testng.SuiteRunner.run(SuiteRunner.java:364)<br />
              org.testng.SuiteRunnerWorker.runSuite(SuiteRunnerWorker.java:52)<br />
              org.testng.SuiteRunnerWorker.run(SuiteRunnerWorker.java:84)<br />
              org.testng.TestNG.runSuitesSequentially(TestNG.java:1208)<br />
              org.testng.TestNG.runSuitesLocally(TestNG.java:1137)<br />
              org.testng.TestNG.runSuites(TestNG.java:1049)<br />
              org.testng.TestNG.run(TestNG.java:1017)<br />
              org.apache.maven.surefire.testng.TestNGExecutor.run(TestNGExecutor.java:283)<br />
              org.apache.maven.surefire.testng.TestNGXmlTestSuite.execute(TestNGXmlTestSuite.java:75)<br />
              org.apache.maven.surefire.testng.TestNGProvider.invoke(TestNGProvider.java:120)<br />
              org.apache.maven.surefire.booter.ForkedBooter.invokeProviderInSameClassLoader(ForkedBooter.java:384)<br />
              org.apache.maven.surefire.booter.ForkedBooter.runSuitesInProcess(ForkedBooter.java:345)<br />
              org.apache.maven.surefire.booter.ForkedBooter.execute(ForkedBooter.java:126)<br />
              org.apache.maven.surefire.booter.ForkedBooter.main(ForkedBooter.java:418)<br />
                </div>
      </td>
</tr>
      </table>


  <table class="resultsTable">
    <tr><th colspan="3" class="header passed">Passed Tests</th></tr>
          <tr>
        <td colspan="3" class="group">com.NexusPortalAutomation.TestCases.Java.TC0004_TestSearchbyRecentFunction</td>
      </tr>
            
<tr>
  <td class="method">
                  TestSearchAutobyRecent
      </td>
  <td class="duration">
    49.924s
  </td>
  <td class="result">
        
    
            <div class="testOutput">
                        Angular Request Completed in 539ms<br />
                                Element [[ChromeDriver: chrome on XP (5a8b21bb7a9a3e3580184b8224a3d938)] -&gt; id: kc-header-wrapper] displayed in 136ms<br />
                                Login Page Title Verified<br />
                                Element [[ChromeDriver: chrome on XP (5a8b21bb7a9a3e3580184b8224a3d938)] -&gt; id: username] displayed in 339ms<br />
                                Element [[ChromeDriver: chrome on XP (5a8b21bb7a9a3e3580184b8224a3d938)] -&gt; id: password] displayed in 37ms<br />
                                Element [[ChromeDriver: chrome on XP (5a8b21bb7a9a3e3580184b8224a3d938)] -&gt; id: kc-login] displayed in 31ms<br />
                                Angular Request Completed in 13ms<br />
                                User signed Admin<br />
                                Enter Text for Search =Sally Mackenzie<br />
                                Element [[ChromeDriver: chrome on XP (5a8b21bb7a9a3e3580184b8224a3d938)] -&gt; id: SRCH_Input] displayed in 57ms<br />
                                Angular request time 891ms<br />
                                Click Customer<br />
                                Angular request time 1640ms<br />
                                Angular request time 6ms<br />
                                Element [[ChromeDriver: chrome on XP (5a8b21bb7a9a3e3580184b8224a3d938)] -&gt; id: CUST_First_Last_Name] displayed in 90ms<br />
                                get Text Text Customer Name<br />
                                Angular request time 10ms<br />
                                Customer Name found Sally Mackenzie<br />
                                Strings Matched: Sally Mackenzie = Sally Mackenzie<br />
                                Angular request time 9ms<br />
                                Element [[ChromeDriver: chrome on XP (5a8b21bb7a9a3e3580184b8224a3d938)] -&gt; class name: cdk-overlay-container] displayed in 57ms<br />
                                Angular request time 9ms<br />
                                Element [[ChromeDriver: chrome on XP (5a8b21bb7a9a3e3580184b8224a3d938)] -&gt; id: USR_Name] displayed in 40ms<br />
                                Element [[ChromeDriver: chrome on XP (5a8b21bb7a9a3e3580184b8224a3d938)] -&gt; id: USR_Name] displayed in 31ms<br />
                                Click Logged User Link<br />
                                Angular request time 7ms<br />
                                Element [[ChromeDriver: chrome on XP (5a8b21bb7a9a3e3580184b8224a3d938)] -&gt; id: ACTION_Logout] displayed in 42ms<br />
                                Element [[ChromeDriver: chrome on XP (5a8b21bb7a9a3e3580184b8224a3d938)] -&gt; id: ACTION_Logout] displayed in 37ms<br />
                                Click LogOut Link<br />
                                Angular request time 10ms<br />
                                Angular request time 9ms<br />
                                Angular Request Completed in 47ms<br />
                                Element [[ChromeDriver: chrome on XP (5a8b21bb7a9a3e3580184b8224a3d938)] -&gt; id: kc-header-wrapper] displayed in 43ms<br />
                                Login Page Title Verified<br />
                                Element [[ChromeDriver: chrome on XP (5a8b21bb7a9a3e3580184b8224a3d938)] -&gt; id: username] displayed in 51ms<br />
                                Element [[ChromeDriver: chrome on XP (5a8b21bb7a9a3e3580184b8224a3d938)] -&gt; id: password] displayed in 48ms<br />
                                Element [[ChromeDriver: chrome on XP (5a8b21bb7a9a3e3580184b8224a3d938)] -&gt; id: kc-login] displayed in 39ms<br />
                                Angular Request Completed in 2ms<br />
                                User signed Admin<br />
                                Element &apos;//input[@id=&apos;SRCH_Input&apos;]&apos; is displayed in 80ms<br />
                                Click Recent<br />
                                Recent Customer =New York NY 12123<br />
                                Click Customer<br />
                                Angular request time 2810ms<br />
                                Alet not configured<br />
                                Element &apos;//div[@class=&apos;address-details&apos;]&apos; is displayed in 54ms<br />
                                Angular request time 17ms<br />
                                Element [[ChromeDriver: chrome on XP (5a8b21bb7a9a3e3580184b8224a3d938)] -&gt; id: &apos;LOC_Address_City&apos;] displayed in 24ms<br />
                                get Text Text Customer City<br />
                                Angular request time 11ms<br />
                                Element [[ChromeDriver: chrome on XP (5a8b21bb7a9a3e3580184b8224a3d938)] -&gt; id: &apos;LOC_Address_State&apos;] displayed in 42ms<br />
                                get Text Text Customer State<br />
                                Angular request time 11ms<br />
                                Element [[ChromeDriver: chrome on XP (5a8b21bb7a9a3e3580184b8224a3d938)] -&gt; id: &apos;LOC_Address_ZipCode&apos;] displayed in 44ms<br />
                                get Text Text Customer Zip<br />
                                Angular request time 10ms<br />
                                Strings Matched: New York NY 12123 = New York NY 12123<br />
                                Angular request time 10ms<br />
                                Element [[ChromeDriver: chrome on XP (5a8b21bb7a9a3e3580184b8224a3d938)] -&gt; id: CUST_First_Last_Name] displayed in 96ms<br />
                                get Text Text Customer Name<br />
                                Angular request time 10ms<br />
                                Customer Name found Sally Mackenzie<br />
                                Strings Matched: Sally Mackenzie = Sally Mackenzie<br />
                                Angular request time 17ms<br />
                                Element [[ChromeDriver: chrome on XP (5a8b21bb7a9a3e3580184b8224a3d938)] -&gt; class name: cdk-overlay-container] displayed in 76ms<br />
                                Angular request time 11ms<br />
                                Element [[ChromeDriver: chrome on XP (5a8b21bb7a9a3e3580184b8224a3d938)] -&gt; id: USR_Name] displayed in 80ms<br />
                                Element [[ChromeDriver: chrome on XP (5a8b21bb7a9a3e3580184b8224a3d938)] -&gt; id: USR_Name] displayed in 34ms<br />
                                Click Logged User Link<br />
                                Angular request time 19ms<br />
                                Element [[ChromeDriver: chrome on XP (5a8b21bb7a9a3e3580184b8224a3d938)] -&gt; id: ACTION_Logout] displayed in 49ms<br />
                                Element [[ChromeDriver: chrome on XP (5a8b21bb7a9a3e3580184b8224a3d938)] -&gt; id: ACTION_Logout] displayed in 58ms<br />
                                Click LogOut Link<br />
                                Angular request time 11ms<br />
                                Angular request time 10ms<br />
                  </div>
    

      </td>
</tr>
          <tr>
        <td colspan="3" class="group">com.NexusPortalAutomation.TestCases.Java.TC0005_TestBookMarks</td>
      </tr>
            
<tr>
  <td class="method">
                  TestSearchAutobyBookMark
      </td>
  <td class="duration">
    25.939s
  </td>
  <td class="result">
        
    
            <div class="testOutput">
                        Angular Request Completed in 70ms<br />
                                Element [[ChromeDriver: chrome on XP (30e556cf591002d78270bb93d0f948a0)] -&gt; id: kc-header-wrapper] displayed in 56ms<br />
                                Login Page Title Verified<br />
                                Element [[ChromeDriver: chrome on XP (30e556cf591002d78270bb93d0f948a0)] -&gt; id: username] displayed in 54ms<br />
                                Element [[ChromeDriver: chrome on XP (30e556cf591002d78270bb93d0f948a0)] -&gt; id: password] displayed in 49ms<br />
                                Element [[ChromeDriver: chrome on XP (30e556cf591002d78270bb93d0f948a0)] -&gt; id: kc-login] displayed in 50ms<br />
                                Angular Request Completed in 7ms<br />
                                User signed Admin<br />
                                Element &apos;//input[@id=&apos;SRCH_Input&apos;]&apos; is displayed in 69ms<br />
                                Element &apos;SRCH_Button_Favorites&apos; is displayed in 62ms<br />
                                Enter Text for Search =STATEMENTS001<br />
                                Element [[ChromeDriver: chrome on XP (30e556cf591002d78270bb93d0f948a0)] -&gt; id: SRCH_Input] displayed in 39ms<br />
                                Angular request time 1062ms<br />
                                Recent Customer =Ny SD<br />
                                Click Bookmark<br />
                                Element [[ChromeDriver: chrome on XP (30e556cf591002d78270bb93d0f948a0)] -&gt; id: ACTION_BOOKMARK] displayed in 18ms<br />
                                Click Book Mark<br />
                                Angular request time 2436ms<br />
                                Angular request time 35ms<br />
                                Element [[ChromeDriver: chrome on XP (30e556cf591002d78270bb93d0f948a0)] -&gt; id: SRCH_Button_Favorites] displayed in 76ms<br />
                                Element [[ChromeDriver: chrome on XP (30e556cf591002d78270bb93d0f948a0)] -&gt; id: SRCH_Button_Favorites] displayed in 19ms<br />
                                Click Dashboard BookMark Clicked<br />
                                Angular request time 24ms<br />
                                Element [[ChromeDriver: chrome on XP (30e556cf591002d78270bb93d0f948a0)] -&gt; id: SRCH_Option_1_Location_Id] displayed in 41ms<br />
                                Element &apos;//div[@class=&apos;address-details&apos;]&apos; is displayed in 79ms<br />
                                Bookmark saved successfully<br />
                                Element [[ChromeDriver: chrome on XP (30e556cf591002d78270bb93d0f948a0)] -&gt; id: ACTION_BOOKMARK_Selected] displayed in 38ms<br />
                                Click Book Mark<br />
                                Angular request time 361ms<br />
                                Angular request time 360ms<br />
                                Element [[ChromeDriver: chrome on XP (30e556cf591002d78270bb93d0f948a0)] -&gt; class name: cdk-overlay-container] displayed in 52ms<br />
                                Angular request time 9ms<br />
                                Element [[ChromeDriver: chrome on XP (30e556cf591002d78270bb93d0f948a0)] -&gt; id: USR_Name] displayed in 55ms<br />
                                Element [[ChromeDriver: chrome on XP (30e556cf591002d78270bb93d0f948a0)] -&gt; id: USR_Name] displayed in 42ms<br />
                                Click Logged User Link<br />
                                Angular request time 9ms<br />
                                Element [[ChromeDriver: chrome on XP (30e556cf591002d78270bb93d0f948a0)] -&gt; id: ACTION_Logout] displayed in 51ms<br />
                                Element [[ChromeDriver: chrome on XP (30e556cf591002d78270bb93d0f948a0)] -&gt; id: ACTION_Logout] displayed in 65ms<br />
                                Click LogOut Link<br />
                                Angular request time 35ms<br />
                                Angular request time 36ms<br />
                  </div>
    

      </td>
</tr>
          <tr>
        <td colspan="3" class="group">com.NexusPortalAutomation.TestCases.Java.TC0006_TestAlertOnLoad</td>
      </tr>
            
<tr>
  <td class="method">
                  TestSearchAlertOnLoad
      </td>
  <td class="duration">
    19.853s
  </td>
  <td class="result">
        
    
            <div class="testOutput">
                        Angular Request Completed in 33ms<br />
                                Element [[ChromeDriver: chrome on XP (75420799f473533308cd6526c970073b)] -&gt; id: kc-header-wrapper] displayed in 37ms<br />
                                Login Page Title Verified<br />
                                Element [[ChromeDriver: chrome on XP (75420799f473533308cd6526c970073b)] -&gt; id: username] displayed in 35ms<br />
                                Element [[ChromeDriver: chrome on XP (75420799f473533308cd6526c970073b)] -&gt; id: password] displayed in 36ms<br />
                                Element [[ChromeDriver: chrome on XP (75420799f473533308cd6526c970073b)] -&gt; id: kc-login] displayed in 38ms<br />
                                Angular Request Completed in 14ms<br />
                                User signed Admin<br />
                                Element &apos;//input[@id=&apos;SRCH_Input&apos;]&apos; is displayed in 57ms<br />
                                Element &apos;toolbar-saved&apos; is displayed in 45ms<br />
                                Enter Text for Search =Alert<br />
                                Element [[ChromeDriver: chrome on XP (75420799f473533308cd6526c970073b)] -&gt; id: SRCH_Input] displayed in 34ms<br />
                                Angular request time 780ms<br />
                                Click Customer<br />
                                Angular request time 1819ms<br />
                                Element &apos;//div[@class=&apos;address-details&apos;]&apos; is displayed in 61ms<br />
                                Angular request time 7ms<br />
                                Element [[ChromeDriver: chrome on XP (75420799f473533308cd6526c970073b)] -&gt; id: CUST_First_Last_Name] displayed in 30ms<br />
                                get Text Text Customer Name<br />
                                Angular request time 9ms<br />
                                Customer Name found Alert Test<br />
                                Strings Matched: Alert Test = Alert Test<br />
                                Element &apos;ALERTO_Action_Button&apos; is displayed in 34ms<br />
                                Element [[ChromeDriver: chrome on XP (75420799f473533308cd6526c970073b)] -&gt; id: ALERTO_Action_Button] displayed in 34ms<br />
                                Click Alert OK<br />
                                Angular request time 7ms<br />
                                Alert on Load Clicked<br />
                                Element [[ChromeDriver: chrome on XP (75420799f473533308cd6526c970073b)] -&gt; id: ALERT_1_Description] displayed in 33ms<br />
                                Click Alert Description<br />
                                Angular request time 8ms<br />
                                Click Description<br />
                                Element &apos;ALERTO_Action_Button&apos; is displayed in 93ms<br />
                                Element [[ChromeDriver: chrome on XP (75420799f473533308cd6526c970073b)] -&gt; id: ALERTO_Action_Button] displayed in 71ms<br />
                                Click Alert OK<br />
                                Angular request time 12ms<br />
                                Alert on description Clicked<br />
                                Angular request time 12ms<br />
                                Element [[ChromeDriver: chrome on XP (75420799f473533308cd6526c970073b)] -&gt; class name: cdk-overlay-container] displayed in 46ms<br />
                                Angular request time 19ms<br />
                                Element [[ChromeDriver: chrome on XP (75420799f473533308cd6526c970073b)] -&gt; id: USR_Name] displayed in 63ms<br />
                                Element [[ChromeDriver: chrome on XP (75420799f473533308cd6526c970073b)] -&gt; id: USR_Name] displayed in 49ms<br />
                                Click Logged User Link<br />
                                Angular request time 10ms<br />
                                Element [[ChromeDriver: chrome on XP (75420799f473533308cd6526c970073b)] -&gt; id: ACTION_Logout] displayed in 43ms<br />
                                Element [[ChromeDriver: chrome on XP (75420799f473533308cd6526c970073b)] -&gt; id: ACTION_Logout] displayed in 33ms<br />
                                Click LogOut Link<br />
                                Angular request time 10ms<br />
                                Angular request time 17ms<br />
                  </div>
    

      </td>
</tr>
          <tr>
        <td colspan="3" class="group">com.NexusPortalAutomation.TestCases.Java.TC0009_VerifyAccountSearch</td>
      </tr>
            
<tr>
  <td class="method">
                  TestSearchAccount
      </td>
  <td class="duration">
    27.107s
  </td>
  <td class="result">
        
    
            <div class="testOutput">
                        Angular Request Completed in 52ms<br />
                                Element [[ChromeDriver: chrome on XP (60c0feafccf867f4166a137d023e2048)] -&gt; id: kc-header-wrapper] displayed in 63ms<br />
                                Login Page Title Verified<br />
                                Element [[ChromeDriver: chrome on XP (60c0feafccf867f4166a137d023e2048)] -&gt; id: username] displayed in 45ms<br />
                                Element [[ChromeDriver: chrome on XP (60c0feafccf867f4166a137d023e2048)] -&gt; id: password] displayed in 68ms<br />
                                Element [[ChromeDriver: chrome on XP (60c0feafccf867f4166a137d023e2048)] -&gt; id: kc-login] displayed in 44ms<br />
                                Angular Request Completed in 17ms<br />
                                User signed Admin<br />
                                Enter Text for Search =AUTO1001<br />
                                Element [[ChromeDriver: chrome on XP (60c0feafccf867f4166a137d023e2048)] -&gt; id: SRCH_Input] displayed in 58ms<br />
                                Angular request time 1058ms<br />
                                Click Customer<br />
                                Angular request time 2326ms<br />
                                Angular request time 10ms<br />
                                Element [[ChromeDriver: chrome on XP (60c0feafccf867f4166a137d023e2048)] -&gt; id: CUST_Customer_Id] displayed in 77ms<br />
                                get Text Text Customer Id<br />
                                Angular request time 11ms<br />
                                CustomerId found AUTO1001<br />
                                Strings Matched: AUTO1001 = AUTO1001<br />
                                Angular request time 7ms<br />
                                Click on Account Drop down<br />
                                Element [[ChromeDriver: chrome on XP (60c0feafccf867f4166a137d023e2048)] -&gt; id: SRCH_Accounts_Label] displayed in 76ms<br />
                                Element [[ChromeDriver: chrome on XP (60c0feafccf867f4166a137d023e2048)] -&gt; id: SRCH_Accounts_Label] displayed in 21ms<br />
                                Click Account Drop down<br />
                                Angular request time 28ms<br />
                                Enter Account Name<br />
                                Angular request time 10ms<br />
                                Element [[ChromeDriver: chrome on XP (60c0feafccf867f4166a137d023e2048)] -&gt; id: SRCH_Accounts] displayed in 55ms<br />
                                Element [[ChromeDriver: chrome on XP (60c0feafccf867f4166a137d023e2048)] -&gt; id: SRCH_Accounts] displayed in 20ms<br />
                                Click Search Account<br />
                                Angular request time 15ms<br />
                                Element [[ChromeDriver: chrome on XP (60c0feafccf867f4166a137d023e2048)] -&gt; id: SRCH_Accounts_Result1_Customer_Status] displayed in 33ms<br />
                                Strings Matched: Current = Current<br />
                                Element [[ChromeDriver: chrome on XP (60c0feafccf867f4166a137d023e2048)] -&gt; id: SRCH_Accounts_Result2_Customer_Status] displayed in 45ms<br />
                                Strings Matched: Current = Current<br />
                                Element [[ChromeDriver: chrome on XP (60c0feafccf867f4166a137d023e2048)] -&gt; id: SRCH_Accounts_Result3_Customer_Status] displayed in 43ms<br />
                                Strings Matched: Former = Former<br />
                                Element [[ChromeDriver: chrome on XP (60c0feafccf867f4166a137d023e2048)] -&gt; id: SRCH_Accounts_Result4_Customer_Status] displayed in 29ms<br />
                                Strings Matched: Move In = Move In<br />
                                Element [[ChromeDriver: chrome on XP (60c0feafccf867f4166a137d023e2048)] -&gt; id: SRCH_Accounts_Result2_Address_Line] displayed in 30ms<br />
                                Angular request time 1742ms<br />
                                Verifying Address Details<br />
                                Element [[ChromeDriver: chrome on XP (60c0feafccf867f4166a137d023e2048)] -&gt; id: &apos;LOC_Address_Line&apos;] displayed in 36ms<br />
                                Element [[ChromeDriver: chrome on XP (60c0feafccf867f4166a137d023e2048)] -&gt; id: &apos;LOC_Address_Line&apos;] displayed in 18ms<br />
                                get Text Text Address Line Result<br />
                                Angular request time 22ms<br />
                                Strings Matched: 4 Water 145 Unit = 4 Water 145 Unit<br />
                                Element [[ChromeDriver: chrome on XP (60c0feafccf867f4166a137d023e2048)] -&gt; id: &apos;LOC_Address_City&apos;] displayed in 40ms<br />
                                Element [[ChromeDriver: chrome on XP (60c0feafccf867f4166a137d023e2048)] -&gt; id: &apos;LOC_Address_City&apos;] displayed in 26ms<br />
                                get Text Text Address City Result<br />
                                Angular request time 10ms<br />
                                Strings Matched: New York = New York<br />
                                Element [[ChromeDriver: chrome on XP (60c0feafccf867f4166a137d023e2048)] -&gt; id: &apos;LOC_Address_State&apos;] displayed in 49ms<br />
                                Element [[ChromeDriver: chrome on XP (60c0feafccf867f4166a137d023e2048)] -&gt; id: &apos;LOC_Address_State&apos;] displayed in 17ms<br />
                                get Text Text Address State Result<br />
                                Angular request time 11ms<br />
                                Strings Matched: NY = NY<br />
                                Element [[ChromeDriver: chrome on XP (60c0feafccf867f4166a137d023e2048)] -&gt; id: &apos;LOC_Address_ZipCode&apos;] displayed in 67ms<br />
                                Element [[ChromeDriver: chrome on XP (60c0feafccf867f4166a137d023e2048)] -&gt; id: &apos;LOC_Address_ZipCode&apos;] displayed in 19ms<br />
                                get Text Text Address State Result<br />
                                Angular request time 10ms<br />
                                Strings Matched: 65342 = 65342<br />
                                Angular request time 26ms<br />
                                Click on Account Drop down<br />
                                Enter Account Name<br />
                                Angular request time 16ms<br />
                                Element [[ChromeDriver: chrome on XP (60c0feafccf867f4166a137d023e2048)] -&gt; id: SRCH_Accounts] displayed in 31ms<br />
                                Element [[ChromeDriver: chrome on XP (60c0feafccf867f4166a137d023e2048)] -&gt; id: SRCH_Accounts] displayed in 31ms<br />
                                Click Search Account<br />
                                Angular request time 44ms<br />
                                Element [[ChromeDriver: chrome on XP (60c0feafccf867f4166a137d023e2048)] -&gt; id: SRCH_Accounts] displayed in 38ms<br />
                                Set Text Account Search Text<br />
                                Angular request time 15ms<br />
                                Angular request time 115ms<br />
                                Angular request time 18ms<br />
                                Verify Account Name =LOC@0002<br />
                                Element [[ChromeDriver: chrome on XP (60c0feafccf867f4166a137d023e2048)] -&gt; id: SRCH_Accounts_Result1] displayed in 87ms<br />
                                Element [[ChromeDriver: chrome on XP (60c0feafccf867f4166a137d023e2048)] -&gt; id: SRCH_Accounts_Result1] displayed in 46ms<br />
                                get Text Text Account Search Result<br />
                                Angular request time 16ms<br />
                                Strings Matched: 8129371 128 Test 12 712893 Bsmt<br/>
Karachi OTTAWA 81392-37<br/>
LOC@0002<br/>
$0.00<br/>
Jul 09, 2019 - Current<br/>
Current = LOC@0002<br />
                                Angular request time 16ms<br />
                                Angular request time 16ms<br />
                                Element [[ChromeDriver: chrome on XP (60c0feafccf867f4166a137d023e2048)] -&gt; class name: cdk-overlay-container] displayed in 69ms<br />
                                Angular request time 10ms<br />
                                Element [[ChromeDriver: chrome on XP (60c0feafccf867f4166a137d023e2048)] -&gt; id: USR_Name] displayed in 63ms<br />
                                Element [[ChromeDriver: chrome on XP (60c0feafccf867f4166a137d023e2048)] -&gt; id: USR_Name] displayed in 41ms<br />
                                Click Logged User Link<br />
                                Angular request time 34ms<br />
                                Element [[ChromeDriver: chrome on XP (60c0feafccf867f4166a137d023e2048)] -&gt; id: ACTION_Logout] displayed in 76ms<br />
                                Element [[ChromeDriver: chrome on XP (60c0feafccf867f4166a137d023e2048)] -&gt; id: ACTION_Logout] displayed in 69ms<br />
                                Click LogOut Link<br />
                                Angular request time 15ms<br />
                                Angular request time 23ms<br />
                  </div>
    

      </td>
</tr>
          <tr>
        <td colspan="3" class="group">com.NexusPortalAutomation.TestCases.Java.TC0011_VerifyBookMark</td>
      </tr>
            
<tr>
  <td class="method">
                  TestBookMark
      </td>
  <td class="duration">
    42.929s
  </td>
  <td class="result">
        
    
            <div class="testOutput">
                        Angular Request Completed in 86ms<br />
                                Element [[ChromeDriver: chrome on XP (383ad0544ae58264457c89f9e9c35b12)] -&gt; id: kc-header-wrapper] displayed in 106ms<br />
                                Login Page Title Verified<br />
                                Element [[ChromeDriver: chrome on XP (383ad0544ae58264457c89f9e9c35b12)] -&gt; id: username] displayed in 73ms<br />
                                Element [[ChromeDriver: chrome on XP (383ad0544ae58264457c89f9e9c35b12)] -&gt; id: password] displayed in 64ms<br />
                                Element [[ChromeDriver: chrome on XP (383ad0544ae58264457c89f9e9c35b12)] -&gt; id: kc-login] displayed in 60ms<br />
                                Angular Request Completed in 29ms<br />
                                User signed Admin<br />
                                Enter Text for Search =STATEMENTS001<br />
                                Element [[ChromeDriver: chrome on XP (383ad0544ae58264457c89f9e9c35b12)] -&gt; id: SRCH_Input] displayed in 64ms<br />
                                Angular request time 1083ms<br />
                                Recent Customer =Ny SD<br />
                                Angular request time 3062ms<br />
                                Element [[ChromeDriver: chrome on XP (383ad0544ae58264457c89f9e9c35b12)] -&gt; id: &apos;LOC_Location_Id&apos;] displayed in 47ms<br />
                                get Text Text CustomerLocId<br />
                                Angular request time 551ms<br />
                                Customer Location Id found STATEMENTS001<br />
                                Strings Matched: STATEMENTS001 = STATEMENTS001<br />
                                Click Bookmark<br />
                                Element [[ChromeDriver: chrome on XP (383ad0544ae58264457c89f9e9c35b12)] -&gt; id: ACTION_BOOKMARK] displayed in 25ms<br />
                                Click Book Mark<br />
                                Angular request time 630ms<br />
                                Angular request time 10ms<br />
                                Angular request time 14ms<br />
                                Element [[ChromeDriver: chrome on XP (383ad0544ae58264457c89f9e9c35b12)] -&gt; class name: cdk-overlay-container] displayed in 50ms<br />
                                Angular request time 14ms<br />
                                Element [[ChromeDriver: chrome on XP (383ad0544ae58264457c89f9e9c35b12)] -&gt; id: USR_Name] displayed in 50ms<br />
                                Element [[ChromeDriver: chrome on XP (383ad0544ae58264457c89f9e9c35b12)] -&gt; id: USR_Name] displayed in 46ms<br />
                                Click Logged User Link<br />
                                Angular request time 11ms<br />
                                Element [[ChromeDriver: chrome on XP (383ad0544ae58264457c89f9e9c35b12)] -&gt; id: ACTION_Logout] displayed in 55ms<br />
                                Element [[ChromeDriver: chrome on XP (383ad0544ae58264457c89f9e9c35b12)] -&gt; id: ACTION_Logout] displayed in 38ms<br />
                                Click LogOut Link<br />
                                Angular request time 39ms<br />
                                Angular request time 16ms<br />
                                Angular Request Completed in 36ms<br />
                                Element [[ChromeDriver: chrome on XP (383ad0544ae58264457c89f9e9c35b12)] -&gt; id: kc-header-wrapper] displayed in 45ms<br />
                                Login Page Title Verified<br />
                                Element [[ChromeDriver: chrome on XP (383ad0544ae58264457c89f9e9c35b12)] -&gt; id: username] displayed in 42ms<br />
                                Element [[ChromeDriver: chrome on XP (383ad0544ae58264457c89f9e9c35b12)] -&gt; id: password] displayed in 62ms<br />
                                Element [[ChromeDriver: chrome on XP (383ad0544ae58264457c89f9e9c35b12)] -&gt; id: kc-login] displayed in 46ms<br />
                                Angular Request Completed in 15ms<br />
                                User signed Admin<br />
                                Click BookMarked Customer<br />
                                Recent Customer =Ny SD<br />
                                Angular request time 2468ms<br />
                                Element [[ChromeDriver: chrome on XP (383ad0544ae58264457c89f9e9c35b12)] -&gt; id: &apos;LOC_Location_Id&apos;] displayed in 61ms<br />
                                get Text Text CustomerLocId<br />
                                Angular request time 771ms<br />
                                Customer Location Id found STATEMENTS001<br />
                                Strings Matched: STATEMENTS001 = STATEMENTS001<br />
                                Element [[ChromeDriver: chrome on XP (383ad0544ae58264457c89f9e9c35b12)] -&gt; id: ACTION_BOOKMARK_Selected] displayed in 67ms<br />
                                Click Book Mark<br />
                                Angular request time 330ms<br />
                                Angular request time 326ms<br />
                                Element [[ChromeDriver: chrome on XP (383ad0544ae58264457c89f9e9c35b12)] -&gt; class name: cdk-overlay-container] displayed in 49ms<br />
                                Angular request time 14ms<br />
                                Element [[ChromeDriver: chrome on XP (383ad0544ae58264457c89f9e9c35b12)] -&gt; id: USR_Name] displayed in 77ms<br />
                                Element [[ChromeDriver: chrome on XP (383ad0544ae58264457c89f9e9c35b12)] -&gt; id: USR_Name] displayed in 50ms<br />
                                Click Logged User Link<br />
                                Angular request time 17ms<br />
                                Element [[ChromeDriver: chrome on XP (383ad0544ae58264457c89f9e9c35b12)] -&gt; id: ACTION_Logout] displayed in 54ms<br />
                                Element [[ChromeDriver: chrome on XP (383ad0544ae58264457c89f9e9c35b12)] -&gt; id: ACTION_Logout] displayed in 47ms<br />
                                Click LogOut Link<br />
                                Angular request time 39ms<br />
                                Angular request time 14ms<br />
                  </div>
    

      </td>
</tr>
          <tr>
        <td colspan="3" class="group">com.NexusPortalAutomation.TestCases.Java.TC0017_StatementsValue</td>
      </tr>
            
<tr>
  <td class="method">
                  TestBillingStatements
      </td>
  <td class="duration">
    23.461s
  </td>
  <td class="result">
        
    
            <div class="testOutput">
                        Angular Request Completed in 87ms<br />
                                Element [[ChromeDriver: chrome on XP (9b395c1ae38a67f9aaa20f6dbc5c0323)] -&gt; id: kc-header-wrapper] displayed in 45ms<br />
                                Login Page Title Verified<br />
                                Element [[ChromeDriver: chrome on XP (9b395c1ae38a67f9aaa20f6dbc5c0323)] -&gt; id: username] displayed in 46ms<br />
                                Element [[ChromeDriver: chrome on XP (9b395c1ae38a67f9aaa20f6dbc5c0323)] -&gt; id: password] displayed in 45ms<br />
                                Element [[ChromeDriver: chrome on XP (9b395c1ae38a67f9aaa20f6dbc5c0323)] -&gt; id: kc-login] displayed in 44ms<br />
                                Angular Request Completed in 15ms<br />
                                User signed Admin<br />
                                Enter Text for Search =STATEMENTS001<br />
                                Element [[ChromeDriver: chrome on XP (9b395c1ae38a67f9aaa20f6dbc5c0323)] -&gt; id: SRCH_Input] displayed in 51ms<br />
                                Angular request time 944ms<br />
                                Click Customer<br />
                                Angular request time 2196ms<br />
                                Angular request time 959ms<br />
                                Element [[ChromeDriver: chrome on XP (9b395c1ae38a67f9aaa20f6dbc5c0323)] -&gt; id: &apos;LOC_Location_Id&apos;] displayed in 69ms<br />
                                get Text Text CustomerLocId<br />
                                Angular request time 11ms<br />
                                Customer Location Id found STATEMENTS001<br />
                                Strings Matched: STATEMENTS001 = STATEMENTS001<br />
                                Angular request time 9ms<br />
                                Element [[ChromeDriver: chrome on XP (9b395c1ae38a67f9aaa20f6dbc5c0323)] -&gt; id: BILL_Statement_Button] displayed in 87ms<br />
                                Click Bill Statement Button<br />
                                Angular request time 12ms<br />
                                Verify Bill Statement Date<br />
                                Angular request time 11ms<br />
                                Element [[ChromeDriver: chrome on XP (9b395c1ae38a67f9aaa20f6dbc5c0323)] -&gt; id: BILL_Statement_1] displayed in 95ms<br />
                                Strings Matched: Jul 31, 2019 = Jul 31, 2019<br />
                                Angular request time 10ms<br />
                                Element [[ChromeDriver: chrome on XP (9b395c1ae38a67f9aaa20f6dbc5c0323)] -&gt; id: BILL_Statement_Value_1] displayed in 55ms<br />
                                Strings Matched: $56.71 = $56.71<br />
                                Angular request time 10ms<br />
                                Element [[ChromeDriver: chrome on XP (9b395c1ae38a67f9aaa20f6dbc5c0323)] -&gt; class name: cdk-overlay-container] displayed in 63ms<br />
                                Angular request time 15ms<br />
                                Element [[ChromeDriver: chrome on XP (9b395c1ae38a67f9aaa20f6dbc5c0323)] -&gt; id: USR_Name] displayed in 60ms<br />
                                Element [[ChromeDriver: chrome on XP (9b395c1ae38a67f9aaa20f6dbc5c0323)] -&gt; id: USR_Name] displayed in 45ms<br />
                                Click Logged User Link<br />
                                Angular request time 16ms<br />
                                Element [[ChromeDriver: chrome on XP (9b395c1ae38a67f9aaa20f6dbc5c0323)] -&gt; id: ACTION_Logout] displayed in 63ms<br />
                                Element [[ChromeDriver: chrome on XP (9b395c1ae38a67f9aaa20f6dbc5c0323)] -&gt; id: ACTION_Logout] displayed in 46ms<br />
                                Click LogOut Link<br />
                                Angular request time 13ms<br />
                                Angular request time 12ms<br />
                  </div>
    

      </td>
</tr>
      </table>
  
</body>
</html>
