<!DOCTYPE html PUBLIC "-//W3C//DTD XHTML 1.1//EN" "http://www.w3.org/TR/xhtml11/DTD/xhtml11.dtd">
<html xmlns="http://www.w3.org/1999/xhtml">
<head>
<meta http-equiv="content-type" content="text/html; charset=UTF-8"/>
<title>TestNG Report</title>
<style type="text/css">table {margin-bottom:10px;border-collapse:collapse;empty-cells:show}th,td {border:1px solid #009;padding:.25em .5em}th {vertical-align:bottom}td {vertical-align:top}table a {font-weight:bold}.stripe td {background-color: #E6EBF9}.num {text-align:right}.passedodd td {background-color: #3F3}.passedeven td {background-color: #0A0}.skippedodd td {background-color: #DDD}.skippedeven td {background-color: #CCC}.failedodd td,.attn {background-color: #F33}.failedeven td,.stripe .attn {background-color: #D00}.stacktrace {white-space:pre;font-family:monospace}.totop {font-size:85%;text-align:center;border-bottom:2px solid #000}.invisible {display:none}</style>
</head>
<body>
<table>
<tr><th>Test</th><th># Passed</th><th># Skipped</th><th># Failed</th><th>Time (ms)</th><th>Included Groups</th><th>Excluded Groups</th></tr>
<tr><th colspan="7">Test Suite for Nexus Portal</th></tr>
<tr><td><a href="#t0">NexusTest</a></td><td class="num">11</td><td class="num">0</td><td class="num attn">4</td><td class="num">493,234</td><td></td><td></td></tr>
</table>
<table id='summary'><thead><tr><th>Class</th><th>Method</th><th>Start</th><th>Time (ms)</th></tr></thead><tbody><tr><th colspan="4">Test Suite for Nexus Portal</th></tr></tbody><tbody id="t0"><tr><th colspan="4">NexusTest &#8212; failed</th></tr><tr class="failedeven"><td rowspan="1">com.NexusPortalAutomation.TestCases.Java.TC0002_TestSearchAutobyFirstName</td><td><a href="#m0">TestSearchAutobyFirstName</a></td><td rowspan="1">1560368119157</td><td rowspan="1">19828</td></tr><tr class="failedodd"><td rowspan="1">com.NexusPortalAutomation.TestCases.Java.TC0003_TestSearchAutobyLastName</td><td><a href="#m1">TestSearchAutobyLastName</a></td><td rowspan="1">1560368145734</td><td rowspan="1">19118</td></tr><tr class="failedeven"><td rowspan="1">com.NexusPortalAutomation.TestCases.Java.TC0006_TestAlertOnLoad</td><td><a href="#m2">TestSearchAlertOnLoad</a></td><td rowspan="1">1560368068422</td><td rowspan="1">18657</td></tr><tr class="failedodd"><td rowspan="1">com.NexusPortalAutomation.TestCases.Java.TC0007_TestSummarySection</td><td><a href="#m3">TestSummarySectionOnChange</a></td><td rowspan="1">1560368093391</td><td rowspan="1">19352</td></tr><tr><th colspan="4">NexusTest &#8212; passed</th></tr><tr class="passedeven"><td rowspan="1">com.NexusPortalAutomation.TestCases.Java.TC0001_VerifySignInbyID</td><td><a href="#m4">TestSearchID</a></td><td rowspan="1">1560367679969</td><td rowspan="1">28796</td></tr><tr class="passedodd"><td rowspan="1">com.NexusPortalAutomation.TestCases.Java.TC0004_TestSearchbyRecentFunction</td><td><a href="#m5">TestSearchAutobyRecent</a></td><td rowspan="1">1560367984687</td><td rowspan="1">41703</td></tr><tr class="passedeven"><td rowspan="1">com.NexusPortalAutomation.TestCases.Java.TC0005_TestSearchbyBookMarks</td><td><a href="#m6">TestSearchAutobyBookMark</a></td><td rowspan="1">1560368030157</td><td rowspan="1">32755</td></tr><tr class="passedodd"><td rowspan="1">com.NexusPortalAutomation.TestCases.Java.TC0008_VerifySignInbyLocationID</td><td><a href="#m7">TestSearchbyLocationID</a></td><td rowspan="1">1560367712894</td><td rowspan="1">30242</td></tr><tr class="passedeven"><td rowspan="1">com.NexusPortalAutomation.TestCases.Java.TC0009_VerifyAccountSearch</td><td><a href="#m8">TestSearchAccount</a></td><td rowspan="1">1560367749266</td><td rowspan="1">29078</td></tr><tr class="passedodd"><td rowspan="1">com.NexusPortalAutomation.TestCases.Java.TC0010_VerifyCustomerDetails</td><td><a href="#m9">TestCustomerDetails</a></td><td rowspan="1">1560367784109</td><td rowspan="1">30791</td></tr><tr class="passedeven"><td rowspan="1">com.NexusPortalAutomation.TestCases.Java.TC0012_VerifyCreditStatus</td><td><a href="#m10">TestCreditStatus</a></td><td rowspan="1">1560367821111</td><td rowspan="1">28677</td></tr><tr class="passedodd"><td rowspan="1">com.NexusPortalAutomation.TestCases.Java.TC0013_VerifyContactEdit</td><td><a href="#m11">TestContactEdit</a></td><td rowspan="1">1560367853953</td><td rowspan="1">29824</td></tr><tr class="passedeven"><td rowspan="1">com.NexusPortalAutomation.TestCases.Java.TC0014_VerifySecondaryContact</td><td><a href="#m12">TestSecondayContact</a></td><td rowspan="1">1560367889140</td><td rowspan="1">25660</td></tr><tr class="passedodd"><td rowspan="1">com.NexusPortalAutomation.TestCases.Java.TC0015_VerifyContactLogs</td><td><a href="#m13">TestNotesSection</a></td><td rowspan="1">1560367918547</td><td rowspan="1">27820</td></tr><tr class="passedeven"><td rowspan="1">com.NexusPortalAutomation.TestCases.Java.TC0017_StatementsValue</td><td><a href="#m14">TestBillingStatements</a></td><td rowspan="1">1560367950015</td><td rowspan="1">30880</td></tr></tbody>
</table>
<h2>NexusTest</h2><h3 id="m0">com.NexusPortalAutomation.TestCases.Java.TC0002_TestSearchAutobyFirstName#TestSearchAutobyFirstName</h3><table class="result"><tr><th>Messages</th></tr><tr><td><div class="messages">Angular Request Completed in 27ms<br/>Sign in Page Title Verified<br/>Angular Request Completed in 17ms<br/>User signed Admin<br/>Enter Text for Search =Automation<br/>Element [[ChromeDriver: chrome on XP (ca7f5a5f2b80aef6679f58d52647c7b6)] -> id: SRCH_Input] displayed in 48ms<br/>Angular request time 1500ms<br/>Click Customer<br/>Angular request time 2340ms<br/>Angular request time 15ms<br/>Customer Name found Automation Mate<br/>Strings Not Matched: Mr. Automation Mate != Automation Mate<br/><a href="F:\FailedTestsScreenshots\TestSearchAutobyFirstNameScreenshot-1560368138985.jpg"><align="left">Error screenshot at Wed Jun 12 14:35:39 CDT 2019<br/><img width="1024" src="F:\FailedTestsScreenshots\TestSearchAutobyFirstNameScreenshot-1560368138985.jpg" alt="screenshot at Wed Jun 12 14:35:39 CDT 2019"/></a><br /></div></td></tr><tr><th>Exception</th></tr><tr><td><div class="stacktrace">java.lang.AssertionError: expected [Automation Mate] but found [Mr. Automation Mate]
	at com.NexusPortalAutomation.Utilities.Java.CommonMethods.VerifyString(CommonMethods.java:61)
	at com.NexusPortalAutomation.TestCases.Java.TC0002_TestSearchAutobyFirstName.TestSearchAutobyFirstName(TC0002_TestSearchAutobyFirstName.java:34)
... Removed 35 stack frames</div></td></tr></table><p class="totop"><a href="#summary">back to summary</a></p>
<h3 id="m1">com.NexusPortalAutomation.TestCases.Java.TC0003_TestSearchAutobyLastName#TestSearchAutobyLastName</h3><table class="result"><tr><th>Messages</th></tr><tr><td><div class="messages">Angular Request Completed in 29ms<br/>Sign in Page Title Verified<br/>Angular Request Completed in 16ms<br/>User signed Admin<br/>Enter Text for Search =Mate<br/>Element [[ChromeDriver: chrome on XP (ef5aebe979f7550d83122a1d3c6ba504)] -> id: SRCH_Input] displayed in 63ms<br/>Angular request time 1024ms<br/>Click Customer<br/>Angular request time 1722ms<br/>Angular request time 13ms<br/>Customer Name found Automation Mate<br/>Strings Not Matched: Mr. Automation Mate != Automation Mate<br/><a href="F:\FailedTestsScreenshots\TestSearchAutobyLastNameScreenshot-1560368164852.jpg"><align="left">Error screenshot at Wed Jun 12 14:36:05 CDT 2019<br/><img width="1024" src="F:\FailedTestsScreenshots\TestSearchAutobyLastNameScreenshot-1560368164852.jpg" alt="screenshot at Wed Jun 12 14:36:05 CDT 2019"/></a><br /></div></td></tr><tr><th>Exception</th></tr><tr><td><div class="stacktrace">java.lang.AssertionError: expected [Automation Mate] but found [Mr. Automation Mate]
	at com.NexusPortalAutomation.Utilities.Java.CommonMethods.VerifyString(CommonMethods.java:61)
	at com.NexusPortalAutomation.TestCases.Java.TC0003_TestSearchAutobyLastName.TestSearchAutobyLastName(TC0003_TestSearchAutobyLastName.java:34)
... Removed 35 stack frames</div></td></tr></table><p class="totop"><a href="#summary">back to summary</a></p>
<h3 id="m2">com.NexusPortalAutomation.TestCases.Java.TC0006_TestAlertOnLoad#TestSearchAlertOnLoad</h3><table class="result"><tr><th>Messages</th></tr><tr><td><div class="messages">Angular Request Completed in 74ms<br/>Sign in Page Title Verified<br/>Angular Request Completed in 16ms<br/>User signed Admin<br/>Element '//input[@id='SRCH_Input']' is displayed in 78ms<br/>Element 'toolbar-saved' is displayed in 63ms<br/>Enter Text for Search =Alert<br/>Element [[ChromeDriver: chrome on XP (9818ccde9ce530609e766f430964ab9e)] -> id: SRCH_Input] displayed in 62ms<br/>Angular request time 993ms<br/>Click Customer<br/>Angular request time 2271ms<br/>Element '//div[@class='address-details']' is displayed in 112ms<br/>Angular request time 16ms<br/>Customer Name found Alert Test<br/>Strings Not Matched: Mr. Alert Test != Alert Test<br/><a href="F:\FailedTestsScreenshots\TestSearchAlertOnLoadScreenshot-1560368087093.jpg"><align="left">Error screenshot at Wed Jun 12 14:34:47 CDT 2019<br/><img width="1024" src="F:\FailedTestsScreenshots\TestSearchAlertOnLoadScreenshot-1560368087093.jpg" alt="screenshot at Wed Jun 12 14:34:47 CDT 2019"/></a><br /></div></td></tr><tr><th>Exception</th></tr><tr><td><div class="stacktrace">java.lang.AssertionError: expected [Alert Test] but found [Mr. Alert Test]
	at com.NexusPortalAutomation.Utilities.Java.CommonMethods.VerifyString(CommonMethods.java:61)
	at com.NexusPortalAutomation.TestCases.Java.TC0006_TestAlertOnLoad.TestSearchAlertOnLoad(TC0006_TestAlertOnLoad.java:37)
... Removed 35 stack frames</div></td></tr></table><p class="totop"><a href="#summary">back to summary</a></p>
<h3 id="m3">com.NexusPortalAutomation.TestCases.Java.TC0007_TestSummarySection#TestSummarySectionOnChange</h3><table class="result"><tr><th>Messages</th></tr><tr><td><div class="messages">Angular Request Completed in 157ms<br/>Sign in Page Title Verified<br/>Angular Request Completed in 31ms<br/>User signed Admin<br/>Element '//input[@id='SRCH_Input']' is displayed in 79ms<br/>Element 'toolbar-saved' is displayed in 63ms<br/>Angular Request Completed in 15ms<br/>Enter Text for Search =Automation<br/>Element [[ChromeDriver: chrome on XP (e1ae22df133b603b422d990feabeb758)] -> id: SRCH_Input] displayed in 31ms<br/>Angular request time 1154ms<br/>Click Customer<br/>Angular request time 1881ms<br/>Element '//div[@class='address-details']' is displayed in 81ms<br/>Angular request time 11ms<br/>Customer Name found Automation Mate<br/>Strings Not Matched: Mr. Automation Mate != Automation Mate<br/><a href="F:\FailedTestsScreenshots\TestSummarySectionOnChangeScreenshot-1560368112743.jpg"><align="left">Error screenshot at Wed Jun 12 14:35:13 CDT 2019<br/><img width="1024" src="F:\FailedTestsScreenshots\TestSummarySectionOnChangeScreenshot-1560368112743.jpg" alt="screenshot at Wed Jun 12 14:35:13 CDT 2019"/></a><br /></div></td></tr><tr><th>Exception</th></tr><tr><td><div class="stacktrace">java.lang.AssertionError: expected [Automation Mate] but found [Mr. Automation Mate]
	at com.NexusPortalAutomation.Utilities.Java.CommonMethods.VerifyString(CommonMethods.java:61)
	at com.NexusPortalAutomation.TestCases.Java.TC0007_TestSummarySection.TestSummarySectionOnChange(TC0007_TestSummarySection.java:39)
... Removed 35 stack frames</div></td></tr></table><p class="totop"><a href="#summary">back to summary</a></p>
<h3 id="m4">com.NexusPortalAutomation.TestCases.Java.TC0001_VerifySignInbyID#TestSearchID</h3><table class="result"><tr><th>Messages</th></tr><tr><td><div class="messages">Angular Request Completed in 86ms<br/>Sign in Page Title Verified<br/>Angular Request Completed in 31ms<br/>User signed Admin<br/>Enter Text for Search =0000011111<br/>Element [[ChromeDriver: chrome on XP (7a636ed1c9f996e1175f086e0735d9a5)] -> id: SRCH_Input] displayed in 63ms<br/>Angular request time 1066ms<br/>Click Customer<br/>Angular request time 1948ms<br/>Angular request time 23ms<br/>CustomerId found 0000011111<br/>Strings Matched: 0000011111 = 0000011111<br/>Angular request time 16ms<br/>Angular request time 66ms<br/>Element [[ChromeDriver: chrome on XP (7a636ed1c9f996e1175f086e0735d9a5)] -> id: USR_Name] displayed in 43ms<br/>Element [[ChromeDriver: chrome on XP (7a636ed1c9f996e1175f086e0735d9a5)] -> css selector: .logout-label] displayed in 54ms<br/>Angular request time 16ms</div></td></tr></table><p class="totop"><a href="#summary">back to summary</a></p>
<h3 id="m5">com.NexusPortalAutomation.TestCases.Java.TC0004_TestSearchbyRecentFunction#TestSearchAutobyRecent</h3><table class="result"><tr><th>Messages</th></tr><tr><td><div class="messages">Angular Request Completed in 79ms<br/>Sign in Page Title Verified<br/>Angular Request Completed in 13ms<br/>User signed Admin<br/>Element '//input[@id='SRCH_Input']' is displayed in 110ms<br/>Click Recent<br/>Recent Customer =Aut Statement<br/>Click Customer<br/>Angular request time 3453ms<br/>Alert not configured<br/>Element '//div[@class='address-details']' is displayed in 78ms<br/>Angular request time 16ms<br/>Strings Matched: Aut Statement = Aut Statement<br/>Angular request time 16ms<br/>Angular request time 14ms<br/>Element [[ChromeDriver: chrome on XP (e934354f3e03db83bee6453ed6c4ca68)] -> id: USR_Name] displayed in 38ms<br/>Element [[ChromeDriver: chrome on XP (e934354f3e03db83bee6453ed6c4ca68)] -> css selector: .logout-label] displayed in 58ms<br/>Angular request time 25ms</div></td></tr></table><p class="totop"><a href="#summary">back to summary</a></p>
<h3 id="m6">com.NexusPortalAutomation.TestCases.Java.TC0005_TestSearchbyBookMarks#TestSearchAutobyBookMark</h3><table class="result"><tr><th>Messages</th></tr><tr><td><div class="messages">Angular Request Completed in 15ms<br/>Sign in Page Title Verified<br/>Angular Request Completed in 15ms<br/>User signed Admin<br/>Element '//input[@id='SRCH_Input']' is displayed in 93ms<br/>Element 'SRCH_Button_Favorites' is displayed in 95ms<br/>Click BookMarked Customer<br/>Click Customer<br/>Angular request time 2552ms<br/>Element '//div[@class='address-details']' is displayed in 66ms<br/>Angular request time 16ms<br/>Customer Name found Noel Ford<br/>Strings Matched: Noel Ford = Noel Ford<br/>Angular request time 14ms<br/>Angular request time 12ms<br/>Element [[ChromeDriver: chrome on XP (70793c6ab1a91b7bc56f901ef1f21385)] -> id: USR_Name] displayed in 41ms<br/>Element [[ChromeDriver: chrome on XP (70793c6ab1a91b7bc56f901ef1f21385)] -> css selector: .logout-label] displayed in 50ms<br/>Angular request time 17ms</div></td></tr></table><p class="totop"><a href="#summary">back to summary</a></p>
<h3 id="m7">com.NexusPortalAutomation.TestCases.Java.TC0008_VerifySignInbyLocationID#TestSearchbyLocationID</h3><table class="result"><tr><th>Messages</th></tr><tr><td><div class="messages">Angular Request Completed in 166ms<br/>Sign in Page Title Verified<br/>Angular Request Completed in 406ms<br/>User signed Admin<br/>Enter Text for Search =LOC@0001<br/>Element [[ChromeDriver: chrome on XP (7bd86124f0bd12c0baf1e8931d9dab5f)] -> id: SRCH_Input] displayed in 31ms<br/>Angular request time 765ms<br/>Click Customer<br/>Angular request time 2268ms<br/>Angular request time 489ms<br/>Customer Location Id found LOC@0001<br/>Strings Matched: LOC@0001 = LOC@0001<br/>Angular request time 16ms<br/>Verifying Address Details<br/>Strings Matched: 007 Aut Automation Street Rt 20001 Apt = 007 Aut Automation Street Rt 20001 Apt<br/>Strings Matched: Cloudy = Cloudy<br/>Strings Matched: D = D<br/>Strings Matched: 00720-019 = 00720-019<br/>Angular request time 16ms<br/>Angular request time 14ms<br/>Element [[ChromeDriver: chrome on XP (7bd86124f0bd12c0baf1e8931d9dab5f)] -> id: USR_Name] displayed in 132ms<br/>Element [[ChromeDriver: chrome on XP (7bd86124f0bd12c0baf1e8931d9dab5f)] -> css selector: .logout-label] displayed in 469ms<br/>Angular request time 16ms</div></td></tr></table><p class="totop"><a href="#summary">back to summary</a></p>
<h3 id="m8">com.NexusPortalAutomation.TestCases.Java.TC0009_VerifyAccountSearch#TestSearchAccount</h3><table class="result"><tr><th>Messages</th></tr><tr><td><div class="messages">Angular Request Completed in 240ms<br/>Sign in Page Title Verified<br/>Angular Request Completed in 15ms<br/>User signed Admin<br/>Enter Text for Search =LOC@0004<br/>Element [[ChromeDriver: chrome on XP (b9f73f10bd7e286039923108d68845be)] -> id: SRCH_Input] displayed in 32ms<br/>Angular request time 1087ms<br/>Click Customer<br/>Angular request time 2084ms<br/>Angular request time 14ms<br/>Customer Location Id found LOC@0004<br/>Strings Matched: LOC@0004 = LOC@0004<br/>Angular request time 12ms<br/>Click on Account Drop down<br/>Element [[ChromeDriver: chrome on XP (b9f73f10bd7e286039923108d68845be)] -> id: SRCH_Accounts_Label] displayed in 67ms<br/>Enter Account Name<br/>Angular request time 28ms<br/>Element [[ChromeDriver: chrome on XP (b9f73f10bd7e286039923108d68845be)] -> id: SRCH_Accounts] displayed in 57ms<br/>Angular request time 123ms<br/>Angular request time 12ms<br/>Verify Account Name =1 Water 1 Bldg<br/>Element [[ChromeDriver: chrome on XP (b9f73f10bd7e286039923108d68845be)] -> id: SRCH_Accounts_Result1] displayed in 54ms<br/>Strings Matched: 1 Water 1 Bldg
New Smyrna Beach FL 12312-3
LOC@0004
$0.00
Apr 2019 - Current
Current = 1 Water 1 Bldg<br/>Angular request time 15ms<br/>Angular request time 16ms<br/>Angular request time 17ms<br/>Element [[ChromeDriver: chrome on XP (b9f73f10bd7e286039923108d68845be)] -> id: USR_Name] displayed in 47ms<br/>Element [[ChromeDriver: chrome on XP (b9f73f10bd7e286039923108d68845be)] -> css selector: .logout-label] displayed in 50ms<br/>Angular request time 28ms</div></td></tr></table><p class="totop"><a href="#summary">back to summary</a></p>
<h3 id="m9">com.NexusPortalAutomation.TestCases.Java.TC0010_VerifyCustomerDetails#TestCustomerDetails</h3><table class="result"><tr><th>Messages</th></tr><tr><td><div class="messages">Angular Request Completed in 53ms<br/>Sign in Page Title Verified<br/>Angular Request Completed in 202ms<br/>User signed Admin<br/>Enter Text for Search =LOC@0001<br/>Element [[ChromeDriver: chrome on XP (6261a6d3855a15b11691d1c596b09cd4)] -> id: SRCH_Input] displayed in 47ms<br/>Angular request time 1364ms<br/>Click Customer<br/>Angular request time 1945ms<br/>Angular request time 29ms<br/>Customer Location Id found LOC@0001<br/>Strings Matched: LOC@0001 = LOC@0001<br/>Angular request time 6ms<br/>Verifying Customer Details<br/>Strings Matched: 2312 = 2312<br/>Strings Matched: Driv12312OUL312 = Driv12312OUL312<br/>Strings Matched: (090) 078-6010 = (090) 078-6010<br/>Strings Matched: + Ext. 2112 = + Ext. 2112<br/>Strings Matched: automation@cogsdale.com = automation@cogsdale.com<br/>Strings Matched: 007 Test Apt = 007 Test Apt<br/>Strings Matched: New York NY 12345-67890 = New York NY 12345-67890<br/>Angular request time 8ms<br/>Angular request time 22ms<br/>Element [[ChromeDriver: chrome on XP (6261a6d3855a15b11691d1c596b09cd4)] -> id: USR_Name] displayed in 34ms<br/>Element [[ChromeDriver: chrome on XP (6261a6d3855a15b11691d1c596b09cd4)] -> css selector: .logout-label] displayed in 43ms<br/>Angular request time 16ms</div></td></tr></table><p class="totop"><a href="#summary">back to summary</a></p>
<h3 id="m10">com.NexusPortalAutomation.TestCases.Java.TC0012_VerifyCreditStatus#TestCreditStatus</h3><table class="result"><tr><th>Messages</th></tr><tr><td><div class="messages">Angular Request Completed in 21ms<br/>Sign in Page Title Verified<br/>Angular Request Completed in 62ms<br/>User signed Admin<br/>Enter Text for Search =LOC@0001<br/>Element [[ChromeDriver: chrome on XP (9af8117e841d73d3fea8d92712ed7f95)] -> id: SRCH_Input] displayed in 47ms<br/>Angular request time 920ms<br/>Click Customer<br/>Angular request time 2244ms<br/>Angular request time 12ms<br/>Customer Location Id found LOC@0001<br/>Strings Matched: LOC@0001 = LOC@0001<br/>Verify Credit Status<br/>Angular request time 16ms<br/>Angular request time 15ms<br/>Angular request time 10ms<br/>Element [[ChromeDriver: chrome on XP (9af8117e841d73d3fea8d92712ed7f95)] -> id: USR_Name] displayed in 27ms<br/>Element [[ChromeDriver: chrome on XP (9af8117e841d73d3fea8d92712ed7f95)] -> css selector: .logout-label] displayed in 47ms<br/>Angular request time 627ms</div></td></tr></table><p class="totop"><a href="#summary">back to summary</a></p>
<h3 id="m11">com.NexusPortalAutomation.TestCases.Java.TC0013_VerifyContactEdit#TestContactEdit</h3><table class="result"><tr><th>Messages</th></tr><tr><td><div class="messages">Angular Request Completed in 172ms<br/>Sign in Page Title Verified<br/>Angular Request Completed in 31ms<br/>User signed Admin<br/>Enter Text for Search =LOC@0004<br/>Element [[ChromeDriver: chrome on XP (5696ae2fe3138cc7048c15b1bda5bb91)] -> id: SRCH_Input] displayed in 47ms<br/>Angular request time 1279ms<br/>Click Customer<br/>Angular request time 1990ms<br/>Angular request time 12ms<br/>Customer Location Id found LOC@0004<br/>Strings Matched: LOC@0004 = LOC@0004<br/>Angular request time 14ms<br/>Element '[[ChromeDriver: chrome on XP (5696ae2fe3138cc7048c15b1bda5bb91)] -> id: 'CUST_Drillback_Button']' is displayed in 574ms<br/>Angular request time 30ms<br/>Angular request time 31ms<br/>Element '[[ChromeDriver: chrome on XP (5696ae2fe3138cc7048c15b1bda5bb91)] -> id: ECI_Phone_Number_1]' is displayed in 158ms<br/>Angular request time 29ms<br/>Angular request time 13ms<br/>Angular request time 11ms<br/>Element '[[ChromeDriver: chrome on XP (5696ae2fe3138cc7048c15b1bda5bb91)] -> id: ECI_Email]' is displayed in 105ms<br/>Angular request time 9ms<br/>Angular request time 16ms<br/>Angular request time 13ms<br/>Element '[[ChromeDriver: chrome on XP (5696ae2fe3138cc7048c15b1bda5bb91)] -> id: ECI_Action_Button]' is displayed in 98ms<br/>Angular request time 484ms<br/>Angular request time 331ms<br/>Verifying Customer Details<br/>Strings Matched: 2312 = 2312<br/>Strings Matched: Driv12312OUL312 = Driv12312OUL312<br/>Strings Matched: (090) 078-6010 = (090) 078-6010<br/>Strings Matched: + Ext. 2112 = + Ext. 2112<br/>Strings Matched: automation@cogsdale.com = automation@cogsdale.com<br/>Strings Matched: 007 Test Apt = 007 Test Apt<br/>Strings Matched: New York NY 12345-67890 = New York NY 12345-67890<br/>Angular request time 15ms<br/>Angular request time 10ms<br/>Element [[ChromeDriver: chrome on XP (5696ae2fe3138cc7048c15b1bda5bb91)] -> id: USR_Name] displayed in 37ms<br/>Element [[ChromeDriver: chrome on XP (5696ae2fe3138cc7048c15b1bda5bb91)] -> css selector: .logout-label] displayed in 60ms<br/>Angular request time 16ms</div></td></tr></table><p class="totop"><a href="#summary">back to summary</a></p>
<h3 id="m12">com.NexusPortalAutomation.TestCases.Java.TC0014_VerifySecondaryContact#TestSecondayContact</h3><table class="result"><tr><th>Messages</th></tr><tr><td><div class="messages">Angular Request Completed in 17ms<br/>Sign in Page Title Verified<br/>Angular Request Completed in 62ms<br/>User signed Admin<br/>Enter Text for Search =LOC@0004<br/>Element [[ChromeDriver: chrome on XP (fe41e02a751efbf9228b25e1d789d0c9)] -> id: SRCH_Input] displayed in 31ms<br/>Angular request time 1050ms<br/>Click Customer<br/>Angular request time 1811ms<br/>Angular request time 429ms<br/>Customer Location Id found LOC@0004<br/>Strings Matched: LOC@0004 = LOC@0004<br/>Angular request time 10ms<br/>Angular request time 291ms<br/>Angular request time 11ms<br/>Angular request time 10ms<br/>Strings Matched: Secondary Customer (SECONDARY) = Secondary Customer (SECONDARY)<br/>Angular request time 11ms<br/>Angular request time 12ms<br/>Element [[ChromeDriver: chrome on XP (fe41e02a751efbf9228b25e1d789d0c9)] -> id: USR_Name] displayed in 38ms<br/>Element [[ChromeDriver: chrome on XP (fe41e02a751efbf9228b25e1d789d0c9)] -> css selector: .logout-label] displayed in 36ms<br/>Angular request time 31ms</div></td></tr></table><p class="totop"><a href="#summary">back to summary</a></p>
<h3 id="m13">com.NexusPortalAutomation.TestCases.Java.TC0015_VerifyContactLogs#TestNotesSection</h3><table class="result"><tr><th>Messages</th></tr><tr><td><div class="messages">Angular Request Completed in 49ms<br/>Sign in Page Title Verified<br/>Angular Request Completed in 47ms<br/>User signed Admin<br/>Enter Text for Search =LOC@0004<br/>Element [[ChromeDriver: chrome on XP (b16a04bd2c2ff404d9d29db91b75736b)] -> id: SRCH_Input] displayed in 63ms<br/>Angular request time 1051ms<br/>Click Customer<br/>Angular request time 1785ms<br/>Angular request time 324ms<br/>Customer Location Id found LOC@0004<br/>Strings Matched: LOC@0004 = LOC@0004<br/>Angular request time 10ms<br/>Angular request time 12ms<br/>Angular request time 431ms<br/>Angular request time 329ms<br/>Strings Matched: Notes added2019/06/12 14:27:55 = Notes added2019/06/12 14:27:55<br/>Angular request time 11ms<br/>Angular request time 10ms<br/>Element [[ChromeDriver: chrome on XP (b16a04bd2c2ff404d9d29db91b75736b)] -> id: USR_Name] displayed in 37ms<br/>Element [[ChromeDriver: chrome on XP (b16a04bd2c2ff404d9d29db91b75736b)] -> css selector: .logout-label] displayed in 36ms<br/>Angular request time 22ms</div></td></tr></table><p class="totop"><a href="#summary">back to summary</a></p>
<h3 id="m14">com.NexusPortalAutomation.TestCases.Java.TC0017_StatementsValue#TestBillingStatements</h3><table class="result"><tr><th>Messages</th></tr><tr><td><div class="messages">Angular Request Completed in 105ms<br/>Sign in Page Title Verified<br/>Angular Request Completed in 14ms<br/>User signed Admin<br/>Enter Text for Search =STATEMENTS001<br/>Element [[ChromeDriver: chrome on XP (8996f8ada4a658c8863160612d3b2ed9)] -> id: SRCH_Input] displayed in 78ms<br/>Angular request time 956ms<br/>Click Customer<br/>Angular request time 2877ms<br/>Angular request time 78ms<br/>Customer Location Id found STATEMENTS001<br/>Strings Matched: STATEMENTS001 = STATEMENTS001<br/>Angular request time 15ms<br/>Angular request time 22ms<br/>Verify Bill Statement Date<br/>Angular request time 19ms<br/>Element [[ChromeDriver: chrome on XP (8996f8ada4a658c8863160612d3b2ed9)] -> id: BILL_Statement_1] displayed in 79ms<br/>Strings Matched: Jul 31, 2019 = Jul 31, 2019<br/>Angular request time 44ms<br/>Element [[ChromeDriver: chrome on XP (8996f8ada4a658c8863160612d3b2ed9)] -> id: BILL_Statement_Value_1] displayed in 68ms<br/>Strings Matched: $56.71 = $56.71<br/>Angular request time 30ms<br/>Angular request time 16ms<br/>Element [[ChromeDriver: chrome on XP (8996f8ada4a658c8863160612d3b2ed9)] -> id: USR_Name] displayed in 58ms<br/>Element [[ChromeDriver: chrome on XP (8996f8ada4a658c8863160612d3b2ed9)] -> css selector: .logout-label] displayed in 64ms<br/>Angular request time 24ms</div></td></tr></table><p class="totop"><a href="#summary">back to summary</a></p>
</body>
</html>
