<!DOCTYPE html>

<html>
  <head>
  <meta charset='utf-8'>
  <title>TestNG reports</title>

    <link type="text/css" href="testng-reports.css" rel="stylesheet" />
    <script type="text/javascript" src="jquery-1.7.1.min.js"></script>
    <script type="text/javascript" src="testng-reports.js"></script>
    <script type="text/javascript" src="https://www.google.com/jsapi"></script>
    <script type='text/javascript'>
      google.load('visualization', '1', {packages:['table']});
      google.setOnLoadCallback(drawTable);
      var suiteTableInitFunctions = new Array();
      var suiteTableData = new Array();
    </script>
    <!--
      <script type="text/javascript" src="jquery-ui/js/jquery-ui-1.8.16.custom.min.js"></script>
     -->
  </head>

  <body>
    <div class="top-banner-root">
      <span class="top-banner-title-font">Test results</span>
      <br/>
      <span class="top-banner-font-1">1 suite</span>
    </div> <!-- top-banner-root -->
    <div class="navigator-root">
      <div class="navigator-suite-header">
        <span>All suites</span>
        <a href="#" class="collapse-all-link" title="Collapse/expand all the suites">
          <img class="collapse-all-icon" src="collapseall.gif">
          </img> <!-- collapse-all-icon -->
        </a> <!-- collapse-all-link -->
      </div> <!-- navigator-suite-header -->
      <div class="suite">
        <div class="rounded-window">
          <div class="suite-header light-rounded-window-top">
            <a href="#" class="navigator-link" panel-name="suite-Test_Suite_for_Nexus_Portal">
              <span class="suite-name border-skipped">Test Suite for Nexus Portal</span>
            </a> <!-- navigator-link -->
          </div> <!-- suite-header light-rounded-window-top -->
          <div class="navigator-suite-content">
            <div class="suite-section-title">
              <span>Info</span>
            </div> <!-- suite-section-title -->
            <div class="suite-section-content">
              <ul>
                <li>
                  <a href="#" class="navigator-link " panel-name="test-xml-Test_Suite_for_Nexus_Portal">
                    <span>F:\CogsdaleWorkSpace\com.NexusPortalAutomation.Java\testng.xml</span>
                  </a> <!-- navigator-link  -->
                </li>
                <li>
                  <a href="#" class="navigator-link " panel-name="testlist-Test_Suite_for_Nexus_Portal">
                    <span class="test-stats">1 test</span>
                  </a> <!-- navigator-link  -->
                </li>
                <li>
                  <a href="#" class="navigator-link " panel-name="group-Test_Suite_for_Nexus_Portal">
                    <span>0 groups</span>
                  </a> <!-- navigator-link  -->
                </li>
                <li>
                  <a href="#" class="navigator-link " panel-name="times-Test_Suite_for_Nexus_Portal">
                    <span>Times</span>
                  </a> <!-- navigator-link  -->
                </li>
                <li>
                  <a href="#" class="navigator-link " panel-name="reporter-Test_Suite_for_Nexus_Portal">
                    <span>Reporter output</span>
                  </a> <!-- navigator-link  -->
                </li>
                <li>
                  <a href="#" class="navigator-link " panel-name="ignored-methods-Test_Suite_for_Nexus_Portal">
                    <span>Ignored methods</span>
                  </a> <!-- navigator-link  -->
                </li>
                <li>
                  <a href="#" class="navigator-link " panel-name="chronological-Test_Suite_for_Nexus_Portal">
                    <span>Chronological view</span>
                  </a> <!-- navigator-link  -->
                </li>
              </ul>
            </div> <!-- suite-section-content -->
            <div class="result-section">
              <div class="suite-section-title">
                <span>Results</span>
              </div> <!-- suite-section-title -->
              <div class="suite-section-content">
                <ul>
                  <li>
                    <span class="method-stats">21 methods,  21 skipped,  </span>
                  </li>
                  <li>
                    <span class="method-list-title skipped">Skipped methods</span>
                    <span class="show-or-hide-methods skipped">
                      <a href="#" panel-name="suite-Test_Suite_for_Nexus_Portal" class="hide-methods skipped suite-Test_Suite_for_Nexus_Portal"> (hide)</a> <!-- hide-methods skipped suite-Test_Suite_for_Nexus_Portal -->
                      <a href="#" panel-name="suite-Test_Suite_for_Nexus_Portal" class="show-methods skipped suite-Test_Suite_for_Nexus_Portal"> (show)</a> <!-- show-methods skipped suite-Test_Suite_for_Nexus_Portal -->
                    </span>
                    <div class="method-list-content skipped suite-Test_Suite_for_Nexus_Portal">
                      <span>
                        <img width="3%" src="skipped.png"/>
                        <a href="#" class="method navigator-link" panel-name="suite-Test_Suite_for_Nexus_Portal" title="com.NexusPortalAutomation.TestCases.Java.TC0017_StatementsValue" hash-for-method="TestBillingStatements">TestBillingStatements</a> <!-- method navigator-link -->
                      </span>
                      <br/>
                      <span>
                        <img width="3%" src="skipped.png"/>
                        <a href="#" class="method navigator-link" panel-name="suite-Test_Suite_for_Nexus_Portal" title="com.NexusPortalAutomation.TestCases.Java.TC0011_VerifyBookMark" hash-for-method="TestBookMark">TestBookMark</a> <!-- method navigator-link -->
                      </span>
                      <br/>
                      <span>
                        <img width="3%" src="skipped.png"/>
                        <a href="#" class="method navigator-link" panel-name="suite-Test_Suite_for_Nexus_Portal" title="com.NexusPortalAutomation.TestCases.Java.TC0013_VerifyContactEdit" hash-for-method="TestContactEdit">TestContactEdit</a> <!-- method navigator-link -->
                      </span>
                      <br/>
                      <span>
                        <img width="3%" src="skipped.png"/>
                        <a href="#" class="method navigator-link" panel-name="suite-Test_Suite_for_Nexus_Portal" title="com.NexusPortalAutomation.TestCases.Java.TC0015_VerifyContactLogs" hash-for-method="TestContactLogs">TestContactLogs</a> <!-- method navigator-link -->
                      </span>
                      <br/>
                      <span>
                        <img width="3%" src="skipped.png"/>
                        <a href="#" class="method navigator-link" panel-name="suite-Test_Suite_for_Nexus_Portal" title="com.NexusPortalAutomation.TestCases.Java.TC0012_VerifyCreditStatus" hash-for-method="TestCreditStatus">TestCreditStatus</a> <!-- method navigator-link -->
                      </span>
                      <br/>
                      <span>
                        <img width="3%" src="skipped.png"/>
                        <a href="#" class="method navigator-link" panel-name="suite-Test_Suite_for_Nexus_Portal" title="com.NexusPortalAutomation.TestCases.Java.TC0010_VerifyCustomerDetails" hash-for-method="TestCustomerDetails">TestCustomerDetails</a> <!-- method navigator-link -->
                      </span>
                      <br/>
                      <span>
                        <img width="3%" src="skipped.png"/>
                        <a href="#" class="method navigator-link" panel-name="suite-Test_Suite_for_Nexus_Portal" title="com.NexusPortalAutomation.TestCases.Java.TC0020_VerifyDrillBackServices" hash-for-method="TestDrillBackServices">TestDrillBackServices</a> <!-- method navigator-link -->
                      </span>
                      <br/>
                      <span>
                        <img width="3%" src="skipped.png"/>
                        <a href="#" class="method navigator-link" panel-name="suite-Test_Suite_for_Nexus_Portal" title="com.NexusPortalAutomation.TestCases.Java.TC0009_VerifyAccountSearch" hash-for-method="TestSearchAccount">TestSearchAccount</a> <!-- method navigator-link -->
                      </span>
                      <br/>
                      <span>
                        <img width="3%" src="skipped.png"/>
                        <a href="#" class="method navigator-link" panel-name="suite-Test_Suite_for_Nexus_Portal" title="com.NexusPortalAutomation.TestCases.Java.TC0006_TestAlertOnLoad" hash-for-method="TestSearchAlertOnLoad">TestSearchAlertOnLoad</a> <!-- method navigator-link -->
                      </span>
                      <br/>
                      <span>
                        <img width="3%" src="skipped.png"/>
                        <a href="#" class="method navigator-link" panel-name="suite-Test_Suite_for_Nexus_Portal" title="com.NexusPortalAutomation.TestCases.Java.TC0005_TestSearchbyBookMarks" hash-for-method="TestSearchAutobyBookMark">TestSearchAutobyBookMark</a> <!-- method navigator-link -->
                      </span>
                      <br/>
                      <span>
                        <img width="3%" src="skipped.png"/>
                        <a href="#" class="method navigator-link" panel-name="suite-Test_Suite_for_Nexus_Portal" title="com.NexusPortalAutomation.TestCases.Java.TC0002_TestSearchAutobyFirstName" hash-for-method="TestSearchAutobyFirstName">TestSearchAutobyFirstName</a> <!-- method navigator-link -->
                      </span>
                      <br/>
                      <span>
                        <img width="3%" src="skipped.png"/>
                        <a href="#" class="method navigator-link" panel-name="suite-Test_Suite_for_Nexus_Portal" title="com.NexusPortalAutomation.TestCases.Java.TC0003_TestSearchAutobyLastName" hash-for-method="TestSearchAutobyLastName">TestSearchAutobyLastName</a> <!-- method navigator-link -->
                      </span>
                      <br/>
                      <span>
                        <img width="3%" src="skipped.png"/>
                        <a href="#" class="method navigator-link" panel-name="suite-Test_Suite_for_Nexus_Portal" title="com.NexusPortalAutomation.TestCases.Java.TC0004_TestSearchbyRecentFunction" hash-for-method="TestSearchAutobyRecent">TestSearchAutobyRecent</a> <!-- method navigator-link -->
                      </span>
                      <br/>
                      <span>
                        <img width="3%" src="skipped.png"/>
                        <a href="#" class="method navigator-link" panel-name="suite-Test_Suite_for_Nexus_Portal" title="com.NexusPortalAutomation.TestCases.Java.TC0001_VerifySignInbyID" hash-for-method="TestSearchID">TestSearchID</a> <!-- method navigator-link -->
                      </span>
                      <br/>
                      <span>
                        <img width="3%" src="skipped.png"/>
                        <a href="#" class="method navigator-link" panel-name="suite-Test_Suite_for_Nexus_Portal" title="com.NexusPortalAutomation.TestCases.Java.TC0008_VerifySignInbyLocationID" hash-for-method="TestSearchbyLocationID">TestSearchbyLocationID</a> <!-- method navigator-link -->
                      </span>
                      <br/>
                      <span>
                        <img width="3%" src="skipped.png"/>
                        <a href="#" class="method navigator-link" panel-name="suite-Test_Suite_for_Nexus_Portal" title="com.NexusPortalAutomation.TestCases.Java.TC0014_VerifySecondaryContact" hash-for-method="TestSecondayContact">TestSecondayContact</a> <!-- method navigator-link -->
                      </span>
                      <br/>
                      <span>
                        <img width="3%" src="skipped.png"/>
                        <a href="#" class="method navigator-link" panel-name="suite-Test_Suite_for_Nexus_Portal" title="com.NexusPortalAutomation.TestCases.Java.TC0021_VerifyServicesOrderDetails" hash-for-method="TestServiceOrderDetails">TestServiceOrderDetails</a> <!-- method navigator-link -->
                      </span>
                      <br/>
                      <span>
                        <img width="3%" src="skipped.png"/>
                        <a href="#" class="method navigator-link" panel-name="suite-Test_Suite_for_Nexus_Portal" title="com.NexusPortalAutomation.TestCases.Java.TC0007_TestSummarySection" hash-for-method="TestSummarySectionOnChange">TestSummarySectionOnChange</a> <!-- method navigator-link -->
                      </span>
                      <br/>
                      <span>
                        <img width="3%" src="skipped.png"/>
                        <a href="#" class="method navigator-link" panel-name="suite-Test_Suite_for_Nexus_Portal" title="com.NexusPortalAutomation.TestCases.Java.TC0016_VerifyBillingDetails" hash-for-method="VerifyBillingDetails">VerifyBillingDetails</a> <!-- method navigator-link -->
                      </span>
                      <br/>
                      <span>
                        <img width="3%" src="skipped.png"/>
                        <a href="#" class="method navigator-link" panel-name="suite-Test_Suite_for_Nexus_Portal" title="com.NexusPortalAutomation.TestCases.Java.TC0019_VerifyDrillBackTransactions" hash-for-method="VerifyDrillBackTransactions">VerifyDrillBackTransactions</a> <!-- method navigator-link -->
                      </span>
                      <br/>
                      <span>
                        <img width="3%" src="skipped.png"/>
                        <a href="#" class="method navigator-link" panel-name="suite-Test_Suite_for_Nexus_Portal" title="com.NexusPortalAutomation.TestCases.Java.TC0018_VerifyDrillBacksGeneral" hash-for-method="VerifyDrillBacksGeneral">VerifyDrillBacksGeneral</a> <!-- method navigator-link -->
                      </span>
                      <br/>
                    </div> <!-- method-list-content skipped suite-Test_Suite_for_Nexus_Portal -->
                  </li>
                </ul>
              </div> <!-- suite-section-content -->
            </div> <!-- result-section -->
          </div> <!-- navigator-suite-content -->
        </div> <!-- rounded-window -->
      </div> <!-- suite -->
    </div> <!-- navigator-root -->
    <div class="wrapper">
      <div class="main-panel-root">
        <div panel-name="suite-Test_Suite_for_Nexus_Portal" class="panel Test_Suite_for_Nexus_Portal">
          <div class="suite-Test_Suite_for_Nexus_Portal-class-skipped">
            <div class="main-panel-header rounded-window-top">
              <img src="skipped.png"/>
              <span class="class-name">com.NexusPortalAutomation.TestCases.Java.TC0004_TestSearchbyRecentFunction</span>
            </div> <!-- main-panel-header rounded-window-top -->
            <div class="main-panel-content rounded-window-bottom">
              <div class="method">
                <div class="method-content">
                  <a name="TestSearchAutobyRecent">
                  </a> <!-- TestSearchAutobyRecent -->
                  <span class="method-name">TestSearchAutobyRecent</span>
                  <div class="stack-trace">java.lang.IllegalArgumentException: Invalid key code
	at sun.awt.windows.WRobotPeer.keyPress(Native Method)
	at java.awt.Robot.keyPress(Robot.java:354)
	at com.NexusPortalAutomation.TestCases.Java.BaseClass.readProp(BaseClass.java:80)
... Removed 30 stack frames
</div> <!-- stack-trace -->
                </div> <!-- method-content -->
              </div> <!-- method -->
            </div> <!-- main-panel-content rounded-window-bottom -->
          </div> <!-- suite-Test_Suite_for_Nexus_Portal-class-skipped -->
          <div class="suite-Test_Suite_for_Nexus_Portal-class-skipped">
            <div class="main-panel-header rounded-window-top">
              <img src="skipped.png"/>
              <span class="class-name">com.NexusPortalAutomation.TestCases.Java.TC0013_VerifyContactEdit</span>
            </div> <!-- main-panel-header rounded-window-top -->
            <div class="main-panel-content rounded-window-bottom">
              <div class="method">
                <div class="method-content">
                  <a name="TestContactEdit">
                  </a> <!-- TestContactEdit -->
                  <span class="method-name">TestContactEdit</span>
                  <div class="stack-trace">java.lang.IllegalArgumentException: Invalid key code
	at sun.awt.windows.WRobotPeer.keyPress(Native Method)
	at java.awt.Robot.keyPress(Robot.java:354)
	at com.NexusPortalAutomation.TestCases.Java.BaseClass.readProp(BaseClass.java:80)
... Removed 30 stack frames
</div> <!-- stack-trace -->
                </div> <!-- method-content -->
              </div> <!-- method -->
            </div> <!-- main-panel-content rounded-window-bottom -->
          </div> <!-- suite-Test_Suite_for_Nexus_Portal-class-skipped -->
          <div class="suite-Test_Suite_for_Nexus_Portal-class-skipped">
            <div class="main-panel-header rounded-window-top">
              <img src="skipped.png"/>
              <span class="class-name">com.NexusPortalAutomation.TestCases.Java.TC0007_TestSummarySection</span>
            </div> <!-- main-panel-header rounded-window-top -->
            <div class="main-panel-content rounded-window-bottom">
              <div class="method">
                <div class="method-content">
                  <a name="TestSummarySectionOnChange">
                  </a> <!-- TestSummarySectionOnChange -->
                  <span class="method-name">TestSummarySectionOnChange</span>
                  <div class="stack-trace">java.lang.IllegalArgumentException: Invalid key code
	at sun.awt.windows.WRobotPeer.keyPress(Native Method)
	at java.awt.Robot.keyPress(Robot.java:354)
	at com.NexusPortalAutomation.TestCases.Java.BaseClass.readProp(BaseClass.java:80)
... Removed 29 stack frames
</div> <!-- stack-trace -->
                </div> <!-- method-content -->
              </div> <!-- method -->
            </div> <!-- main-panel-content rounded-window-bottom -->
          </div> <!-- suite-Test_Suite_for_Nexus_Portal-class-skipped -->
          <div class="suite-Test_Suite_for_Nexus_Portal-class-skipped">
            <div class="main-panel-header rounded-window-top">
              <img src="skipped.png"/>
              <span class="class-name">com.NexusPortalAutomation.TestCases.Java.TC0015_VerifyContactLogs</span>
            </div> <!-- main-panel-header rounded-window-top -->
            <div class="main-panel-content rounded-window-bottom">
              <div class="method">
                <div class="method-content">
                  <a name="TestContactLogs">
                  </a> <!-- TestContactLogs -->
                  <span class="method-name">TestContactLogs</span>
                  <div class="stack-trace">java.lang.IllegalArgumentException: Invalid key code
	at sun.awt.windows.WRobotPeer.keyPress(Native Method)
	at java.awt.Robot.keyPress(Robot.java:354)
	at com.NexusPortalAutomation.TestCases.Java.BaseClass.readProp(BaseClass.java:80)
... Removed 30 stack frames
</div> <!-- stack-trace -->
                </div> <!-- method-content -->
              </div> <!-- method -->
            </div> <!-- main-panel-content rounded-window-bottom -->
          </div> <!-- suite-Test_Suite_for_Nexus_Portal-class-skipped -->
          <div class="suite-Test_Suite_for_Nexus_Portal-class-skipped">
            <div class="main-panel-header rounded-window-top">
              <img src="skipped.png"/>
              <span class="class-name">com.NexusPortalAutomation.TestCases.Java.TC0010_VerifyCustomerDetails</span>
            </div> <!-- main-panel-header rounded-window-top -->
            <div class="main-panel-content rounded-window-bottom">
              <div class="method">
                <div class="method-content">
                  <a name="TestCustomerDetails">
                  </a> <!-- TestCustomerDetails -->
                  <span class="method-name">TestCustomerDetails</span>
                  <div class="stack-trace">java.lang.IllegalArgumentException: Invalid key code
	at sun.awt.windows.WRobotPeer.keyPress(Native Method)
	at java.awt.Robot.keyPress(Robot.java:354)
	at com.NexusPortalAutomation.TestCases.Java.BaseClass.readProp(BaseClass.java:80)
... Removed 30 stack frames
</div> <!-- stack-trace -->
                </div> <!-- method-content -->
              </div> <!-- method -->
            </div> <!-- main-panel-content rounded-window-bottom -->
          </div> <!-- suite-Test_Suite_for_Nexus_Portal-class-skipped -->
          <div class="suite-Test_Suite_for_Nexus_Portal-class-skipped">
            <div class="main-panel-header rounded-window-top">
              <img src="skipped.png"/>
              <span class="class-name">com.NexusPortalAutomation.TestCases.Java.TC0001_VerifySignInbyID</span>
            </div> <!-- main-panel-header rounded-window-top -->
            <div class="main-panel-content rounded-window-bottom">
              <div class="method">
                <div class="method-content">
                  <a name="TestSearchID">
                  </a> <!-- TestSearchID -->
                  <span class="method-name">TestSearchID</span>
                  <div class="stack-trace">java.lang.IllegalArgumentException: Invalid key code
	at sun.awt.windows.WRobotPeer.keyPress(Native Method)
	at java.awt.Robot.keyPress(Robot.java:354)
	at com.NexusPortalAutomation.TestCases.Java.BaseClass.readProp(BaseClass.java:80)
... Removed 30 stack frames
</div> <!-- stack-trace -->
                </div> <!-- method-content -->
              </div> <!-- method -->
            </div> <!-- main-panel-content rounded-window-bottom -->
          </div> <!-- suite-Test_Suite_for_Nexus_Portal-class-skipped -->
          <div class="suite-Test_Suite_for_Nexus_Portal-class-skipped">
            <div class="main-panel-header rounded-window-top">
              <img src="skipped.png"/>
              <span class="class-name">com.NexusPortalAutomation.TestCases.Java.TC0005_TestSearchbyBookMarks</span>
            </div> <!-- main-panel-header rounded-window-top -->
            <div class="main-panel-content rounded-window-bottom">
              <div class="method">
                <div class="method-content">
                  <a name="TestSearchAutobyBookMark">
                  </a> <!-- TestSearchAutobyBookMark -->
                  <span class="method-name">TestSearchAutobyBookMark</span>
                  <div class="stack-trace">java.lang.IllegalArgumentException: Invalid key code
	at sun.awt.windows.WRobotPeer.keyPress(Native Method)
	at java.awt.Robot.keyPress(Robot.java:354)
	at com.NexusPortalAutomation.TestCases.Java.BaseClass.readProp(BaseClass.java:80)
... Removed 29 stack frames
</div> <!-- stack-trace -->
                </div> <!-- method-content -->
              </div> <!-- method -->
            </div> <!-- main-panel-content rounded-window-bottom -->
          </div> <!-- suite-Test_Suite_for_Nexus_Portal-class-skipped -->
          <div class="suite-Test_Suite_for_Nexus_Portal-class-skipped">
            <div class="main-panel-header rounded-window-top">
              <img src="skipped.png"/>
              <span class="class-name">com.NexusPortalAutomation.TestCases.Java.TC0008_VerifySignInbyLocationID</span>
            </div> <!-- main-panel-header rounded-window-top -->
            <div class="main-panel-content rounded-window-bottom">
              <div class="method">
                <div class="method-content">
                  <a name="TestSearchbyLocationID">
                  </a> <!-- TestSearchbyLocationID -->
                  <span class="method-name">TestSearchbyLocationID</span>
                  <div class="stack-trace">java.lang.IllegalArgumentException: Invalid key code
	at sun.awt.windows.WRobotPeer.keyPress(Native Method)
	at java.awt.Robot.keyPress(Robot.java:354)
	at com.NexusPortalAutomation.TestCases.Java.BaseClass.readProp(BaseClass.java:80)
... Removed 30 stack frames
</div> <!-- stack-trace -->
                </div> <!-- method-content -->
              </div> <!-- method -->
            </div> <!-- main-panel-content rounded-window-bottom -->
          </div> <!-- suite-Test_Suite_for_Nexus_Portal-class-skipped -->
          <div class="suite-Test_Suite_for_Nexus_Portal-class-skipped">
            <div class="main-panel-header rounded-window-top">
              <img src="skipped.png"/>
              <span class="class-name">com.NexusPortalAutomation.TestCases.Java.TC0003_TestSearchAutobyLastName</span>
            </div> <!-- main-panel-header rounded-window-top -->
            <div class="main-panel-content rounded-window-bottom">
              <div class="method">
                <div class="method-content">
                  <a name="TestSearchAutobyLastName">
                  </a> <!-- TestSearchAutobyLastName -->
                  <span class="method-name">TestSearchAutobyLastName</span>
                  <div class="stack-trace">java.lang.IllegalArgumentException: Invalid key code
	at sun.awt.windows.WRobotPeer.keyPress(Native Method)
	at java.awt.Robot.keyPress(Robot.java:354)
	at com.NexusPortalAutomation.TestCases.Java.BaseClass.readProp(BaseClass.java:80)
... Removed 29 stack frames
</div> <!-- stack-trace -->
                </div> <!-- method-content -->
              </div> <!-- method -->
            </div> <!-- main-panel-content rounded-window-bottom -->
          </div> <!-- suite-Test_Suite_for_Nexus_Portal-class-skipped -->
          <div class="suite-Test_Suite_for_Nexus_Portal-class-skipped">
            <div class="main-panel-header rounded-window-top">
              <img src="skipped.png"/>
              <span class="class-name">com.NexusPortalAutomation.TestCases.Java.TC0009_VerifyAccountSearch</span>
            </div> <!-- main-panel-header rounded-window-top -->
            <div class="main-panel-content rounded-window-bottom">
              <div class="method">
                <div class="method-content">
                  <a name="TestSearchAccount">
                  </a> <!-- TestSearchAccount -->
                  <span class="method-name">TestSearchAccount</span>
                  <div class="stack-trace">java.lang.IllegalArgumentException: Invalid key code
	at sun.awt.windows.WRobotPeer.keyPress(Native Method)
	at java.awt.Robot.keyPress(Robot.java:354)
	at com.NexusPortalAutomation.TestCases.Java.BaseClass.readProp(BaseClass.java:80)
... Removed 30 stack frames
</div> <!-- stack-trace -->
                </div> <!-- method-content -->
              </div> <!-- method -->
            </div> <!-- main-panel-content rounded-window-bottom -->
          </div> <!-- suite-Test_Suite_for_Nexus_Portal-class-skipped -->
          <div class="suite-Test_Suite_for_Nexus_Portal-class-skipped">
            <div class="main-panel-header rounded-window-top">
              <img src="skipped.png"/>
              <span class="class-name">com.NexusPortalAutomation.TestCases.Java.TC0017_StatementsValue</span>
            </div> <!-- main-panel-header rounded-window-top -->
            <div class="main-panel-content rounded-window-bottom">
              <div class="method">
                <div class="method-content">
                  <a name="TestBillingStatements">
                  </a> <!-- TestBillingStatements -->
                  <span class="method-name">TestBillingStatements</span>
                  <div class="stack-trace">java.lang.IllegalArgumentException: Invalid key code
	at sun.awt.windows.WRobotPeer.keyPress(Native Method)
	at java.awt.Robot.keyPress(Robot.java:354)
	at com.NexusPortalAutomation.TestCases.Java.BaseClass.readProp(BaseClass.java:80)
... Removed 30 stack frames
</div> <!-- stack-trace -->
                </div> <!-- method-content -->
              </div> <!-- method -->
            </div> <!-- main-panel-content rounded-window-bottom -->
          </div> <!-- suite-Test_Suite_for_Nexus_Portal-class-skipped -->
          <div class="suite-Test_Suite_for_Nexus_Portal-class-skipped">
            <div class="main-panel-header rounded-window-top">
              <img src="skipped.png"/>
              <span class="class-name">com.NexusPortalAutomation.TestCases.Java.TC0002_TestSearchAutobyFirstName</span>
            </div> <!-- main-panel-header rounded-window-top -->
            <div class="main-panel-content rounded-window-bottom">
              <div class="method">
                <div class="method-content">
                  <a name="TestSearchAutobyFirstName">
                  </a> <!-- TestSearchAutobyFirstName -->
                  <span class="method-name">TestSearchAutobyFirstName</span>
                  <div class="stack-trace">java.lang.IllegalArgumentException: Invalid key code
	at sun.awt.windows.WRobotPeer.keyPress(Native Method)
	at java.awt.Robot.keyPress(Robot.java:354)
	at com.NexusPortalAutomation.TestCases.Java.BaseClass.readProp(BaseClass.java:80)
... Removed 29 stack frames
</div> <!-- stack-trace -->
                </div> <!-- method-content -->
              </div> <!-- method -->
            </div> <!-- main-panel-content rounded-window-bottom -->
          </div> <!-- suite-Test_Suite_for_Nexus_Portal-class-skipped -->
          <div class="suite-Test_Suite_for_Nexus_Portal-class-skipped">
            <div class="main-panel-header rounded-window-top">
              <img src="skipped.png"/>
              <span class="class-name">com.NexusPortalAutomation.TestCases.Java.TC0012_VerifyCreditStatus</span>
            </div> <!-- main-panel-header rounded-window-top -->
            <div class="main-panel-content rounded-window-bottom">
              <div class="method">
                <div class="method-content">
                  <a name="TestCreditStatus">
                  </a> <!-- TestCreditStatus -->
                  <span class="method-name">TestCreditStatus</span>
                  <div class="stack-trace">java.lang.IllegalArgumentException: Invalid key code
	at sun.awt.windows.WRobotPeer.keyPress(Native Method)
	at java.awt.Robot.keyPress(Robot.java:354)
	at com.NexusPortalAutomation.TestCases.Java.BaseClass.readProp(BaseClass.java:80)
... Removed 30 stack frames
</div> <!-- stack-trace -->
                </div> <!-- method-content -->
              </div> <!-- method -->
            </div> <!-- main-panel-content rounded-window-bottom -->
          </div> <!-- suite-Test_Suite_for_Nexus_Portal-class-skipped -->
          <div class="suite-Test_Suite_for_Nexus_Portal-class-skipped">
            <div class="main-panel-header rounded-window-top">
              <img src="skipped.png"/>
              <span class="class-name">com.NexusPortalAutomation.TestCases.Java.TC0006_TestAlertOnLoad</span>
            </div> <!-- main-panel-header rounded-window-top -->
            <div class="main-panel-content rounded-window-bottom">
              <div class="method">
                <div class="method-content">
                  <a name="TestSearchAlertOnLoad">
                  </a> <!-- TestSearchAlertOnLoad -->
                  <span class="method-name">TestSearchAlertOnLoad</span>
                  <div class="stack-trace">java.lang.IllegalArgumentException: Invalid key code
	at sun.awt.windows.WRobotPeer.keyPress(Native Method)
	at java.awt.Robot.keyPress(Robot.java:354)
	at com.NexusPortalAutomation.TestCases.Java.BaseClass.readProp(BaseClass.java:80)
... Removed 29 stack frames
</div> <!-- stack-trace -->
                </div> <!-- method-content -->
              </div> <!-- method -->
            </div> <!-- main-panel-content rounded-window-bottom -->
          </div> <!-- suite-Test_Suite_for_Nexus_Portal-class-skipped -->
          <div class="suite-Test_Suite_for_Nexus_Portal-class-skipped">
            <div class="main-panel-header rounded-window-top">
              <img src="skipped.png"/>
              <span class="class-name">com.NexusPortalAutomation.TestCases.Java.TC0011_VerifyBookMark</span>
            </div> <!-- main-panel-header rounded-window-top -->
            <div class="main-panel-content rounded-window-bottom">
              <div class="method">
                <div class="method-content">
                  <a name="TestBookMark">
                  </a> <!-- TestBookMark -->
                  <span class="method-name">TestBookMark</span>
                  <div class="stack-trace">java.lang.IllegalArgumentException: Invalid key code
	at sun.awt.windows.WRobotPeer.keyPress(Native Method)
	at java.awt.Robot.keyPress(Robot.java:354)
	at com.NexusPortalAutomation.TestCases.Java.BaseClass.readProp(BaseClass.java:80)
... Removed 30 stack frames
</div> <!-- stack-trace -->
                </div> <!-- method-content -->
              </div> <!-- method -->
            </div> <!-- main-panel-content rounded-window-bottom -->
          </div> <!-- suite-Test_Suite_for_Nexus_Portal-class-skipped -->
          <div class="suite-Test_Suite_for_Nexus_Portal-class-skipped">
            <div class="main-panel-header rounded-window-top">
              <img src="skipped.png"/>
              <span class="class-name">com.NexusPortalAutomation.TestCases.Java.TC0020_VerifyDrillBackServices</span>
            </div> <!-- main-panel-header rounded-window-top -->
            <div class="main-panel-content rounded-window-bottom">
              <div class="method">
                <div class="method-content">
                  <a name="TestDrillBackServices">
                  </a> <!-- TestDrillBackServices -->
                  <span class="method-name">TestDrillBackServices</span>
                  <div class="stack-trace">java.lang.IllegalArgumentException: Invalid key code
	at sun.awt.windows.WRobotPeer.keyPress(Native Method)
	at java.awt.Robot.keyPress(Robot.java:354)
	at com.NexusPortalAutomation.TestCases.Java.BaseClass.readProp(BaseClass.java:80)
... Removed 30 stack frames
</div> <!-- stack-trace -->
                </div> <!-- method-content -->
              </div> <!-- method -->
            </div> <!-- main-panel-content rounded-window-bottom -->
          </div> <!-- suite-Test_Suite_for_Nexus_Portal-class-skipped -->
          <div class="suite-Test_Suite_for_Nexus_Portal-class-skipped">
            <div class="main-panel-header rounded-window-top">
              <img src="skipped.png"/>
              <span class="class-name">com.NexusPortalAutomation.TestCases.Java.TC0021_VerifyServicesOrderDetails</span>
            </div> <!-- main-panel-header rounded-window-top -->
            <div class="main-panel-content rounded-window-bottom">
              <div class="method">
                <div class="method-content">
                  <a name="TestServiceOrderDetails">
                  </a> <!-- TestServiceOrderDetails -->
                  <span class="method-name">TestServiceOrderDetails</span>
                  <div class="stack-trace">java.lang.IllegalArgumentException: Invalid key code
	at sun.awt.windows.WRobotPeer.keyPress(Native Method)
	at java.awt.Robot.keyPress(Robot.java:354)
	at com.NexusPortalAutomation.TestCases.Java.BaseClass.readProp(BaseClass.java:80)
... Removed 30 stack frames
</div> <!-- stack-trace -->
                </div> <!-- method-content -->
              </div> <!-- method -->
            </div> <!-- main-panel-content rounded-window-bottom -->
          </div> <!-- suite-Test_Suite_for_Nexus_Portal-class-skipped -->
          <div class="suite-Test_Suite_for_Nexus_Portal-class-skipped">
            <div class="main-panel-header rounded-window-top">
              <img src="skipped.png"/>
              <span class="class-name">com.NexusPortalAutomation.TestCases.Java.TC0014_VerifySecondaryContact</span>
            </div> <!-- main-panel-header rounded-window-top -->
            <div class="main-panel-content rounded-window-bottom">
              <div class="method">
                <div class="method-content">
                  <a name="TestSecondayContact">
                  </a> <!-- TestSecondayContact -->
                  <span class="method-name">TestSecondayContact</span>
                  <div class="stack-trace">java.lang.IllegalArgumentException: Invalid key code
	at sun.awt.windows.WRobotPeer.keyPress(Native Method)
	at java.awt.Robot.keyPress(Robot.java:354)
	at com.NexusPortalAutomation.TestCases.Java.BaseClass.readProp(BaseClass.java:80)
... Removed 30 stack frames
</div> <!-- stack-trace -->
                </div> <!-- method-content -->
              </div> <!-- method -->
            </div> <!-- main-panel-content rounded-window-bottom -->
          </div> <!-- suite-Test_Suite_for_Nexus_Portal-class-skipped -->
          <div class="suite-Test_Suite_for_Nexus_Portal-class-skipped">
            <div class="main-panel-header rounded-window-top">
              <img src="skipped.png"/>
              <span class="class-name">com.NexusPortalAutomation.TestCases.Java.TC0018_VerifyDrillBacksGeneral</span>
            </div> <!-- main-panel-header rounded-window-top -->
            <div class="main-panel-content rounded-window-bottom">
              <div class="method">
                <div class="method-content">
                  <a name="VerifyDrillBacksGeneral">
                  </a> <!-- VerifyDrillBacksGeneral -->
                  <span class="method-name">VerifyDrillBacksGeneral</span>
                  <div class="stack-trace">java.lang.IllegalArgumentException: Invalid key code
	at sun.awt.windows.WRobotPeer.keyPress(Native Method)
	at java.awt.Robot.keyPress(Robot.java:354)
	at com.NexusPortalAutomation.TestCases.Java.BaseClass.readProp(BaseClass.java:80)
... Removed 30 stack frames
</div> <!-- stack-trace -->
                </div> <!-- method-content -->
              </div> <!-- method -->
            </div> <!-- main-panel-content rounded-window-bottom -->
          </div> <!-- suite-Test_Suite_for_Nexus_Portal-class-skipped -->
          <div class="suite-Test_Suite_for_Nexus_Portal-class-skipped">
            <div class="main-panel-header rounded-window-top">
              <img src="skipped.png"/>
              <span class="class-name">com.NexusPortalAutomation.TestCases.Java.TC0019_VerifyDrillBackTransactions</span>
            </div> <!-- main-panel-header rounded-window-top -->
            <div class="main-panel-content rounded-window-bottom">
              <div class="method">
                <div class="method-content">
                  <a name="VerifyDrillBackTransactions">
                  </a> <!-- VerifyDrillBackTransactions -->
                  <span class="method-name">VerifyDrillBackTransactions</span>
                  <div class="stack-trace">java.lang.IllegalArgumentException: Invalid key code
	at sun.awt.windows.WRobotPeer.keyPress(Native Method)
	at java.awt.Robot.keyPress(Robot.java:354)
	at com.NexusPortalAutomation.TestCases.Java.BaseClass.readProp(BaseClass.java:80)
... Removed 30 stack frames
</div> <!-- stack-trace -->
                </div> <!-- method-content -->
              </div> <!-- method -->
            </div> <!-- main-panel-content rounded-window-bottom -->
          </div> <!-- suite-Test_Suite_for_Nexus_Portal-class-skipped -->
          <div class="suite-Test_Suite_for_Nexus_Portal-class-skipped">
            <div class="main-panel-header rounded-window-top">
              <img src="skipped.png"/>
              <span class="class-name">com.NexusPortalAutomation.TestCases.Java.TC0016_VerifyBillingDetails</span>
            </div> <!-- main-panel-header rounded-window-top -->
            <div class="main-panel-content rounded-window-bottom">
              <div class="method">
                <div class="method-content">
                  <a name="VerifyBillingDetails">
                  </a> <!-- VerifyBillingDetails -->
                  <span class="method-name">VerifyBillingDetails</span>
                  <div class="stack-trace">java.lang.IllegalArgumentException: Invalid key code
	at sun.awt.windows.WRobotPeer.keyPress(Native Method)
	at java.awt.Robot.keyPress(Robot.java:354)
	at com.NexusPortalAutomation.TestCases.Java.BaseClass.readProp(BaseClass.java:80)
... Removed 30 stack frames
</div> <!-- stack-trace -->
                </div> <!-- method-content -->
              </div> <!-- method -->
            </div> <!-- main-panel-content rounded-window-bottom -->
          </div> <!-- suite-Test_Suite_for_Nexus_Portal-class-skipped -->
        </div> <!-- panel Test_Suite_for_Nexus_Portal -->
        <div panel-name="test-xml-Test_Suite_for_Nexus_Portal" class="panel">
          <div class="main-panel-header rounded-window-top">
            <span class="header-content">F:\CogsdaleWorkSpace\com.NexusPortalAutomation.Java\testng.xml</span>
          </div> <!-- main-panel-header rounded-window-top -->
          <div class="main-panel-content rounded-window-bottom">
            <pre>
&lt;?xml version=&quot;1.0&quot; encoding=&quot;UTF-8&quot;?&gt;
&lt;!DOCTYPE suite SYSTEM &quot;http://testng.org/testng-1.0.dtd&quot;&gt;
&lt;suite thread-count=&quot;10&quot; guice-stage=&quot;DEVELOPMENT&quot; verbose=&quot;0&quot; name=&quot;Test Suite for Nexus Portal&quot;&gt;
  &lt;listeners&gt;
    &lt;listener class-name=&quot;com.NexusPortalAutomation.Utilities.Java.CustTestNGListener&quot;/&gt;
    &lt;listener class-name=&quot;org.uncommons.reportng.HTMLReporter&quot;/&gt;
    &lt;listener class-name=&quot;org.uncommons.reportng.JUnitXMLReporter&quot;/&gt;
  &lt;/listeners&gt;
  &lt;test thread-count=&quot;5&quot; verbose=&quot;0&quot; name=&quot;NexusTest&quot;&gt;
    &lt;classes&gt;
      &lt;class name=&quot;com.NexusPortalAutomation.TestCases.Java.TC0001_VerifySignInbyID&quot;/&gt;
      &lt;class name=&quot;com.NexusPortalAutomation.TestCases.Java.TC0002_TestSearchAutobyFirstName&quot;/&gt;
      &lt;class name=&quot;com.NexusPortalAutomation.TestCases.Java.TC0003_TestSearchAutobyLastName&quot;/&gt;
      &lt;class name=&quot;com.NexusPortalAutomation.TestCases.Java.TC0004_TestSearchbyRecentFunction&quot;/&gt;
      &lt;class name=&quot;com.NexusPortalAutomation.TestCases.Java.TC0005_TestSearchbyBookMarks&quot;/&gt;
      &lt;class name=&quot;com.NexusPortalAutomation.TestCases.Java.TC0006_TestAlertOnLoad&quot;/&gt;
      &lt;class name=&quot;com.NexusPortalAutomation.TestCases.Java.TC0007_TestSummarySection&quot;/&gt;
      &lt;class name=&quot;com.NexusPortalAutomation.TestCases.Java.TC0008_VerifySignInbyLocationID&quot;/&gt;
      &lt;class name=&quot;com.NexusPortalAutomation.TestCases.Java.TC0009_VerifyAccountSearch&quot;/&gt;
      &lt;class name=&quot;com.NexusPortalAutomation.TestCases.Java.TC0010_VerifyCustomerDetails&quot;/&gt;
      &lt;class name=&quot;com.NexusPortalAutomation.TestCases.Java.TC0011_VerifyBookMark&quot;/&gt;
      &lt;class name=&quot;com.NexusPortalAutomation.TestCases.Java.TC0012_VerifyCreditStatus&quot;/&gt;
      &lt;class name=&quot;com.NexusPortalAutomation.TestCases.Java.TC0013_VerifyContactEdit&quot;/&gt;
      &lt;class name=&quot;com.NexusPortalAutomation.TestCases.Java.TC0014_VerifySecondaryContact&quot;/&gt;
      &lt;class name=&quot;com.NexusPortalAutomation.TestCases.Java.TC0015_VerifyContactLogs&quot;/&gt;
      &lt;class name=&quot;com.NexusPortalAutomation.TestCases.Java.TC0016_VerifyBillingDetails&quot;/&gt;
      &lt;class name=&quot;com.NexusPortalAutomation.TestCases.Java.TC0017_StatementsValue&quot;/&gt;
      &lt;class name=&quot;com.NexusPortalAutomation.TestCases.Java.TC0018_VerifyDrillBacksGeneral&quot;/&gt;
      &lt;class name=&quot;com.NexusPortalAutomation.TestCases.Java.TC0019_VerifyDrillBackTransactions&quot;/&gt;
      &lt;class name=&quot;com.NexusPortalAutomation.TestCases.Java.TC0020_VerifyDrillBackServices&quot;/&gt;
      &lt;class name=&quot;com.NexusPortalAutomation.TestCases.Java.TC0021_VerifyServicesOrderDetails&quot;/&gt;
    &lt;/classes&gt;
  &lt;/test&gt; &lt;!-- NexusTest --&gt;
&lt;/suite&gt; &lt;!-- Test Suite for Nexus Portal --&gt;
            </pre>
          </div> <!-- main-panel-content rounded-window-bottom -->
        </div> <!-- panel -->
        <div panel-name="testlist-Test_Suite_for_Nexus_Portal" class="panel">
          <div class="main-panel-header rounded-window-top">
            <span class="header-content">Tests for Test Suite for Nexus Portal</span>
          </div> <!-- main-panel-header rounded-window-top -->
          <div class="main-panel-content rounded-window-bottom">
            <ul>
              <li>
                <span class="test-name">NexusTest (21 classes)</span>
              </li>
            </ul>
          </div> <!-- main-panel-content rounded-window-bottom -->
        </div> <!-- panel -->
        <div panel-name="group-Test_Suite_for_Nexus_Portal" class="panel">
          <div class="main-panel-header rounded-window-top">
            <span class="header-content">Groups for Test Suite for Nexus Portal</span>
          </div> <!-- main-panel-header rounded-window-top -->
          <div class="main-panel-content rounded-window-bottom">
          </div> <!-- main-panel-content rounded-window-bottom -->
        </div> <!-- panel -->
        <div panel-name="times-Test_Suite_for_Nexus_Portal" class="panel">
          <div class="main-panel-header rounded-window-top">
            <span class="header-content">Times for Test Suite for Nexus Portal</span>
          </div> <!-- main-panel-header rounded-window-top -->
          <div class="main-panel-content rounded-window-bottom">
            <div class="times-div">
              <script type="text/javascript">
suiteTableInitFunctions.push('tableData_Test_Suite_for_Nexus_Portal');
function tableData_Test_Suite_for_Nexus_Portal() {
var data = new google.visualization.DataTable();
data.addColumn('number', 'Number');
data.addColumn('string', 'Method');
data.addColumn('string', 'Class');
data.addColumn('number', 'Time (ms)');
data.addRows(21);
data.setCell(0, 0, 0)
data.setCell(0, 1, 'TestContactLogs')
data.setCell(0, 2, 'com.NexusPortalAutomation.TestCases.Java.TC0015_VerifyContactLogs')
data.setCell(0, 3, 0);
data.setCell(1, 0, 1)
data.setCell(1, 1, 'VerifyBillingDetails')
data.setCell(1, 2, 'com.NexusPortalAutomation.TestCases.Java.TC0016_VerifyBillingDetails')
data.setCell(1, 3, 0);
data.setCell(2, 0, 2)
data.setCell(2, 1, 'TestServiceOrderDetails')
data.setCell(2, 2, 'com.NexusPortalAutomation.TestCases.Java.TC0021_VerifyServicesOrderDetails')
data.setCell(2, 3, 0);
data.setCell(3, 0, 3)
data.setCell(3, 1, 'TestSecondayContact')
data.setCell(3, 2, 'com.NexusPortalAutomation.TestCases.Java.TC0014_VerifySecondaryContact')
data.setCell(3, 3, 0);
data.setCell(4, 0, 4)
data.setCell(4, 1, 'TestSearchAutobyFirstName')
data.setCell(4, 2, 'com.NexusPortalAutomation.TestCases.Java.TC0002_TestSearchAutobyFirstName')
data.setCell(4, 3, 0);
data.setCell(5, 0, 5)
data.setCell(5, 1, 'TestDrillBackServices')
data.setCell(5, 2, 'com.NexusPortalAutomation.TestCases.Java.TC0020_VerifyDrillBackServices')
data.setCell(5, 3, 0);
data.setCell(6, 0, 6)
data.setCell(6, 1, 'VerifyDrillBacksGeneral')
data.setCell(6, 2, 'com.NexusPortalAutomation.TestCases.Java.TC0018_VerifyDrillBacksGeneral')
data.setCell(6, 3, 0);
data.setCell(7, 0, 7)
data.setCell(7, 1, 'TestSearchAutobyRecent')
data.setCell(7, 2, 'com.NexusPortalAutomation.TestCases.Java.TC0004_TestSearchbyRecentFunction')
data.setCell(7, 3, 0);
data.setCell(8, 0, 8)
data.setCell(8, 1, 'TestCustomerDetails')
data.setCell(8, 2, 'com.NexusPortalAutomation.TestCases.Java.TC0010_VerifyCustomerDetails')
data.setCell(8, 3, 0);
data.setCell(9, 0, 9)
data.setCell(9, 1, 'TestCreditStatus')
data.setCell(9, 2, 'com.NexusPortalAutomation.TestCases.Java.TC0012_VerifyCreditStatus')
data.setCell(9, 3, 0);
data.setCell(10, 0, 10)
data.setCell(10, 1, 'TestSearchAutobyLastName')
data.setCell(10, 2, 'com.NexusPortalAutomation.TestCases.Java.TC0003_TestSearchAutobyLastName')
data.setCell(10, 3, 0);
data.setCell(11, 0, 11)
data.setCell(11, 1, 'TestBookMark')
data.setCell(11, 2, 'com.NexusPortalAutomation.TestCases.Java.TC0011_VerifyBookMark')
data.setCell(11, 3, 0);
data.setCell(12, 0, 12)
data.setCell(12, 1, 'TestSearchAlertOnLoad')
data.setCell(12, 2, 'com.NexusPortalAutomation.TestCases.Java.TC0006_TestAlertOnLoad')
data.setCell(12, 3, 0);
data.setCell(13, 0, 13)
data.setCell(13, 1, 'TestSearchAccount')
data.setCell(13, 2, 'com.NexusPortalAutomation.TestCases.Java.TC0009_VerifyAccountSearch')
data.setCell(13, 3, 0);
data.setCell(14, 0, 14)
data.setCell(14, 1, 'VerifyDrillBackTransactions')
data.setCell(14, 2, 'com.NexusPortalAutomation.TestCases.Java.TC0019_VerifyDrillBackTransactions')
data.setCell(14, 3, 0);
data.setCell(15, 0, 15)
data.setCell(15, 1, 'TestBillingStatements')
data.setCell(15, 2, 'com.NexusPortalAutomation.TestCases.Java.TC0017_StatementsValue')
data.setCell(15, 3, 0);
data.setCell(16, 0, 16)
data.setCell(16, 1, 'TestContactEdit')
data.setCell(16, 2, 'com.NexusPortalAutomation.TestCases.Java.TC0013_VerifyContactEdit')
data.setCell(16, 3, 0);
data.setCell(17, 0, 17)
data.setCell(17, 1, 'TestSearchID')
data.setCell(17, 2, 'com.NexusPortalAutomation.TestCases.Java.TC0001_VerifySignInbyID')
data.setCell(17, 3, 0);
data.setCell(18, 0, 18)
data.setCell(18, 1, 'TestSearchbyLocationID')
data.setCell(18, 2, 'com.NexusPortalAutomation.TestCases.Java.TC0008_VerifySignInbyLocationID')
data.setCell(18, 3, 0);
data.setCell(19, 0, 19)
data.setCell(19, 1, 'TestSummarySectionOnChange')
data.setCell(19, 2, 'com.NexusPortalAutomation.TestCases.Java.TC0007_TestSummarySection')
data.setCell(19, 3, 0);
data.setCell(20, 0, 20)
data.setCell(20, 1, 'TestSearchAutobyBookMark')
data.setCell(20, 2, 'com.NexusPortalAutomation.TestCases.Java.TC0005_TestSearchbyBookMarks')
data.setCell(20, 3, 0);
window.suiteTableData['Test_Suite_for_Nexus_Portal']= { tableData: data, tableDiv: 'times-div-Test_Suite_for_Nexus_Portal'}
return data;
}
              </script>
              <span class="suite-total-time">Total running time: 0 ms</span>
              <div id="times-div-Test_Suite_for_Nexus_Portal">
              </div> <!-- times-div-Test_Suite_for_Nexus_Portal -->
            </div> <!-- times-div -->
          </div> <!-- main-panel-content rounded-window-bottom -->
        </div> <!-- panel -->
        <div panel-name="reporter-Test_Suite_for_Nexus_Portal" class="panel">
          <div class="main-panel-header rounded-window-top">
            <span class="header-content">Reporter output for Test Suite for Nexus Portal</span>
          </div> <!-- main-panel-header rounded-window-top -->
          <div class="main-panel-content rounded-window-bottom">
          </div> <!-- main-panel-content rounded-window-bottom -->
        </div> <!-- panel -->
        <div panel-name="ignored-methods-Test_Suite_for_Nexus_Portal" class="panel">
          <div class="main-panel-header rounded-window-top">
            <span class="header-content">0 ignored methods</span>
          </div> <!-- main-panel-header rounded-window-top -->
          <div class="main-panel-content rounded-window-bottom">
          </div> <!-- main-panel-content rounded-window-bottom -->
        </div> <!-- panel -->
        <div panel-name="chronological-Test_Suite_for_Nexus_Portal" class="panel">
          <div class="main-panel-header rounded-window-top">
            <span class="header-content">Methods in chronological order</span>
          </div> <!-- main-panel-header rounded-window-top -->
          <div class="main-panel-content rounded-window-bottom">
            <div class="chronological-class">
              <div class="chronological-class-name">com.NexusPortalAutomation.TestCases.Java.TC0011_VerifyBookMark</div> <!-- chronological-class-name -->
              <div class="test-method">
                <span class="method-name">TestBookMark</span>
                <span class="method-start">0 ms</span>
              </div> <!-- test-method -->
            </div> <!-- chronological-class -->
            <div class="chronological-class">
              <div class="chronological-class-name">com.NexusPortalAutomation.TestCases.Java.TC0019_VerifyDrillBackTransactions</div> <!-- chronological-class-name -->
              <div class="test-method">
                <span class="method-name">VerifyDrillBackTransactions</span>
                <span class="method-start">0 ms</span>
              </div> <!-- test-method -->
            </div> <!-- chronological-class -->
            <div class="chronological-class">
              <div class="chronological-class-name">com.NexusPortalAutomation.TestCases.Java.TC0020_VerifyDrillBackServices</div> <!-- chronological-class-name -->
              <div class="test-method">
                <span class="method-name">TestDrillBackServices</span>
                <span class="method-start">0 ms</span>
              </div> <!-- test-method -->
            </div> <!-- chronological-class -->
            <div class="chronological-class">
              <div class="chronological-class-name">com.NexusPortalAutomation.TestCases.Java.TC0021_VerifyServicesOrderDetails</div> <!-- chronological-class-name -->
              <div class="test-method">
                <span class="method-name">TestServiceOrderDetails</span>
                <span class="method-start">0 ms</span>
              </div> <!-- test-method -->
            </div> <!-- chronological-class -->
            <div class="chronological-class">
              <div class="chronological-class-name">com.NexusPortalAutomation.TestCases.Java.TC0010_VerifyCustomerDetails</div> <!-- chronological-class-name -->
              <div class="test-method">
                <span class="method-name">TestCustomerDetails</span>
                <span class="method-start">0 ms</span>
              </div> <!-- test-method -->
            </div> <!-- chronological-class -->
            <div class="chronological-class">
              <div class="chronological-class-name">com.NexusPortalAutomation.TestCases.Java.TC0018_VerifyDrillBacksGeneral</div> <!-- chronological-class-name -->
              <div class="test-method">
                <span class="method-name">VerifyDrillBacksGeneral</span>
                <span class="method-start">0 ms</span>
              </div> <!-- test-method -->
            </div> <!-- chronological-class -->
            <div class="chronological-class">
              <div class="chronological-class-name">com.NexusPortalAutomation.TestCases.Java.TC0009_VerifyAccountSearch</div> <!-- chronological-class-name -->
              <div class="test-method">
                <span class="method-name">TestSearchAccount</span>
                <span class="method-start">0 ms</span>
              </div> <!-- test-method -->
            </div> <!-- chronological-class -->
            <div class="chronological-class">
              <div class="chronological-class-name">com.NexusPortalAutomation.TestCases.Java.TC0017_StatementsValue</div> <!-- chronological-class-name -->
              <div class="test-method">
                <span class="method-name">TestBillingStatements</span>
                <span class="method-start">0 ms</span>
              </div> <!-- test-method -->
            </div> <!-- chronological-class -->
            <div class="chronological-class">
              <div class="chronological-class-name">com.NexusPortalAutomation.TestCases.Java.TC0008_VerifySignInbyLocationID</div> <!-- chronological-class-name -->
              <div class="test-method">
                <span class="method-name">TestSearchbyLocationID</span>
                <span class="method-start">0 ms</span>
              </div> <!-- test-method -->
            </div> <!-- chronological-class -->
            <div class="chronological-class">
              <div class="chronological-class-name">com.NexusPortalAutomation.TestCases.Java.TC0015_VerifyContactLogs</div> <!-- chronological-class-name -->
              <div class="test-method">
                <span class="method-name">TestContactLogs</span>
                <span class="method-start">0 ms</span>
              </div> <!-- test-method -->
            </div> <!-- chronological-class -->
            <div class="chronological-class">
              <div class="chronological-class-name">com.NexusPortalAutomation.TestCases.Java.TC0016_VerifyBillingDetails</div> <!-- chronological-class-name -->
              <div class="test-method">
                <span class="method-name">VerifyBillingDetails</span>
                <span class="method-start">0 ms</span>
              </div> <!-- test-method -->
            </div> <!-- chronological-class -->
            <div class="chronological-class">
              <div class="chronological-class-name">com.NexusPortalAutomation.TestCases.Java.TC0013_VerifyContactEdit</div> <!-- chronological-class-name -->
              <div class="test-method">
                <span class="method-name">TestContactEdit</span>
                <span class="method-start">0 ms</span>
              </div> <!-- test-method -->
            </div> <!-- chronological-class -->
            <div class="chronological-class">
              <div class="chronological-class-name">com.NexusPortalAutomation.TestCases.Java.TC0014_VerifySecondaryContact</div> <!-- chronological-class-name -->
              <div class="test-method">
                <span class="method-name">TestSecondayContact</span>
                <span class="method-start">0 ms</span>
              </div> <!-- test-method -->
            </div> <!-- chronological-class -->
            <div class="chronological-class">
              <div class="chronological-class-name">com.NexusPortalAutomation.TestCases.Java.TC0012_VerifyCreditStatus</div> <!-- chronological-class-name -->
              <div class="test-method">
                <span class="method-name">TestCreditStatus</span>
                <span class="method-start">0 ms</span>
              </div> <!-- test-method -->
            </div> <!-- chronological-class -->
            <div class="chronological-class">
              <div class="chronological-class-name">com.NexusPortalAutomation.TestCases.Java.TC0001_VerifySignInbyID</div> <!-- chronological-class-name -->
              <div class="test-method">
                <span class="method-name">TestSearchID</span>
                <span class="method-start">0 ms</span>
              </div> <!-- test-method -->
            </div> <!-- chronological-class -->
            <div class="chronological-class">
              <div class="chronological-class-name">com.NexusPortalAutomation.TestCases.Java.TC0004_TestSearchbyRecentFunction</div> <!-- chronological-class-name -->
              <div class="test-method">
                <span class="method-name">TestSearchAutobyRecent</span>
                <span class="method-start">0 ms</span>
              </div> <!-- test-method -->
            </div> <!-- chronological-class -->
            <div class="chronological-class">
              <div class="chronological-class-name">com.NexusPortalAutomation.TestCases.Java.TC0005_TestSearchbyBookMarks</div> <!-- chronological-class-name -->
              <div class="test-method">
                <span class="method-name">TestSearchAutobyBookMark</span>
                <span class="method-start">0 ms</span>
              </div> <!-- test-method -->
            </div> <!-- chronological-class -->
            <div class="chronological-class">
              <div class="chronological-class-name">com.NexusPortalAutomation.TestCases.Java.TC0006_TestAlertOnLoad</div> <!-- chronological-class-name -->
              <div class="test-method">
                <span class="method-name">TestSearchAlertOnLoad</span>
                <span class="method-start">0 ms</span>
              </div> <!-- test-method -->
            </div> <!-- chronological-class -->
            <div class="chronological-class">
              <div class="chronological-class-name">com.NexusPortalAutomation.TestCases.Java.TC0007_TestSummarySection</div> <!-- chronological-class-name -->
              <div class="test-method">
                <span class="method-name">TestSummarySectionOnChange</span>
                <span class="method-start">0 ms</span>
              </div> <!-- test-method -->
            </div> <!-- chronological-class -->
            <div class="chronological-class">
              <div class="chronological-class-name">com.NexusPortalAutomation.TestCases.Java.TC0002_TestSearchAutobyFirstName</div> <!-- chronological-class-name -->
              <div class="test-method">
                <span class="method-name">TestSearchAutobyFirstName</span>
                <span class="method-start">0 ms</span>
              </div> <!-- test-method -->
            </div> <!-- chronological-class -->
            <div class="chronological-class">
              <div class="chronological-class-name">com.NexusPortalAutomation.TestCases.Java.TC0003_TestSearchAutobyLastName</div> <!-- chronological-class-name -->
              <div class="test-method">
                <span class="method-name">TestSearchAutobyLastName</span>
                <span class="method-start">0 ms</span>
              </div> <!-- test-method -->
            </div> <!-- chronological-class -->
            <div class="chronological-class">
              <div class="chronological-class-name">com.NexusPortalAutomation.TestCases.Java.TC0011_VerifyBookMark</div> <!-- chronological-class-name -->
              <div class="configuration-class before">
                <img src="failed.png">
                </img>
                <span class="method-name">readProp(org.testng.TestRunner@6d3af739)</span>
                <span class="method-start">0 ms</span>
              </div> <!-- configuration-class before -->
            </div> <!-- chronological-class -->
            <div class="chronological-class">
              <div class="chronological-class-name">com.NexusPortalAutomation.TestCases.Java.TC0019_VerifyDrillBackTransactions</div> <!-- chronological-class-name -->
              <div class="configuration-class before">
                <img src="failed.png">
                </img>
                <span class="method-name">readProp(org.testng.TestRunner@6d3af739)</span>
                <span class="method-start">109 ms</span>
              </div> <!-- configuration-class before -->
            </div> <!-- chronological-class -->
            <div class="chronological-class">
              <div class="chronological-class-name">com.NexusPortalAutomation.TestCases.Java.TC0020_VerifyDrillBackServices</div> <!-- chronological-class-name -->
              <div class="configuration-class before">
                <img src="failed.png">
                </img>
                <span class="method-name">readProp(org.testng.TestRunner@6d3af739)</span>
                <span class="method-start">109 ms</span>
              </div> <!-- configuration-class before -->
            </div> <!-- chronological-class -->
            <div class="chronological-class">
              <div class="chronological-class-name">com.NexusPortalAutomation.TestCases.Java.TC0021_VerifyServicesOrderDetails</div> <!-- chronological-class-name -->
              <div class="configuration-class before">
                <img src="failed.png">
                </img>
                <span class="method-name">readProp(org.testng.TestRunner@6d3af739)</span>
                <span class="method-start">109 ms</span>
              </div> <!-- configuration-class before -->
            </div> <!-- chronological-class -->
            <div class="chronological-class">
              <div class="chronological-class-name">com.NexusPortalAutomation.TestCases.Java.TC0010_VerifyCustomerDetails</div> <!-- chronological-class-name -->
              <div class="configuration-class before">
                <img src="failed.png">
                </img>
                <span class="method-name">readProp(org.testng.TestRunner@6d3af739)</span>
                <span class="method-start">109 ms</span>
              </div> <!-- configuration-class before -->
            </div> <!-- chronological-class -->
            <div class="chronological-class">
              <div class="chronological-class-name">com.NexusPortalAutomation.TestCases.Java.TC0018_VerifyDrillBacksGeneral</div> <!-- chronological-class-name -->
              <div class="configuration-class before">
                <img src="failed.png">
                </img>
                <span class="method-name">readProp(org.testng.TestRunner@6d3af739)</span>
                <span class="method-start">125 ms</span>
              </div> <!-- configuration-class before -->
            </div> <!-- chronological-class -->
            <div class="chronological-class">
              <div class="chronological-class-name">com.NexusPortalAutomation.TestCases.Java.TC0009_VerifyAccountSearch</div> <!-- chronological-class-name -->
              <div class="configuration-class before">
                <img src="failed.png">
                </img>
                <span class="method-name">readProp(org.testng.TestRunner@6d3af739)</span>
                <span class="method-start">125 ms</span>
              </div> <!-- configuration-class before -->
            </div> <!-- chronological-class -->
            <div class="chronological-class">
              <div class="chronological-class-name">com.NexusPortalAutomation.TestCases.Java.TC0017_StatementsValue</div> <!-- chronological-class-name -->
              <div class="configuration-class before">
                <img src="failed.png">
                </img>
                <span class="method-name">readProp(org.testng.TestRunner@6d3af739)</span>
                <span class="method-start">125 ms</span>
              </div> <!-- configuration-class before -->
            </div> <!-- chronological-class -->
            <div class="chronological-class">
              <div class="chronological-class-name">com.NexusPortalAutomation.TestCases.Java.TC0008_VerifySignInbyLocationID</div> <!-- chronological-class-name -->
              <div class="configuration-class before">
                <img src="failed.png">
                </img>
                <span class="method-name">readProp(org.testng.TestRunner@6d3af739)</span>
                <span class="method-start">125 ms</span>
              </div> <!-- configuration-class before -->
            </div> <!-- chronological-class -->
            <div class="chronological-class">
              <div class="chronological-class-name">com.NexusPortalAutomation.TestCases.Java.TC0015_VerifyContactLogs</div> <!-- chronological-class-name -->
              <div class="configuration-class before">
                <img src="failed.png">
                </img>
                <span class="method-name">readProp(org.testng.TestRunner@6d3af739)</span>
                <span class="method-start">125 ms</span>
              </div> <!-- configuration-class before -->
            </div> <!-- chronological-class -->
            <div class="chronological-class">
              <div class="chronological-class-name">com.NexusPortalAutomation.TestCases.Java.TC0016_VerifyBillingDetails</div> <!-- chronological-class-name -->
              <div class="configuration-class before">
                <img src="failed.png">
                </img>
                <span class="method-name">readProp(org.testng.TestRunner@6d3af739)</span>
                <span class="method-start">125 ms</span>
              </div> <!-- configuration-class before -->
            </div> <!-- chronological-class -->
            <div class="chronological-class">
              <div class="chronological-class-name">com.NexusPortalAutomation.TestCases.Java.TC0013_VerifyContactEdit</div> <!-- chronological-class-name -->
              <div class="configuration-class before">
                <img src="failed.png">
                </img>
                <span class="method-name">readProp(org.testng.TestRunner@6d3af739)</span>
                <span class="method-start">125 ms</span>
              </div> <!-- configuration-class before -->
            </div> <!-- chronological-class -->
            <div class="chronological-class">
              <div class="chronological-class-name">com.NexusPortalAutomation.TestCases.Java.TC0014_VerifySecondaryContact</div> <!-- chronological-class-name -->
              <div class="configuration-class before">
                <img src="failed.png">
                </img>
                <span class="method-name">readProp(org.testng.TestRunner@6d3af739)</span>
                <span class="method-start">140 ms</span>
              </div> <!-- configuration-class before -->
            </div> <!-- chronological-class -->
            <div class="chronological-class">
              <div class="chronological-class-name">com.NexusPortalAutomation.TestCases.Java.TC0012_VerifyCreditStatus</div> <!-- chronological-class-name -->
              <div class="configuration-class before">
                <img src="failed.png">
                </img>
                <span class="method-name">readProp(org.testng.TestRunner@6d3af739)</span>
                <span class="method-start">140 ms</span>
              </div> <!-- configuration-class before -->
            </div> <!-- chronological-class -->
            <div class="chronological-class">
              <div class="chronological-class-name">com.NexusPortalAutomation.TestCases.Java.TC0001_VerifySignInbyID</div> <!-- chronological-class-name -->
              <div class="configuration-class before">
                <img src="failed.png">
                </img>
                <span class="method-name">readProp(org.testng.TestRunner@6d3af739)</span>
                <span class="method-start">140 ms</span>
              </div> <!-- configuration-class before -->
            </div> <!-- chronological-class -->
            <div class="chronological-class">
              <div class="chronological-class-name">com.NexusPortalAutomation.TestCases.Java.TC0004_TestSearchbyRecentFunction</div> <!-- chronological-class-name -->
              <div class="configuration-class before">
                <img src="failed.png">
                </img>
                <span class="method-name">readProp(org.testng.TestRunner@6d3af739)</span>
                <span class="method-start">140 ms</span>
              </div> <!-- configuration-class before -->
            </div> <!-- chronological-class -->
            <div class="chronological-class">
              <div class="chronological-class-name">com.NexusPortalAutomation.TestCases.Java.TC0005_TestSearchbyBookMarks</div> <!-- chronological-class-name -->
              <div class="configuration-class before">
                <img src="failed.png">
                </img>
                <span class="method-name">readProp(org.testng.TestRunner@6d3af739)</span>
                <span class="method-start">140 ms</span>
              </div> <!-- configuration-class before -->
            </div> <!-- chronological-class -->
            <div class="chronological-class">
              <div class="chronological-class-name">com.NexusPortalAutomation.TestCases.Java.TC0006_TestAlertOnLoad</div> <!-- chronological-class-name -->
              <div class="configuration-class before">
                <img src="failed.png">
                </img>
                <span class="method-name">readProp(org.testng.TestRunner@6d3af739)</span>
                <span class="method-start">140 ms</span>
              </div> <!-- configuration-class before -->
            </div> <!-- chronological-class -->
            <div class="chronological-class">
              <div class="chronological-class-name">com.NexusPortalAutomation.TestCases.Java.TC0007_TestSummarySection</div> <!-- chronological-class-name -->
              <div class="configuration-class before">
                <img src="failed.png">
                </img>
                <span class="method-name">readProp(org.testng.TestRunner@6d3af739)</span>
                <span class="method-start">140 ms</span>
              </div> <!-- configuration-class before -->
            </div> <!-- chronological-class -->
            <div class="chronological-class">
              <div class="chronological-class-name">com.NexusPortalAutomation.TestCases.Java.TC0002_TestSearchAutobyFirstName</div> <!-- chronological-class-name -->
              <div class="configuration-class before">
                <img src="failed.png">
                </img>
                <span class="method-name">readProp(org.testng.TestRunner@6d3af739)</span>
                <span class="method-start">156 ms</span>
              </div> <!-- configuration-class before -->
            </div> <!-- chronological-class -->
            <div class="chronological-class">
              <div class="chronological-class-name">com.NexusPortalAutomation.TestCases.Java.TC0003_TestSearchAutobyLastName</div> <!-- chronological-class-name -->
              <div class="configuration-class before">
                <img src="failed.png">
                </img>
                <span class="method-name">readProp(org.testng.TestRunner@6d3af739)</span>
                <span class="method-start">156 ms</span>
              </div> <!-- configuration-class before -->
          </div> <!-- main-panel-content rounded-window-bottom -->
        </div> <!-- panel -->
      </div> <!-- main-panel-root -->
    </div> <!-- wrapper -->
  </body>
</html>
