<?xml version="1.0" encoding="UTF-8"?>
<testsuite name="all-tests"
           tests="1"
           failures="1"
           errors="0"
           skipped="0"
           time="22.015">
  <properties />
            <testcase name="VerifyBillingDetails_budgetSPA" time="22.015" classname="com.NexusPortalAutomation.TestCases.Java.TC0016_1_VerifyBillingDetails_Budget_SPA">
                <failure type="java.lang.AssertionError"
                  message="Strings: cogsdrillback://DGPB/?Db=SQL_2017&amp;Srv=RND-BASE-A&amp;Cmp=TWO&amp;Prod=229&amp;Act=OPEN&amp;Func=BudgetRegular&amp;DocumentNumber=BUDG00000002700&amp;LocationID=LOC@0001&amp;CustomerID=0000011111&amp;CogsDrillback=1 does&apos;nt contains  BudgetRegular&amp;DocumentNumber=BUDG00000002700&amp;locationID=LOC@0001&amp;customerId=0000011111&amp;CogsDrillback=1"
              >
<![CDATA[java.lang.AssertionError: Strings: cogsdrillback://DGPB/?Db=SQL_2017&Srv=RND-BASE-A&Cmp=TWO&Prod=229&Act=OPEN&Func=BudgetRegular&DocumentNumber=BUDG00000002700&LocationID=LOC@0001&CustomerID=0000011111&CogsDrillback=1 does'nt contains  BudgetRegular&DocumentNumber=BUDG00000002700&locationID=LOC@0001&customerId=0000011111&CogsDrillback=1
  org.testng.Assert.fail(Assert.java:96)
  com.NexusPortalAutomation.Utilities.Java.CommonMethods.verifyStringContains(CommonMethods.java:122)
  com.NexusPortalAutomation.TestCases.Java.TC0016_1_VerifyBillingDetails_Budget_SPA.VerifyBillingDetails_budgetSPA(TC0016_1_VerifyBillingDetails_Budget_SPA.java:64)
  sun.reflect.NativeMethodAccessorImpl.invoke0(Native Method)
  sun.reflect.NativeMethodAccessorImpl.invoke(NativeMethodAccessorImpl.java:62)
  sun.reflect.DelegatingMethodAccessorImpl.invoke(DelegatingMethodAccessorImpl.java:43)
  java.lang.reflect.Method.invoke(Method.java:498)
  org.testng.internal.MethodInvocationHelper.invokeMethod(MethodInvocationHelper.java:124)
  org.testng.internal.Invoker.invokeMethod(Invoker.java:583)
  org.testng.internal.Invoker.invokeTestMethod(Invoker.java:719)
  org.testng.internal.Invoker.invokeTestMethods(Invoker.java:989)
  org.testng.internal.TestMethodWorker.invokeTestMethods(TestMethodWorker.java:125)
  org.testng.internal.TestMethodWorker.run(TestMethodWorker.java:109)
  org.testng.TestRunner.privateRun(TestRunner.java:648)
  org.testng.TestRunner.run(TestRunner.java:505)
  org.testng.SuiteRunner.runTest(SuiteRunner.java:455)
  org.testng.SuiteRunner.runSequentially(SuiteRunner.java:450)
  org.testng.SuiteRunner.privateRun(SuiteRunner.java:415)
  org.testng.SuiteRunner.run(SuiteRunner.java:364)
  org.testng.SuiteRunnerWorker.runSuite(SuiteRunnerWorker.java:52)
  org.testng.SuiteRunnerWorker.run(SuiteRunnerWorker.java:84)
  org.testng.TestNG.runSuitesSequentially(TestNG.java:1208)
  org.testng.TestNG.runSuitesLocally(TestNG.java:1137)
  org.testng.TestNG.runSuites(TestNG.java:1049)
  org.testng.TestNG.run(TestNG.java:1017)
  org.testng.remote.AbstractRemoteTestNG.run(AbstractRemoteTestNG.java:114)
  org.testng.remote.RemoteTestNG.initAndRun(RemoteTestNG.java:251)
  org.testng.remote.RemoteTestNG.main(RemoteTestNG.java:77)
]]>
      </failure>

          </testcase>
  
  
  
</testsuite>
